npx solidity-coverage
qui 12 nov 2020 01:35:47 -03
Truffle v5.0.20 (core: 5.0.20)
Solidity - 0.5.0 (solc-js)
Node v10.15.3
Web3.js v1.0.0-beta.37
Generating coverage environment
Running: truffle compile  
(this can take a few seconds)...

Compiling your contracts...
===========================
> Compiling ./contracts/Migrations.sol
> Compiling ./contracts/SupplyChain.sol
> Compiling ./contracts/SupplyChainState.sol
> Artifacts written to /home/fabianorodrigo/Projetos/bitbucket/solidity-test/workdir/MarketSample/coverageEnv/build/contracts
> Compiled successfully using:
   - solc: 0.5.8+commit.23d335f2.Emscripten.clang

Skipping instrumentation of  ./coverageEnv/contracts/Migrations.sol
Instrumenting  ./coverageEnv/contracts/SupplyChain.sol
Instrumenting  ./coverageEnv/contracts/SupplyChainState.sol
Running: truffle compile  
(this can take a few seconds)...

Compiling your contracts...
===========================
> Compiling ./contracts/Migrations.sol
> Compiling ./contracts/SupplyChain.sol
> Compiling ./contracts/SupplyChainState.sol
> Artifacts written to /home/fabianorodrigo/Projetos/bitbucket/solidity-test/workdir/MarketSample/coverageEnv/build/contracts
> Compiled successfully using:
   - solc: 0.5.8+commit.23d335f2.Emscripten.clang

Launched testrpc on port 8555
Running: truffle test  
(this can take a few seconds)...
Using network 'development'.


Compiling your contracts...
===========================
> Everything is up to date, there is nothing to compile.


[0m[0m
[0m  Contract: SupplyChain[0m
  [32m  ✓[0m[90m Should execute addItem(string,uint)[0m[31m (95ms)[0m
  [32m  ✓[0m[90m Should execute buyItem(uint) WHEN msg.value>=sku[0m[31m (82ms)[0m
  [32m  ✓[0m[90m Should fail buyItem(uint) when NOT comply with: msg.value >= sku[0m[33m (70ms)[0m
  [31m  1) Should execute shipItem(uint)[0m
    > No events were emitted
  [31m  2) Should execute receiveItem(uint)[0m
    > No events were emitted
  [32m  ✓[0m[90m Should execute fetchItem(uint)[0m[33m (38ms)[0m


[92m [0m[32m 4 passing[0m[90m (2s)[0m
[31m  2 failing[0m

[0m  1) Contract: SupplyChain
       Should execute shipItem(uint):
[0m[31m     Error: Returned error: VM Exception while processing transaction: revert[0m[90m
      at Object.ErrorResponse (/home/fabianorodrigo/Projetos/bitbucket/solidity-test/workdir/MarketSample/node_modules/truffle/build/webpack:/~/web3-eth/~/web3-core-helpers/src/errors.js:29:1)
      at /home/fabianorodrigo/Projetos/bitbucket/solidity-test/workdir/MarketSample/node_modules/truffle/build/webpack:/~/web3-eth/~/web3-core-requestmanager/src/index.js:140:1
      at /home/fabianorodrigo/Projetos/bitbucket/solidity-test/workdir/MarketSample/node_modules/truffle/build/webpack:/packages/truffle-provider/wrapper.js:112:1
      at XMLHttpRequest.request.onreadystatechange (/home/fabianorodrigo/Projetos/bitbucket/solidity-test/workdir/MarketSample/node_modules/truffle/build/webpack:/~/web3/~/web3-providers-http/src/index.js:96:1)
      at XMLHttpRequestEventTarget.dispatchEvent (/home/fabianorodrigo/Projetos/bitbucket/solidity-test/workdir/MarketSample/node_modules/truffle/build/webpack:/~/xhr2-cookies/dist/xml-http-request-event-target.js:34:1)
      at XMLHttpRequest._setReadyState (/home/fabianorodrigo/Projetos/bitbucket/solidity-test/workdir/MarketSample/node_modules/truffle/build/webpack:/~/xhr2-cookies/dist/xml-http-request.js:208:1)
      at XMLHttpRequest._onHttpResponseEnd (/home/fabianorodrigo/Projetos/bitbucket/solidity-test/workdir/MarketSample/node_modules/truffle/build/webpack:/~/xhr2-cookies/dist/xml-http-request.js:318:1)
      at IncomingMessage.<anonymous> (/home/fabianorodrigo/Projetos/bitbucket/solidity-test/workdir/MarketSample/node_modules/truffle/build/webpack:/~/xhr2-cookies/dist/xml-http-request.js:289:47)
      at endReadableNT (_stream_readable.js:1125:12)
      at process._tickCallback (internal/process/next_tick.js:63:19)
[0m
[0m  2) Contract: SupplyChain
       Should execute receiveItem(uint):
[0m[31m     Error: Returned error: VM Exception while processing transaction: revert[0m[90m
      at Object.ErrorResponse (/home/fabianorodrigo/Projetos/bitbucket/solidity-test/workdir/MarketSample/node_modules/truffle/build/webpack:/~/web3-eth/~/web3-core-helpers/src/errors.js:29:1)
      at /home/fabianorodrigo/Projetos/bitbucket/solidity-test/workdir/MarketSample/node_modules/truffle/build/webpack:/~/web3-eth/~/web3-core-requestmanager/src/index.js:140:1
      at /home/fabianorodrigo/Projetos/bitbucket/solidity-test/workdir/MarketSample/node_modules/truffle/build/webpack:/packages/truffle-provider/wrapper.js:112:1
      at XMLHttpRequest.request.onreadystatechange (/home/fabianorodrigo/Projetos/bitbucket/solidity-test/workdir/MarketSample/node_modules/truffle/build/webpack:/~/web3/~/web3-providers-http/src/index.js:96:1)
      at XMLHttpRequestEventTarget.dispatchEvent (/home/fabianorodrigo/Projetos/bitbucket/solidity-test/workdir/MarketSample/node_modules/truffle/build/webpack:/~/xhr2-cookies/dist/xml-http-request-event-target.js:34:1)
      at XMLHttpRequest._setReadyState (/home/fabianorodrigo/Projetos/bitbucket/solidity-test/workdir/MarketSample/node_modules/truffle/build/webpack:/~/xhr2-cookies/dist/xml-http-request.js:208:1)
      at XMLHttpRequest._onHttpResponseEnd (/home/fabianorodrigo/Projetos/bitbucket/solidity-test/workdir/MarketSample/node_modules/truffle/build/webpack:/~/xhr2-cookies/dist/xml-http-request.js:318:1)
      at IncomingMessage.<anonymous> (/home/fabianorodrigo/Projetos/bitbucket/solidity-test/workdir/MarketSample/node_modules/truffle/build/webpack:/~/xhr2-cookies/dist/xml-http-request.js:289:47)
      at endReadableNT (_stream_readable.js:1125:12)
      at process._tickCallback (internal/process/next_tick.js:63:19)
[0m


-----------------------|----------|----------|----------|----------|----------------|
File                   |  % Stmts | % Branch |  % Funcs |  % Lines |Uncovered Lines |
-----------------------|----------|----------|----------|----------|----------------|
 contracts/            |    76.67 |    35.71 |    64.29 |    68.42 |                |
  SupplyChain.sol      |    76.67 |    35.71 |    64.29 |    68.42 |... 101,107,108 |
  SupplyChainState.sol |      100 |      100 |      100 |      100 |                |
-----------------------|----------|----------|----------|----------|----------------|
All files              |    76.67 |    35.71 |    64.29 |    68.42 |                |
-----------------------|----------|----------|----------|----------|----------------|

Istanbul coverage reports generated
Cleaning up...
Shutting down testrpc-sc (pid 486085)
Some truffle tests failed while running coverage
