npx solidity-coverage
qua 11 nov 2020 01:45:29 -03
Truffle v5.0.22 (core: 5.0.22)
Solidity - 0.5.0 (solc-js)
Node v10.15.3
Web3.js v1.0.0-beta.37
Generating coverage environment
Running: truffle compile --network coverage 
(this can take a few seconds)...

Compiling your contracts...
===========================
> Compiling ./contracts/Aiakos.sol
> Compiling ./contracts/Migrations.sol
> Compiling ./contracts/Releases.sol
> Compiling ./contracts/proxy4tests/Releases.sol
> Compiling openzeppelin-solidity/contracts/access/Roles.sol
> Compiling openzeppelin-solidity/contracts/ownership/Ownable.sol

    > compilation warnings encountered:

/home/fabianorodrigo/Projetos/bitbucket/solidity-test/workdir/aiakos-contracts/coverageEnv/contracts/proxy4tests/Releases.sol:1:1: Warning: Experimental features are turned on. Do not use experimental features on live deployments.
pragma experimental ABIEncoderV2;
^-------------------------------^
,/home/fabianorodrigo/Projetos/bitbucket/solidity-test/workdir/aiakos-contracts/coverageEnv/contracts/proxy4tests/Releases.sol:1:1: Warning: Source file does not specify required compiler version! Consider adding "pragma solidity ^0.5.0;"
pragma experimental ABIEncoderV2;
^ (Relevant source part starts here and spans across multiple lines).

> Artifacts written to /home/fabianorodrigo/Projetos/bitbucket/solidity-test/workdir/aiakos-contracts/coverageEnv/build/contracts
> Compiled successfully using:
   - solc: 0.5.0+commit.1d4f565a.Emscripten.clang

Instrumenting  ./coverageEnv/contracts/Aiakos.sol
Skipping instrumentation of  ./coverageEnv/contracts/Migrations.sol
Instrumenting  ./coverageEnv/contracts/proxy4tests/Releases.sol
Instrumenting  ./coverageEnv/contracts/Releases.sol
Running: truffle compile --network coverage 
(this can take a few seconds)...

Compiling your contracts...
===========================
> Compiling ./contracts/Aiakos.sol
> Compiling ./contracts/Migrations.sol
> Compiling ./contracts/Releases.sol
> Compiling ./contracts/proxy4tests/Releases.sol
> Compiling openzeppelin-solidity/contracts/access/Roles.sol
> Compiling openzeppelin-solidity/contracts/ownership/Ownable.sol

    > compilation warnings encountered:

/home/fabianorodrigo/Projetos/bitbucket/solidity-test/workdir/aiakos-contracts/coverageEnv/contracts/proxy4tests/Releases.sol:1:1: Warning: Experimental features are turned on. Do not use experimental features on live deployments.
pragma experimental ABIEncoderV2;
^-------------------------------^
,/home/fabianorodrigo/Projetos/bitbucket/solidity-test/workdir/aiakos-contracts/coverageEnv/contracts/proxy4tests/Releases.sol:1:1: Warning: Source file does not specify required compiler version! Consider adding "pragma solidity ^0.5.0;"
pragma experimental ABIEncoderV2;
^ (Relevant source part starts here and spans across multiple lines).

> Artifacts written to /home/fabianorodrigo/Projetos/bitbucket/solidity-test/workdir/aiakos-contracts/coverageEnv/build/contracts
> Compiled successfully using:
   - solc: 0.5.0+commit.1d4f565a.Emscripten.clang

Launched testrpc on port 8555
Running: truffle test --network coverage 
(this can take a few seconds)...
Using network 'coverage'.


Compiling your contracts...
===========================
> Everything is up to date, there is nothing to compile.


[0m[0m
[0m  Contract: Aiakos[0m
  [32m  ✓[0m[90m Should execute addMaintainer(address) WHEN msg.sender==_owner,_maintainerAddress!=0x0000000000000000000000000000000000000000[0m[33m (70ms)[0m
  [32m  ✓[0m[90m Should fail addMaintainer(address) when NOT comply with: msg.sender == _owner[0m[33m (56ms)[0m
  [32m  ✓[0m[90m Should fail addMaintainer(address) when NOT comply with: _maintainerAddress != 0x0000000000000000000000000000000000000000[0m[33m (56ms)[0m
  [31m  1) Should execute deployRelease(string,bytes32) WHEN MemberAccess.Identifier!=true[0m

    Events emitted during test:
    ---------------------------

    OwnershipTransferred(previousOwner: <indexed> 0x0000000000000000000000000000000000000000 (address), newOwner: <indexed> 0xE793581cF8DDbF6C75D64A400386102C648FC76c (address))
    OwnershipTransferred(previousOwner: <indexed> 0xE793581cF8DDbF6C75D64A400386102C648FC76c (address), newOwner: <indexed> 0xE793581cF8DDbF6C75D64A400386102C648FC76c (address))

    ---------------------------
  [31m  2) Should execute deployRelease(string,bytes32) WHEN MemberAccess.Identifier==true[0m

    Events emitted during test:
    ---------------------------

    OwnershipTransferred(previousOwner: <indexed> 0x0000000000000000000000000000000000000000 (address), newOwner: <indexed> 0xE793581cF8DDbF6C75D64A400386102C648FC76c (address))
    OwnershipTransferred(previousOwner: <indexed> 0xE793581cF8DDbF6C75D64A400386102C648FC76c (address), newOwner: <indexed> 0xE793581cF8DDbF6C75D64A400386102C648FC76c (address))

    ---------------------------
  [31m  3) Should execute deployRelease(string,bytes32) WHEN approvalGranted==true[0m

    Events emitted during test:
    ---------------------------

    OwnershipTransferred(previousOwner: <indexed> 0x0000000000000000000000000000000000000000 (address), newOwner: <indexed> 0xE793581cF8DDbF6C75D64A400386102C648FC76c (address))
    OwnershipTransferred(previousOwner: <indexed> 0xE793581cF8DDbF6C75D64A400386102C648FC76c (address), newOwner: <indexed> 0xE793581cF8DDbF6C75D64A400386102C648FC76c (address))

    ---------------------------
  [31m  4) Should execute deployRelease(string,bytes32) WHEN approvalGranted!=true[0m

    Events emitted during test:
    ---------------------------

    OwnershipTransferred(previousOwner: <indexed> 0x0000000000000000000000000000000000000000 (address), newOwner: <indexed> 0xE793581cF8DDbF6C75D64A400386102C648FC76c (address))
    OwnershipTransferred(previousOwner: <indexed> 0xE793581cF8DDbF6C75D64A400386102C648FC76c (address), newOwner: <indexed> 0xE793581cF8DDbF6C75D64A400386102C648FC76c (address))

    ---------------------------
  [31m  5) Should execute deployRelease(string,bytes32) WHEN releaseApproved==true[0m

    Events emitted during test:
    ---------------------------

    OwnershipTransferred(previousOwner: <indexed> 0x0000000000000000000000000000000000000000 (address), newOwner: <indexed> 0xE793581cF8DDbF6C75D64A400386102C648FC76c (address))
    OwnershipTransferred(previousOwner: <indexed> 0xE793581cF8DDbF6C75D64A400386102C648FC76c (address), newOwner: <indexed> 0xE793581cF8DDbF6C75D64A400386102C648FC76c (address))

    ---------------------------
  [31m  6) Should execute deployRelease(string,bytes32) WHEN releaseApproved!=true,approvalGranted!=true[0m

    Events emitted during test:
    ---------------------------

    OwnershipTransferred(previousOwner: <indexed> 0x0000000000000000000000000000000000000000 (address), newOwner: <indexed> 0xE793581cF8DDbF6C75D64A400386102C648FC76c (address))
    OwnershipTransferred(previousOwner: <indexed> 0xE793581cF8DDbF6C75D64A400386102C648FC76c (address), newOwner: <indexed> 0xE793581cF8DDbF6C75D64A400386102C648FC76c (address))

    ---------------------------
  [31m  7) Should execute checkRelease(string,bytes32) WHEN _sha256Hash!=0x0,MemberAccess.Identifier==true[0m

    Events emitted during test:
    ---------------------------

    OwnershipTransferred(previousOwner: <indexed> 0x0000000000000000000000000000000000000000 (address), newOwner: <indexed> 0xE793581cF8DDbF6C75D64A400386102C648FC76c (address))
    OwnershipTransferred(previousOwner: <indexed> 0xE793581cF8DDbF6C75D64A400386102C648FC76c (address), newOwner: <indexed> 0xE793581cF8DDbF6C75D64A400386102C648FC76c (address))

    ---------------------------
  [32m  ✓[0m[90m Should fail checkRelease(string,bytes32) when NOT comply with: _sha256Hash != 0x0[0m
  [31m  8) Should execute getReleaseInfo(string)[0m

    Events emitted during test:
    ---------------------------

    OwnershipTransferred(previousOwner: <indexed> 0x0000000000000000000000000000000000000000 (address), newOwner: <indexed> 0xE793581cF8DDbF6C75D64A400386102C648FC76c (address))
    OwnershipTransferred(previousOwner: <indexed> 0xE793581cF8DDbF6C75D64A400386102C648FC76c (address), newOwner: <indexed> 0xE793581cF8DDbF6C75D64A400386102C648FC76c (address))

    ---------------------------
  [32m  ✓[0m[90m Should execute amIMaintainer()[0m
  [32m  ✓[0m[90m Should execute isMaintainer(address)[0m
  [32m  ✓[0m[90m Should execute getRequiredNumberOfMaintainers()[0m[33m (47ms)[0m
  [32m  ✓[0m[90m Should execute transferOwnership(address) WHEN _newOwner!=0x0000000000000000000000000000000000000000,msg.sender==_owner[0m[33m (69ms)[0m
  [32m  ✓[0m[90m Should fail transferOwnership(address) when NOT comply with: _newOwner != 0x0000000000000000000000000000000000000000[0m[33m (41ms)[0m
  [32m  ✓[0m[90m Should fail transferOwnership(address) when NOT comply with: msg.sender == _owner[0m[33m (48ms)[0m

[0m  Contract: contractProxyReleases[0m
  [32m  ✓[0m[90m Should execute testinit(Releases.Release,string,bytes32)[0m[33m (71ms)[0m
  [32m  ✓[0m[90m Should execute testcheck(Releases.Release,bytes32) WHEN release.sha256Hash==sha256Hash[0m[33m (45ms)[0m
  [32m  ✓[0m[90m Should fail testcheck(Releases.Release,bytes32) when NOT comply with: release.sha256Hash == sha256Hash[0m[33m (62ms)[0m
  [32m  ✓[0m[90m Should execute testaddApproval(Releases.Release,address,uint) WHEN release.approvalCounter==requiredNumberOfMaintainers,release.approved!=true[0m[33m (62ms)[0m
  [32m  ✓[0m[90m Should fail testaddApproval(Releases.Release,address,uint) when NOT comply with: release.approved != true[0m[33m (60ms)[0m
  [32m  ✓[0m[90m Should execute testaddApproval(Releases.Release,address,uint) WHEN release.approvalCounter!=requiredNumberOfMaintainers,release.approved!=true[0m[33m (55ms)[0m
  [32m  ✓[0m[90m Should fail testaddApproval(Releases.Release,address,uint) when NOT comply with: release.approved != true[0m[33m (64ms)[0m


[92m [0m[32m 17 passing[0m[90m (7s)[0m
[31m  8 failing[0m

[0m  1) Contract: Aiakos
       Should execute deployRelease(string,bytes32) WHEN MemberAccess.Identifier!=true:
[0m[31m     Error: Returned error: VM Exception while processing transaction: revert Aiakos: caller is not a maintainer. -- Reason given: Aiakos: caller is not a maintainer..[0m[90m
      at Object.ErrorResponse (/home/fabianorodrigo/Projetos/bitbucket/solidity-test/workdir/aiakos-contracts/node_modules/truffle/build/webpack:/~/web3-core-requestmanager/~/web3-core-helpers/src/errors.js:29:1)
      at /home/fabianorodrigo/Projetos/bitbucket/solidity-test/workdir/aiakos-contracts/node_modules/truffle/build/webpack:/~/web3-core-requestmanager/src/index.js:140:1
      at /home/fabianorodrigo/Projetos/bitbucket/solidity-test/workdir/aiakos-contracts/node_modules/truffle/build/webpack:/packages/truffle-provider/wrapper.js:112:1
      at XMLHttpRequest.request.onreadystatechange (/home/fabianorodrigo/Projetos/bitbucket/solidity-test/workdir/aiakos-contracts/node_modules/truffle/build/webpack:/~/web3-providers-http/src/index.js:96:1)
      at XMLHttpRequestEventTarget.dispatchEvent (/home/fabianorodrigo/Projetos/bitbucket/solidity-test/workdir/aiakos-contracts/node_modules/truffle/build/webpack:/~/xhr2-cookies/dist/xml-http-request-event-target.js:34:1)
      at XMLHttpRequest._setReadyState (/home/fabianorodrigo/Projetos/bitbucket/solidity-test/workdir/aiakos-contracts/node_modules/truffle/build/webpack:/~/xhr2-cookies/dist/xml-http-request.js:208:1)
      at XMLHttpRequest._onHttpResponseEnd (/home/fabianorodrigo/Projetos/bitbucket/solidity-test/workdir/aiakos-contracts/node_modules/truffle/build/webpack:/~/xhr2-cookies/dist/xml-http-request.js:318:1)
      at IncomingMessage.<anonymous> (/home/fabianorodrigo/Projetos/bitbucket/solidity-test/workdir/aiakos-contracts/node_modules/truffle/build/webpack:/~/xhr2-cookies/dist/xml-http-request.js:289:47)
      at endReadableNT (_stream_readable.js:1125:12)
      at process._tickCallback (internal/process/next_tick.js:63:19)
[0m
[0m  2) Contract: Aiakos
       Should execute deployRelease(string,bytes32) WHEN MemberAccess.Identifier==true:
[0m[31m     Error: Returned error: VM Exception while processing transaction: revert Aiakos: caller is not a maintainer. -- Reason given: Aiakos: caller is not a maintainer..[0m[90m
      at Object.ErrorResponse (/home/fabianorodrigo/Projetos/bitbucket/solidity-test/workdir/aiakos-contracts/node_modules/truffle/build/webpack:/~/web3-core-requestmanager/~/web3-core-helpers/src/errors.js:29:1)
      at /home/fabianorodrigo/Projetos/bitbucket/solidity-test/workdir/aiakos-contracts/node_modules/truffle/build/webpack:/~/web3-core-requestmanager/src/index.js:140:1
      at /home/fabianorodrigo/Projetos/bitbucket/solidity-test/workdir/aiakos-contracts/node_modules/truffle/build/webpack:/packages/truffle-provider/wrapper.js:112:1
      at XMLHttpRequest.request.onreadystatechange (/home/fabianorodrigo/Projetos/bitbucket/solidity-test/workdir/aiakos-contracts/node_modules/truffle/build/webpack:/~/web3-providers-http/src/index.js:96:1)
      at XMLHttpRequestEventTarget.dispatchEvent (/home/fabianorodrigo/Projetos/bitbucket/solidity-test/workdir/aiakos-contracts/node_modules/truffle/build/webpack:/~/xhr2-cookies/dist/xml-http-request-event-target.js:34:1)
      at XMLHttpRequest._setReadyState (/home/fabianorodrigo/Projetos/bitbucket/solidity-test/workdir/aiakos-contracts/node_modules/truffle/build/webpack:/~/xhr2-cookies/dist/xml-http-request.js:208:1)
      at XMLHttpRequest._onHttpResponseEnd (/home/fabianorodrigo/Projetos/bitbucket/solidity-test/workdir/aiakos-contracts/node_modules/truffle/build/webpack:/~/xhr2-cookies/dist/xml-http-request.js:318:1)
      at IncomingMessage.<anonymous> (/home/fabianorodrigo/Projetos/bitbucket/solidity-test/workdir/aiakos-contracts/node_modules/truffle/build/webpack:/~/xhr2-cookies/dist/xml-http-request.js:289:47)
      at endReadableNT (_stream_readable.js:1125:12)
      at process._tickCallback (internal/process/next_tick.js:63:19)
[0m
[0m  3) Contract: Aiakos
       Should execute deployRelease(string,bytes32) WHEN approvalGranted==true:
[0m[31m     Error: Returned error: VM Exception while processing transaction: revert Aiakos: caller is not a maintainer. -- Reason given: Aiakos: caller is not a maintainer..[0m[90m
      at Object.ErrorResponse (/home/fabianorodrigo/Projetos/bitbucket/solidity-test/workdir/aiakos-contracts/node_modules/truffle/build/webpack:/~/web3-core-requestmanager/~/web3-core-helpers/src/errors.js:29:1)
      at /home/fabianorodrigo/Projetos/bitbucket/solidity-test/workdir/aiakos-contracts/node_modules/truffle/build/webpack:/~/web3-core-requestmanager/src/index.js:140:1
      at /home/fabianorodrigo/Projetos/bitbucket/solidity-test/workdir/aiakos-contracts/node_modules/truffle/build/webpack:/packages/truffle-provider/wrapper.js:112:1
      at XMLHttpRequest.request.onreadystatechange (/home/fabianorodrigo/Projetos/bitbucket/solidity-test/workdir/aiakos-contracts/node_modules/truffle/build/webpack:/~/web3-providers-http/src/index.js:96:1)
      at XMLHttpRequestEventTarget.dispatchEvent (/home/fabianorodrigo/Projetos/bitbucket/solidity-test/workdir/aiakos-contracts/node_modules/truffle/build/webpack:/~/xhr2-cookies/dist/xml-http-request-event-target.js:34:1)
      at XMLHttpRequest._setReadyState (/home/fabianorodrigo/Projetos/bitbucket/solidity-test/workdir/aiakos-contracts/node_modules/truffle/build/webpack:/~/xhr2-cookies/dist/xml-http-request.js:208:1)
      at XMLHttpRequest._onHttpResponseEnd (/home/fabianorodrigo/Projetos/bitbucket/solidity-test/workdir/aiakos-contracts/node_modules/truffle/build/webpack:/~/xhr2-cookies/dist/xml-http-request.js:318:1)
      at IncomingMessage.<anonymous> (/home/fabianorodrigo/Projetos/bitbucket/solidity-test/workdir/aiakos-contracts/node_modules/truffle/build/webpack:/~/xhr2-cookies/dist/xml-http-request.js:289:47)
      at endReadableNT (_stream_readable.js:1125:12)
      at process._tickCallback (internal/process/next_tick.js:63:19)
[0m
[0m  4) Contract: Aiakos
       Should execute deployRelease(string,bytes32) WHEN approvalGranted!=true:
[0m[31m     Error: Returned error: VM Exception while processing transaction: revert Aiakos: caller is not a maintainer. -- Reason given: Aiakos: caller is not a maintainer..[0m[90m
      at Object.ErrorResponse (/home/fabianorodrigo/Projetos/bitbucket/solidity-test/workdir/aiakos-contracts/node_modules/truffle/build/webpack:/~/web3-core-requestmanager/~/web3-core-helpers/src/errors.js:29:1)
      at /home/fabianorodrigo/Projetos/bitbucket/solidity-test/workdir/aiakos-contracts/node_modules/truffle/build/webpack:/~/web3-core-requestmanager/src/index.js:140:1
      at /home/fabianorodrigo/Projetos/bitbucket/solidity-test/workdir/aiakos-contracts/node_modules/truffle/build/webpack:/packages/truffle-provider/wrapper.js:112:1
      at XMLHttpRequest.request.onreadystatechange (/home/fabianorodrigo/Projetos/bitbucket/solidity-test/workdir/aiakos-contracts/node_modules/truffle/build/webpack:/~/web3-providers-http/src/index.js:96:1)
      at XMLHttpRequestEventTarget.dispatchEvent (/home/fabianorodrigo/Projetos/bitbucket/solidity-test/workdir/aiakos-contracts/node_modules/truffle/build/webpack:/~/xhr2-cookies/dist/xml-http-request-event-target.js:34:1)
      at XMLHttpRequest._setReadyState (/home/fabianorodrigo/Projetos/bitbucket/solidity-test/workdir/aiakos-contracts/node_modules/truffle/build/webpack:/~/xhr2-cookies/dist/xml-http-request.js:208:1)
      at XMLHttpRequest._onHttpResponseEnd (/home/fabianorodrigo/Projetos/bitbucket/solidity-test/workdir/aiakos-contracts/node_modules/truffle/build/webpack:/~/xhr2-cookies/dist/xml-http-request.js:318:1)
      at IncomingMessage.<anonymous> (/home/fabianorodrigo/Projetos/bitbucket/solidity-test/workdir/aiakos-contracts/node_modules/truffle/build/webpack:/~/xhr2-cookies/dist/xml-http-request.js:289:47)
      at endReadableNT (_stream_readable.js:1125:12)
      at process._tickCallback (internal/process/next_tick.js:63:19)
[0m
[0m  5) Contract: Aiakos
       Should execute deployRelease(string,bytes32) WHEN releaseApproved==true:
[0m[31m     Error: Returned error: VM Exception while processing transaction: revert Aiakos: caller is not a maintainer. -- Reason given: Aiakos: caller is not a maintainer..[0m[90m
      at Object.ErrorResponse (/home/fabianorodrigo/Projetos/bitbucket/solidity-test/workdir/aiakos-contracts/node_modules/truffle/build/webpack:/~/web3-core-requestmanager/~/web3-core-helpers/src/errors.js:29:1)
      at /home/fabianorodrigo/Projetos/bitbucket/solidity-test/workdir/aiakos-contracts/node_modules/truffle/build/webpack:/~/web3-core-requestmanager/src/index.js:140:1
      at /home/fabianorodrigo/Projetos/bitbucket/solidity-test/workdir/aiakos-contracts/node_modules/truffle/build/webpack:/packages/truffle-provider/wrapper.js:112:1
      at XMLHttpRequest.request.onreadystatechange (/home/fabianorodrigo/Projetos/bitbucket/solidity-test/workdir/aiakos-contracts/node_modules/truffle/build/webpack:/~/web3-providers-http/src/index.js:96:1)
      at XMLHttpRequestEventTarget.dispatchEvent (/home/fabianorodrigo/Projetos/bitbucket/solidity-test/workdir/aiakos-contracts/node_modules/truffle/build/webpack:/~/xhr2-cookies/dist/xml-http-request-event-target.js:34:1)
      at XMLHttpRequest._setReadyState (/home/fabianorodrigo/Projetos/bitbucket/solidity-test/workdir/aiakos-contracts/node_modules/truffle/build/webpack:/~/xhr2-cookies/dist/xml-http-request.js:208:1)
      at XMLHttpRequest._onHttpResponseEnd (/home/fabianorodrigo/Projetos/bitbucket/solidity-test/workdir/aiakos-contracts/node_modules/truffle/build/webpack:/~/xhr2-cookies/dist/xml-http-request.js:318:1)
      at IncomingMessage.<anonymous> (/home/fabianorodrigo/Projetos/bitbucket/solidity-test/workdir/aiakos-contracts/node_modules/truffle/build/webpack:/~/xhr2-cookies/dist/xml-http-request.js:289:47)
      at endReadableNT (_stream_readable.js:1125:12)
      at process._tickCallback (internal/process/next_tick.js:63:19)
[0m
[0m  6) Contract: Aiakos
       Should execute deployRelease(string,bytes32) WHEN releaseApproved!=true,approvalGranted!=true:
[0m[31m     Error: Returned error: VM Exception while processing transaction: revert Aiakos: caller is not a maintainer. -- Reason given: Aiakos: caller is not a maintainer..[0m[90m
      at Object.ErrorResponse (/home/fabianorodrigo/Projetos/bitbucket/solidity-test/workdir/aiakos-contracts/node_modules/truffle/build/webpack:/~/web3-core-requestmanager/~/web3-core-helpers/src/errors.js:29:1)
      at /home/fabianorodrigo/Projetos/bitbucket/solidity-test/workdir/aiakos-contracts/node_modules/truffle/build/webpack:/~/web3-core-requestmanager/src/index.js:140:1
      at /home/fabianorodrigo/Projetos/bitbucket/solidity-test/workdir/aiakos-contracts/node_modules/truffle/build/webpack:/packages/truffle-provider/wrapper.js:112:1
      at XMLHttpRequest.request.onreadystatechange (/home/fabianorodrigo/Projetos/bitbucket/solidity-test/workdir/aiakos-contracts/node_modules/truffle/build/webpack:/~/web3-providers-http/src/index.js:96:1)
      at XMLHttpRequestEventTarget.dispatchEvent (/home/fabianorodrigo/Projetos/bitbucket/solidity-test/workdir/aiakos-contracts/node_modules/truffle/build/webpack:/~/xhr2-cookies/dist/xml-http-request-event-target.js:34:1)
      at XMLHttpRequest._setReadyState (/home/fabianorodrigo/Projetos/bitbucket/solidity-test/workdir/aiakos-contracts/node_modules/truffle/build/webpack:/~/xhr2-cookies/dist/xml-http-request.js:208:1)
      at XMLHttpRequest._onHttpResponseEnd (/home/fabianorodrigo/Projetos/bitbucket/solidity-test/workdir/aiakos-contracts/node_modules/truffle/build/webpack:/~/xhr2-cookies/dist/xml-http-request.js:318:1)
      at IncomingMessage.<anonymous> (/home/fabianorodrigo/Projetos/bitbucket/solidity-test/workdir/aiakos-contracts/node_modules/truffle/build/webpack:/~/xhr2-cookies/dist/xml-http-request.js:289:47)
      at endReadableNT (_stream_readable.js:1125:12)
      at process._tickCallback (internal/process/next_tick.js:63:19)
[0m
[0m  7) Contract: Aiakos
       Should execute checkRelease(string,bytes32) WHEN _sha256Hash!=0x0,MemberAccess.Identifier==true:
[0m[31m     Error: Returned error: VM Exception while processing transaction: revert Aiakos.checkRelease: Release does not exist.[0m[90m
      at Object.ErrorResponse (/home/fabianorodrigo/Projetos/bitbucket/solidity-test/workdir/aiakos-contracts/node_modules/truffle/build/webpack:/~/web3-core-requestmanager/~/web3-core-helpers/src/errors.js:29:1)
      at /home/fabianorodrigo/Projetos/bitbucket/solidity-test/workdir/aiakos-contracts/node_modules/truffle/build/webpack:/~/web3-core-requestmanager/src/index.js:140:1
      at /home/fabianorodrigo/Projetos/bitbucket/solidity-test/workdir/aiakos-contracts/node_modules/truffle/build/webpack:/packages/truffle-provider/wrapper.js:112:1
      at XMLHttpRequest.request.onreadystatechange (/home/fabianorodrigo/Projetos/bitbucket/solidity-test/workdir/aiakos-contracts/node_modules/truffle/build/webpack:/~/web3-providers-http/src/index.js:96:1)
      at XMLHttpRequestEventTarget.dispatchEvent (/home/fabianorodrigo/Projetos/bitbucket/solidity-test/workdir/aiakos-contracts/node_modules/truffle/build/webpack:/~/xhr2-cookies/dist/xml-http-request-event-target.js:34:1)
      at XMLHttpRequest._setReadyState (/home/fabianorodrigo/Projetos/bitbucket/solidity-test/workdir/aiakos-contracts/node_modules/truffle/build/webpack:/~/xhr2-cookies/dist/xml-http-request.js:208:1)
      at XMLHttpRequest._onHttpResponseEnd (/home/fabianorodrigo/Projetos/bitbucket/solidity-test/workdir/aiakos-contracts/node_modules/truffle/build/webpack:/~/xhr2-cookies/dist/xml-http-request.js:318:1)
      at IncomingMessage.<anonymous> (/home/fabianorodrigo/Projetos/bitbucket/solidity-test/workdir/aiakos-contracts/node_modules/truffle/build/webpack:/~/xhr2-cookies/dist/xml-http-request.js:289:47)
      at endReadableNT (_stream_readable.js:1125:12)
      at process._tickCallback (internal/process/next_tick.js:63:19)
[0m
[0m  8) Contract: Aiakos
       Should execute getReleaseInfo(string):
[0m[31m     Error: Returned error: VM Exception while processing transaction: revert Aiakos.getReleaseInfo: Release does not exist.[0m[90m
      at Object.ErrorResponse (/home/fabianorodrigo/Projetos/bitbucket/solidity-test/workdir/aiakos-contracts/node_modules/truffle/build/webpack:/~/web3-core-requestmanager/~/web3-core-helpers/src/errors.js:29:1)
      at /home/fabianorodrigo/Projetos/bitbucket/solidity-test/workdir/aiakos-contracts/node_modules/truffle/build/webpack:/~/web3-core-requestmanager/src/index.js:140:1
      at /home/fabianorodrigo/Projetos/bitbucket/solidity-test/workdir/aiakos-contracts/node_modules/truffle/build/webpack:/packages/truffle-provider/wrapper.js:112:1
      at XMLHttpRequest.request.onreadystatechange (/home/fabianorodrigo/Projetos/bitbucket/solidity-test/workdir/aiakos-contracts/node_modules/truffle/build/webpack:/~/web3-providers-http/src/index.js:96:1)
      at XMLHttpRequestEventTarget.dispatchEvent (/home/fabianorodrigo/Projetos/bitbucket/solidity-test/workdir/aiakos-contracts/node_modules/truffle/build/webpack:/~/xhr2-cookies/dist/xml-http-request-event-target.js:34:1)
      at XMLHttpRequest._setReadyState (/home/fabianorodrigo/Projetos/bitbucket/solidity-test/workdir/aiakos-contracts/node_modules/truffle/build/webpack:/~/xhr2-cookies/dist/xml-http-request.js:208:1)
      at XMLHttpRequest._onHttpResponseEnd (/home/fabianorodrigo/Projetos/bitbucket/solidity-test/workdir/aiakos-contracts/node_modules/truffle/build/webpack:/~/xhr2-cookies/dist/xml-http-request.js:318:1)
      at IncomingMessage.<anonymous> (/home/fabianorodrigo/Projetos/bitbucket/solidity-test/workdir/aiakos-contracts/node_modules/truffle/build/webpack:/~/xhr2-cookies/dist/xml-http-request.js:289:47)
      at endReadableNT (_stream_readable.js:1125:12)
      at process._tickCallback (internal/process/next_tick.js:63:19)
[0m


------------------------|----------|----------|----------|----------|----------------|
File                    |  % Stmts | % Branch |  % Funcs |  % Lines |Uncovered Lines |
------------------------|----------|----------|----------|----------|----------------|
 contracts/             |    60.42 |    46.67 |    93.33 |    61.54 |                |
  Aiakos.sol            |    54.29 |    36.36 |    90.91 |    54.05 |... 120,138,199 |
  Releases.sol          |    76.92 |       75 |      100 |       80 |       56,66,67 |
 contracts/proxy4tests/ |      100 |      100 |      100 |      100 |                |
  Releases.sol          |      100 |      100 |      100 |      100 |                |
------------------------|----------|----------|----------|----------|----------------|
All files               |    64.81 |    46.67 |    94.44 |    65.52 |                |
------------------------|----------|----------|----------|----------|----------------|

Istanbul coverage reports generated
Cleaning up...
Shutting down testrpc-sc (pid 317552)
Some truffle tests failed while running coverage
