npx solidity-coverage
ter 10 nov 2020 05:20:30 -03
Truffle v4.1.11 (core: 4.1.11)
Solidity v0.4.24 (solc-js)
Generating coverage environment
Running: truffle compile  
(this can take a few seconds)...
Compiling ./contracts/Migrations.sol...
Compiling ./contracts/SignatureUtils.sol...
Compiling ./contracts/proxy4tests/SignatureUtils.sol...

Compilation warnings encountered:

/home/fabianorodrigo/Projetos/bitbucket/solidity-test/workdir/solidity-sigutils/coverageEnv/contracts/proxy4tests/SignatureUtils.sol:1:1: Warning: Source file does not specify required compiler version!Consider adding "pragma solidity ^0.4.24;"
import "../SignatureUtils.sol";
^ (Relevant source part starts here and spans across multiple lines).

Writing artifacts to ./build/contracts

Skipping instrumentation of  ./coverageEnv/contracts/Migrations.sol
Instrumenting  ./coverageEnv/contracts/proxy4tests/SignatureUtils.sol
Instrumenting  ./coverageEnv/contracts/SignatureUtils.sol
Running: truffle compile  
(this can take a few seconds)...
Compiling ./contracts/Migrations.sol...
Compiling ./contracts/SignatureUtils.sol...
Compiling ./contracts/proxy4tests/SignatureUtils.sol...

Compilation warnings encountered:

/home/fabianorodrigo/Projetos/bitbucket/solidity-test/workdir/solidity-sigutils/coverageEnv/contracts/proxy4tests/SignatureUtils.sol:1:1: Warning: Source file does not specify required compiler version!Consider adding "pragma solidity ^0.4.24;"
import "../SignatureUtils.sol";
^ (Relevant source part starts here and spans across multiple lines).

Writing artifacts to ./build/contracts

Launched testrpc on port 8555
Running: truffle test  
(this can take a few seconds)...
Using network 'development'.


[0m[0m
[0m  Contract: contractProxySignatureUtils[0m
  [32m  ✓[0m[90m Should execute testtoEthBytes32SignedMessageHash(bytes32)[0m[33m (55ms)[0m
  [32m  ✓[0m[90m Should execute testtoEthPersonalSignedMessageHash(bytes)[0m[31m (245ms)[0m
  [32m  ✓[0m[90m Should execute testuintToString(uint) WHEN v==0[0m[31m (157ms)[0m
  [32m  ✓[0m[90m Should execute testuintToString(uint) WHEN v!=0[0m[31m (147ms)[0m
  [32m  ✓[0m[90m Should execute testparseSignature(bytes,uint)[0m
  [32m  ✓[0m[90m Should execute testcountSignatures(bytes)[0m
  [31m  1) Should execute testrecoverAddress(bytes32,bytes,uint)[0m
    > No events were emitted
  [32m  ✓[0m[90m Should execute testrecoverAddresses(bytes32,bytes)[0m


[92m [0m[32m 7 passing[0m[90m (2s)[0m
[31m  1 failing[0m

[0m  1) Contract: contractProxySignatureUtils
       Should execute testrecoverAddress(bytes32,bytes,uint):
[0m[31m     Error: VM Exception while processing transaction: revert[0m[90m
      at Object.InvalidResponse (/home/fabianorodrigo/Projetos/bitbucket/solidity-test/workdir/solidity-sigutils/node_modules/truffle/build/webpack:/~/web3/lib/web3/errors.js:38:1)
      at /home/fabianorodrigo/Projetos/bitbucket/solidity-test/workdir/solidity-sigutils/node_modules/truffle/build/webpack:/~/web3/lib/web3/requestmanager.js:86:1
      at /home/fabianorodrigo/Projetos/bitbucket/solidity-test/workdir/solidity-sigutils/node_modules/truffle/build/webpack:/~/truffle-provider/wrapper.js:134:1
      at XMLHttpRequest.request.onreadystatechange (/home/fabianorodrigo/Projetos/bitbucket/solidity-test/workdir/solidity-sigutils/node_modules/truffle/build/webpack:/~/web3/lib/web3/httpprovider.js:128:1)
      at XMLHttpRequestEventTarget.dispatchEvent (/home/fabianorodrigo/Projetos/bitbucket/solidity-test/workdir/solidity-sigutils/node_modules/truffle/build/webpack:/~/xhr2/lib/xhr2.js:64:1)
      at XMLHttpRequest._setReadyState (/home/fabianorodrigo/Projetos/bitbucket/solidity-test/workdir/solidity-sigutils/node_modules/truffle/build/webpack:/~/xhr2/lib/xhr2.js:354:1)
      at XMLHttpRequest._onHttpResponseEnd (/home/fabianorodrigo/Projetos/bitbucket/solidity-test/workdir/solidity-sigutils/node_modules/truffle/build/webpack:/~/xhr2/lib/xhr2.js:509:1)
      at IncomingMessage.<anonymous> (/home/fabianorodrigo/Projetos/bitbucket/solidity-test/workdir/solidity-sigutils/node_modules/truffle/build/webpack:/~/xhr2/lib/xhr2.js:469:1)
      at endReadableNT (_stream_readable.js:1125:12)
      at process._tickCallback (internal/process/next_tick.js:63:19)
[0m


------------------------|----------|----------|----------|----------|----------------|
File                    |  % Stmts | % Branch |  % Funcs |  % Lines |Uncovered Lines |
------------------------|----------|----------|----------|----------|----------------|
 contracts/             |    92.11 |       75 |      100 |    92.31 |                |
  SignatureUtils.sol    |    92.11 |       75 |      100 |    92.31 |    132,152,153 |
 contracts/proxy4tests/ |      100 |      100 |      100 |      100 |                |
  SignatureUtils.sol    |      100 |      100 |      100 |      100 |                |
------------------------|----------|----------|----------|----------|----------------|
All files               |    93.33 |       75 |      100 |    93.48 |                |
------------------------|----------|----------|----------|----------|----------------|

Istanbul coverage reports generated
Cleaning up...
Shutting down testrpc-sc (pid 85605)
Some truffle tests failed while running coverage
