solidity-coverage
qui 12 nov 2020 21:02:32 -03
Truffle v5.0.14 (core: 5.0.14)
Solidity - 0.5.1 (solc-js)
Node v10.15.3
Web3.js v1.0.0-beta.37
Generating coverage environment
Running: truffle compile --network coverage 
(this can take a few seconds)...

Compiling your contracts...
===========================
> Compiling ./contracts/Migrations.sol
> Compiling ./contracts/Ownable.sol
> Compiling ./contracts/SafeMath.sol
> Compiling ./contracts/Splitter.sol
> Compiling ./contracts/Stoppable.sol
> Compiling ./contracts/proxy4tests/SafeMath.sol
> Compiling ./contracts/proxy4tests/Splitter.sol

    > compilation warnings encountered:

/home/fabianorodrigo/Projetos/bitbucket/solidity-test/workdir/splitter/coverageEnv/contracts/proxy4tests/SafeMath.sol:1:1: Warning: Source file does not specify required compiler version! Consider adding "pragma solidity ^0.5.1;"
import "../SafeMath.sol";
^ (Relevant source part starts here and spans across multiple lines).
,/home/fabianorodrigo/Projetos/bitbucket/solidity-test/workdir/splitter/coverageEnv/contracts/proxy4tests/Splitter.sol:1:1: Warning: Source file does not specify required compiler version! Consider adding "pragma solidity ^0.5.1;"
import "../Splitter.sol";
^ (Relevant source part starts here and spans across multiple lines).

> Artifacts written to /home/fabianorodrigo/Projetos/bitbucket/solidity-test/workdir/splitter/coverageEnv/build/contracts
> Compiled successfully using:
   - solc: 0.5.1+commit.c8a2cb62.Emscripten.clang

Skipping instrumentation of  ./coverageEnv/contracts/Migrations.sol
Instrumenting  ./coverageEnv/contracts/Ownable.sol
Instrumenting  ./coverageEnv/contracts/proxy4tests/SafeMath.sol
Instrumenting  ./coverageEnv/contracts/proxy4tests/Splitter.sol
Instrumenting  ./coverageEnv/contracts/SafeMath.sol
Instrumenting  ./coverageEnv/contracts/Splitter.sol
Instrumenting  ./coverageEnv/contracts/Stoppable.sol
Running: truffle compile --network coverage 
(this can take a few seconds)...

Compiling your contracts...
===========================
> Compiling ./contracts/Migrations.sol
> Compiling ./contracts/Ownable.sol
> Compiling ./contracts/SafeMath.sol
> Compiling ./contracts/Splitter.sol
> Compiling ./contracts/Stoppable.sol
> Compiling ./contracts/proxy4tests/SafeMath.sol
> Compiling ./contracts/proxy4tests/Splitter.sol

    > compilation warnings encountered:

/home/fabianorodrigo/Projetos/bitbucket/solidity-test/workdir/splitter/coverageEnv/contracts/proxy4tests/SafeMath.sol:1:1: Warning: Source file does not specify required compiler version! Consider adding "pragma solidity ^0.5.1;"
import "../SafeMath.sol";
^ (Relevant source part starts here and spans across multiple lines).
,/home/fabianorodrigo/Projetos/bitbucket/solidity-test/workdir/splitter/coverageEnv/contracts/proxy4tests/Splitter.sol:1:1: Warning: Source file does not specify required compiler version! Consider adding "pragma solidity ^0.5.1;"
import "../Splitter.sol";
^ (Relevant source part starts here and spans across multiple lines).

> Artifacts written to /home/fabianorodrigo/Projetos/bitbucket/solidity-test/workdir/splitter/coverageEnv/build/contracts
> Compiled successfully using:
   - solc: 0.5.1+commit.c8a2cb62.Emscripten.clang

Launched testrpc on port 8555
Running: truffle test --network coverage 
(this can take a few seconds)...
Using network 'coverage'.


Compiling your contracts...
===========================
> Everything is up to date, there is nothing to compile.


[0m[0m
[0m  Contract: contractProxySafeMath[0m
  [32m  ✓[0m[90m Should execute testmul(uint256,uint256) WHEN a==0[0m
  [32m  ✓[0m[90m Should execute testmul(uint256,uint256) WHEN a!=0[0m
  [32m  ✓[0m[90m Should execute testdiv(uint256,uint256) WHEN b>0[0m
  [32m  ✓[0m[90m Should fail testdiv(uint256,uint256) when NOT comply with: b > 0[0m
  [32m  ✓[0m[90m Should execute testsub(uint256,uint256) WHEN b<=a[0m
  [32m  ✓[0m[90m Should fail testsub(uint256,uint256) when NOT comply with: b <= a[0m
  [32m  ✓[0m[90m Should execute testadd(uint256,uint256)[0m
  [32m  ✓[0m[90m Should execute testmod(uint256,uint256) WHEN b!=0[0m
  [32m  ✓[0m[90m Should fail testmod(uint256,uint256) when NOT comply with: b != 0[0m

[0m  Contract: contractProxySplitter[0m
  [32m  ✓[0m[90m Should execute testcreatePairHash(address,address) WHEN receiver1>receiver2[0m
  [32m  ✓[0m[90m Should execute testcreatePairHash(address,address) WHEN receiver1<=receiver2[0m

[0m  Contract: Splitter[0m
  [32m  ✓[0m[90m Should execute splitEther(address,address) WHEN msg.sender==_owner,msg.value>0,running==true,receiver1!=0x0000000000000000000000000000000000000000,receiver2!=0x0000000000000000000000000000000000000000[0m[31m (78ms)[0m
  [32m  ✓[0m[90m Should fail splitEther(address,address) when NOT comply with: msg.sender == _owner[0m[33m (42ms)[0m
  [32m  ✓[0m[90m Should fail splitEther(address,address) when NOT comply with: msg.value > 0[0m[33m (44ms)[0m
  [31m  1) Should fail splitEther(address,address) when NOT comply with: running == true[0m

    Events emitted during test:
    ---------------------------

    OwnershipTransferred(previousOwner: <indexed> 0x0000000000000000000000000000000000000000 (address), newOwner: <indexed> 0x7208e2fed30d7396f30fD5f8e1995E7B5C56787D (address))
    OwnershipTransferred(previousOwner: <indexed> 0x0000000000000000000000000000000000000000 (address), newOwner: <indexed> 0x7208e2fed30d7396f30fD5f8e1995E7B5C56787D (address))
    OwnershipTransferred(previousOwner: <indexed> 0x7208e2fed30d7396f30fD5f8e1995E7B5C56787D (address), newOwner: <indexed> 0xbb227e76a115A01Aa2a365CaD7C9C9bcc1681bc2 (address))
    LogSplit(amount: <indexed> 9999 (uint256))

    ---------------------------
  [32m  ✓[0m[90m Should fail splitEther(address,address) when NOT comply with: receiver1 != 0x0000000000000000000000000000000000000000[0m[33m (49ms)[0m
  [32m  ✓[0m[90m Should fail splitEther(address,address) when NOT comply with: receiver2 != 0x0000000000000000000000000000000000000000[0m[33m (48ms)[0m
  [31m  2) Should execute withdraw() WHEN running==true[0m

    Events emitted during test:
    ---------------------------

    OwnershipTransferred(previousOwner: <indexed> 0x0000000000000000000000000000000000000000 (address), newOwner: <indexed> 0x7208e2fed30d7396f30fD5f8e1995E7B5C56787D (address))
    OwnershipTransferred(previousOwner: <indexed> 0x0000000000000000000000000000000000000000 (address), newOwner: <indexed> 0x7208e2fed30d7396f30fD5f8e1995E7B5C56787D (address))

    ---------------------------
  [32m  ✓[0m[90m Should fail withdraw() when NOT comply with: running == true[0m[31m (91ms)[0m

[0m  Contract: Stoppable[0m
  [32m  ✓[0m[90m Should execute runSwitch(bool) WHEN msg.sender==_owner[0m[33m (39ms)[0m
  [32m  ✓[0m[90m Should fail runSwitch(bool) when NOT comply with: msg.sender == _owner[0m[33m (43ms)[0m
  [32m  ✓[0m[90m Should execute owner()[0m
  [32m  ✓[0m[90m Should execute isOwner()[0m
  [32m  ✓[0m[90m Should execute renounceOwnership() WHEN msg.sender==_owner[0m[33m (42ms)[0m
  [32m  ✓[0m[90m Should fail renounceOwnership() when NOT comply with: msg.sender == _owner[0m[33m (43ms)[0m
  [32m  ✓[0m[90m Should execute transferOwnership(address) WHEN msg.sender==_owner,newOwner!=0x0000000000000000000000000000000000000000[0m[33m (44ms)[0m
  [32m  ✓[0m[90m Should fail transferOwnership(address) when NOT comply with: msg.sender == _owner[0m[33m (41ms)[0m
  [32m  ✓[0m[90m Should fail transferOwnership(address) when NOT comply with: newOwner != 0x0000000000000000000000000000000000000000[0m[33m (43ms)[0m


[92m [0m[32m 26 passing[0m[90m (9s)[0m
[31m  2 failing[0m

[0m  1) Contract: Splitter
       Should fail splitEther(address,address) when NOT comply with: running == true:
[0m[31m     AssertionError: Did not fail[0m[90m
      at fails (/home/fabianorodrigo/.nvm/versions/node/v10.15.3/pnpm-global/4/node_modules/.pnpm/truffle-assertions@0.9.2/node_modules/truffle-assertions/index.js:161:9)
      at process._tickCallback (internal/process/next_tick.js:68:7)
[0m
[0m  2) Contract: Splitter
       Should execute withdraw() WHEN running==true:
[0m[31m     Error: Returned error: VM Exception while processing transaction: revert Your balance is 0 -- Reason given: Your balance is 0.[0m[90m
      at Object.ErrorResponse (/home/fabianorodrigo/.nvm/versions/node/v10.15.3/pnpm-global/4/node_modules/.pnpm/truffle@5.0.27/node_modules/truffle/build/webpack:/~/web3-core-requestmanager/~/web3-core-helpers/src/errors.js:29:1)
      at /home/fabianorodrigo/.nvm/versions/node/v10.15.3/pnpm-global/4/node_modules/.pnpm/truffle@5.0.27/node_modules/truffle/build/webpack:/~/web3-core-requestmanager/src/index.js:140:1
      at /home/fabianorodrigo/.nvm/versions/node/v10.15.3/pnpm-global/4/node_modules/.pnpm/truffle@5.0.27/node_modules/truffle/build/webpack:/packages/truffle-provider/wrapper.js:112:1
      at XMLHttpRequest.request.onreadystatechange (/home/fabianorodrigo/.nvm/versions/node/v10.15.3/pnpm-global/4/node_modules/.pnpm/truffle@5.0.27/node_modules/truffle/build/webpack:/~/web3-providers-http/src/index.js:96:1)
      at XMLHttpRequestEventTarget.dispatchEvent (/home/fabianorodrigo/.nvm/versions/node/v10.15.3/pnpm-global/4/node_modules/.pnpm/truffle@5.0.27/node_modules/truffle/build/webpack:/~/xhr2-cookies/dist/xml-http-request-event-target.js:34:1)
      at XMLHttpRequest._setReadyState (/home/fabianorodrigo/.nvm/versions/node/v10.15.3/pnpm-global/4/node_modules/.pnpm/truffle@5.0.27/node_modules/truffle/build/webpack:/~/xhr2-cookies/dist/xml-http-request.js:208:1)
      at XMLHttpRequest._onHttpResponseEnd (/home/fabianorodrigo/.nvm/versions/node/v10.15.3/pnpm-global/4/node_modules/.pnpm/truffle@5.0.27/node_modules/truffle/build/webpack:/~/xhr2-cookies/dist/xml-http-request.js:318:1)
      at IncomingMessage.<anonymous> (/home/fabianorodrigo/.nvm/versions/node/v10.15.3/pnpm-global/4/node_modules/.pnpm/truffle@5.0.27/node_modules/truffle/build/webpack:/~/xhr2-cookies/dist/xml-http-request.js:289:47)
      at endReadableNT (_stream_readable.js:1125:12)
      at process._tickCallback (internal/process/next_tick.js:63:19)
[0m


------------------------|----------|----------|----------|----------|----------------|
File                    |  % Stmts | % Branch |  % Funcs |  % Lines |Uncovered Lines |
------------------------|----------|----------|----------|----------|----------------|
 contracts/             |    82.26 |    76.67 |    95.24 |    81.82 |                |
  Ownable.sol           |      100 |      100 |      100 |      100 |                |
  SafeMath.sol          |      100 |    83.33 |      100 |      100 |                |
  Splitter.sol          |    63.33 |    66.67 |    83.33 |     62.5 |... 126,127,139 |
  Stoppable.sol         |      100 |       50 |      100 |      100 |                |
 contracts/proxy4tests/ |      100 |      100 |      100 |      100 |                |
  SafeMath.sol          |      100 |      100 |      100 |      100 |                |
  Splitter.sol          |      100 |      100 |      100 |      100 |                |
------------------------|----------|----------|----------|----------|----------------|
All files               |    83.82 |    76.67 |    96.43 |    83.33 |                |
------------------------|----------|----------|----------|----------|----------------|

Istanbul coverage reports generated
Cleaning up...
Shutting down testrpc-sc (pid 148987)
Some truffle tests failed while running coverage
