npm run coverage
qui 12 nov 2020 22:56:51 -03
Truffle v5.0.4 (core: 5.0.4)
Solidity - 0.5.0 (solc-js)
Node v10.15.3

> inflationary-token@1.0.0 coverage /home/fabianorodrigo/Projetos/bitbucket/solidity-test/workdir/token
> solidity-coverage

Generating coverage environment
Running: truffle compile --network coverage 
(this can take a few seconds)...
Compiling ./contracts/MathUtils.sol...
Compiling ./contracts/Migrations.sol...
Compiling ./contracts/Power.sol...
Compiling ./contracts/RelevantToken.sol...
Compiling ./contracts/mocks/RelevantTokenMock.sol...
Compiling ./contracts/proxy4tests/MathUtils.sol...
Compiling ./contracts/proxy4tests/Power.sol...
Compiling ./contracts/proxy4tests/RelevantToken.sol...
Compiling openzeppelin-eth/contracts/access/Roles.sol...
Compiling openzeppelin-eth/contracts/access/roles/MinterRole.sol...
Compiling openzeppelin-eth/contracts/cryptography/ECDSA.sol...
Compiling openzeppelin-eth/contracts/math/SafeMath.sol...
Compiling openzeppelin-eth/contracts/ownership/Ownable.sol...
Compiling openzeppelin-eth/contracts/token/ERC20/ERC20.sol...
Compiling openzeppelin-eth/contracts/token/ERC20/ERC20Mintable.sol...
Compiling openzeppelin-eth/contracts/token/ERC20/IERC20.sol...
Compiling zos-lib/contracts/Initializable.sol...

Compilation warnings encountered:

/home/fabianorodrigo/Projetos/bitbucket/solidity-test/workdir/token/coverageEnv/contracts/proxy4tests/MathUtils.sol:1:1: Warning: Source file does not specify required compiler version! Consider adding "pragma solidity ^0.5.0;"
import "../MathUtils.sol";
^ (Relevant source part starts here and spans across multiple lines).
,/home/fabianorodrigo/Projetos/bitbucket/solidity-test/workdir/token/coverageEnv/contracts/proxy4tests/Power.sol:1:1: Warning: Source file does not specify required compiler version! Consider adding "pragma solidity ^0.5.0;"
import "../Power.sol";
^ (Relevant source part starts here and spans across multiple lines).
,/home/fabianorodrigo/Projetos/bitbucket/solidity-test/workdir/token/coverageEnv/contracts/proxy4tests/RelevantToken.sol:1:1: Warning: Source file does not specify required compiler version! Consider adding "pragma solidity ^0.5.0;"
import "../RelevantToken.sol";
^ (Relevant source part starts here and spans across multiple lines).
,/home/fabianorodrigo/Projetos/bitbucket/solidity-test/workdir/token/coverageEnv/contracts/RelevantToken.sol:110:5: Warning: This declaration shadows an existing declaration.
    uint256 currentRound = roundNum();
    ^------------------^
/home/fabianorodrigo/Projetos/bitbucket/solidity-test/workdir/token/coverageEnv/contracts/RelevantToken.sol:32:3: The shadowed declaration is here:
  uint256 public currentRound; // only for testing to simulate block progression
  ^-------------------------^

,/home/fabianorodrigo/Projetos/bitbucket/solidity-test/workdir/token/coverageEnv/contracts/RelevantToken.sol:221:23: Warning: Unused function parameter. Remove or comment out the variable name to silence this warning.
  function partialSum(uint256 _round) public view returns (uint256) {
                      ^------------^
,/home/fabianorodrigo/Projetos/bitbucket/solidity-test/workdir/token/coverageEnv/contracts/Power.sol:232:3: Warning: Function state mutability can be restricted to pure
  function floorLog2(uint256 _n) internal view returns (uint8) {
  ^ (Relevant source part starts here and spans across multiple lines).
,/home/fabianorodrigo/Projetos/bitbucket/solidity-test/workdir/token/coverageEnv/contracts/Power.sol:288:3: Warning: Function state mutability can be restricted to pure
  function fixedExp(uint256 _x, uint8 _precision) internal view returns (uint256) {
  ^ (Relevant source part starts here and spans across multiple lines).
,/home/fabianorodrigo/Projetos/bitbucket/solidity-test/workdir/token/coverageEnv/contracts/RelevantToken.sol:221:3: Warning: Function state mutability can be restricted to pure
  function partialSum(uint256 _round) public view returns (uint256) {
  ^ (Relevant source part starts here and spans across multiple lines).

Writing artifacts to ./build/contracts

Instrumenting  ./coverageEnv/contracts/MathUtils.sol
Skipping instrumentation of  ./coverageEnv/contracts/Migrations.sol
Skipping instrumentation of  ./coverageEnv/contracts/mocks/RelevantTokenMock.sol
Instrumenting  ./coverageEnv/contracts/Power.sol
Instrumenting  ./coverageEnv/contracts/proxy4tests/MathUtils.sol
Instrumenting  ./coverageEnv/contracts/proxy4tests/Power.sol
Instrumenting  ./coverageEnv/contracts/proxy4tests/RelevantToken.sol
Instrumenting  ./coverageEnv/contracts/RelevantToken.sol
Running: truffle compile --network coverage 
(this can take a few seconds)...
Compiling ./contracts/MathUtils.sol...
Compiling ./contracts/Migrations.sol...
Compiling ./contracts/Power.sol...
Compiling ./contracts/RelevantToken.sol...
Compiling ./contracts/mocks/RelevantTokenMock.sol...
Compiling ./contracts/proxy4tests/MathUtils.sol...
Compiling ./contracts/proxy4tests/Power.sol...
Compiling ./contracts/proxy4tests/RelevantToken.sol...
Compiling openzeppelin-eth/contracts/access/Roles.sol...
Compiling openzeppelin-eth/contracts/access/roles/MinterRole.sol...
Compiling openzeppelin-eth/contracts/cryptography/ECDSA.sol...
Compiling openzeppelin-eth/contracts/math/SafeMath.sol...
Compiling openzeppelin-eth/contracts/ownership/Ownable.sol...
Compiling openzeppelin-eth/contracts/token/ERC20/ERC20.sol...
Compiling openzeppelin-eth/contracts/token/ERC20/ERC20Mintable.sol...
Compiling openzeppelin-eth/contracts/token/ERC20/IERC20.sol...
Compiling zos-lib/contracts/Initializable.sol...

Compilation warnings encountered:

/home/fabianorodrigo/Projetos/bitbucket/solidity-test/workdir/token/coverageEnv/contracts/proxy4tests/MathUtils.sol:1:1: Warning: Source file does not specify required compiler version! Consider adding "pragma solidity ^0.5.0;"
import "../MathUtils.sol";
^ (Relevant source part starts here and spans across multiple lines).
,/home/fabianorodrigo/Projetos/bitbucket/solidity-test/workdir/token/coverageEnv/contracts/proxy4tests/Power.sol:1:1: Warning: Source file does not specify required compiler version! Consider adding "pragma solidity ^0.5.0;"
import "../Power.sol";
^ (Relevant source part starts here and spans across multiple lines).
,/home/fabianorodrigo/Projetos/bitbucket/solidity-test/workdir/token/coverageEnv/contracts/proxy4tests/RelevantToken.sol:1:1: Warning: Source file does not specify required compiler version! Consider adding "pragma solidity ^0.5.0;"
import "../RelevantToken.sol";
^ (Relevant source part starts here and spans across multiple lines).
,/home/fabianorodrigo/Projetos/bitbucket/solidity-test/workdir/token/coverageEnv/contracts/RelevantToken.sol:162:1: Warning: This declaration shadows an existing declaration.
uint256 currentRound = roundNum();
^------------------^
/home/fabianorodrigo/Projetos/bitbucket/solidity-test/workdir/token/coverageEnv/contracts/RelevantToken.sol:38:3: The shadowed declaration is here:
  uint256 public currentRound; // only for testing to simulate block progression
  ^-------------------------^

,/home/fabianorodrigo/Projetos/bitbucket/solidity-test/workdir/token/coverageEnv/contracts/RelevantToken.sol:370:23: Warning: Unused function parameter. Remove or comment out the variable name to silence this warning.
  function partialSum(uint256 _round) public  returns (uint256) {emit _ ...
                      ^------------^

Writing artifacts to ./build/contracts

Launched testrpc on port 8555
Running: truffle test --network coverage 
(this can take a few seconds)...
Using network 'coverage'.

{ tx:
   '0x98009fb48d1437f4dc4b5ffd3ca153d39efcfdc012923bdfda6bf8784c5af955',
  receipt:
   { transactionHash:
      '0x98009fb48d1437f4dc4b5ffd3ca153d39efcfdc012923bdfda6bf8784c5af955',
     transactionIndex: 0,
     blockHash:
      '0x7e89b2efd918d562d6a7d277c4aaebbe64ae8267ed5d34164026a9d70fca9188',
     blockNumber: 3,
     gasUsed: 531157,
     cumulativeGasUsed: 531157,
     contractAddress: null,
     logs: [ [Object], [Object], [Object] ],
     status: true,
     logsBloom:
      '0x00800000000000000000000000000000000000000000000000800000000000000080000000000000000000100000000000000000000000000100000000000002000000000004000000000008000000000001000004040000000000000000000000000000000000000000000000000000000000008040000000000010000000440000000000000000000000000000000000000000000000000000000000000000000000000000000000000000000000000000000000000000000000000000000000000002000000000000000000000000000000000000000000000000000000000000000000000000000000000000020000000000000000000000000000000000',
     rawLogs: [ [Object], [Object], [Object] ] },
  logs:
   [ { logIndex: 0,
       transactionIndex: 0,
       transactionHash:
        '0x98009fb48d1437f4dc4b5ffd3ca153d39efcfdc012923bdfda6bf8784c5af955',
       blockHash:
        '0x7e89b2efd918d562d6a7d277c4aaebbe64ae8267ed5d34164026a9d70fca9188',
       blockNumber: 3,
       address: '0x6222c18925eC1BC72452b7bea3D16E8FABcD23d7',
       type: 'mined',
       id: 'log_10aac52f',
       event: 'OwnershipTransferred',
       args: [Result] },
     { logIndex: 1,
       transactionIndex: 0,
       transactionHash:
        '0x98009fb48d1437f4dc4b5ffd3ca153d39efcfdc012923bdfda6bf8784c5af955',
       blockHash:
        '0x7e89b2efd918d562d6a7d277c4aaebbe64ae8267ed5d34164026a9d70fca9188',
       blockNumber: 3,
       address: '0x6222c18925eC1BC72452b7bea3D16E8FABcD23d7',
       type: 'mined',
       id: 'log_594e3b17',
       event: 'MinterAdded',
       args: [Result] },
     { logIndex: 2,
       transactionIndex: 0,
       transactionHash:
        '0x98009fb48d1437f4dc4b5ffd3ca153d39efcfdc012923bdfda6bf8784c5af955',
       blockHash:
        '0x7e89b2efd918d562d6a7d277c4aaebbe64ae8267ed5d34164026a9d70fca9188',
       blockNumber: 3,
       address: '0x6222c18925eC1BC72452b7bea3D16E8FABcD23d7',
       type: 'mined',
       id: 'log_f0d90000',
       event: 'Transfer',
       args: [Result] } ] }

[0m[0m
[0m  Contract: contractProxyMathUtils[0m
  [32m  ✓[0m[90m Should execute testvalidPerc(uint256)[0m
  [32m  ✓[0m[90m Should execute testpercOf0(uint256,uint256,uint256) WHEN PERC_DIVISOR>0[0m
  [32m  ✓[0m[90m Should execute testpercOf1(uint256,uint256) WHEN PERC_DIVISOR>0[0m
  [32m  ✓[0m[90m Should execute testpercPoints(uint256,uint256) WHEN _fracDenom>0[0m
  [32m  ✓[0m[90m Should fail testpercPoints(uint256,uint256) when NOT comply with: _fracDenom > 0[0m

[0m  Contract: contractProxyPower[0m
  [32m  ✓[0m[90m Should execute testpower(uint256,uint256,uint32,uint32)[0m[31m (113ms)[0m
  [32m  ✓[0m[90m Should execute testln(uint256,uint256) WHEN _numerator<=MAX_NUM[0m
  [31m  1) Should fail testln(uint256,uint256) when NOT comply with: _numerator <= MAX_NUM[0m
    > No events were emitted
  [32m  ✓[0m[90m Should execute testfloorLog2(uint256)[0m[33m (38ms)[0m
  [32m  ✓[0m[90m Should execute testfindPositionInMaxExpArray(uint256) WHEN maxExpArray>=_x[0m[33m (46ms)[0m
  [32m  ✓[0m[90m Should execute testfindPositionInMaxExpArray(uint256) WHEN maxExpArray<_x[0m[33m (48ms)[0m
  [32m  ✓[0m[90m Should execute testfindPositionInMaxExpArray(uint256) WHEN maxExpArray>=_x[0m[33m (45ms)[0m
  [32m  ✓[0m[90m Should execute testfindPositionInMaxExpArray(uint256) WHEN maxExpArray<_x,maxExpArray<_x[0m[33m (44ms)[0m
  [32m  ✓[0m[90m Should execute testfixedExp(uint256,uint8)[0m[33m (65ms)[0m

[0m  Contract: RelevantTokenMock[0m
  [32m  ✓[0m[90m Should execute roundNum()[0m
  [32m  ✓[0m[90m Should execute setRoundNum(uint256)[0m
  [31m  2) Should execute setLastRound(uint256,uint256,uint256) WHEN msg.sender==_owner,_roundNum<currentRound[0m

    Events emitted during test:
    ---------------------------

    OwnershipTransferred(previousOwner: <indexed>, newOwner: <indexed>)
    MinterAdded(account: <indexed>)
    Transfer(from: <indexed>, to: <indexed>, value: 38)

    ---------------------------
  [32m  ✓[0m[90m Should fail setLastRound(uint256,uint256,uint256) when NOT comply with: msg.sender == _owner[0m[31m (119ms)[0m
  [32m  ✓[0m[90m Should execute emptyDevBalance()[0m[33m (41ms)[0m

[0m  Contract: contractProxyRelevantToken[0m
  [31m  3) Should execute testpreMintTokens(uint256)[0m
    > No events were emitted
  [32m  ✓[0m[90m Should execute testnewTokensForConstantPhase(uint256,uint256)[0m[31m (156ms)[0m
  [32m  ✓[0m[90m Should execute testnewTokensForDecayPhase(uint256) WHEN lastRound==0[0m
  [31m  4) Should execute testnewTokensForDecayPhase(uint256) WHEN lastRound!=0[0m
    > No events were emitted
  [32m  ✓[0m[90m Should execute testnewTokensForDecayPhase(uint256) WHEN _roundsPassed<100000[0m[31m (326ms)[0m
  [31m  5) Should execute testnewTokensForDecayPhase(uint256) WHEN _roundsPassed>=100000,lastRound!=0[0m
    > No events were emitted
  [32m  ✓[0m[90m Should execute testnewTokensForCrossingDecay()[0m
  [32m  ✓[0m[90m Should execute testnewTokensForCrossingConst(uint256)[0m[31m (316ms)[0m
  [32m  ✓[0m[90m Should execute testsplitRewards(uint256)[0m
  [31m  6) Should execute testtoDevFund()[0m
    > No events were emitted

[0m  Contract: RelevantToken[0m
  [32m  ✓[0m[90m Should execute initialize(string,uint8,string,string,address,uint256,uint256,uint256,uint256,uint256,uint256,uint256) WHEN initialized!=true[0m[31m (131ms)[0m
  [31m  7) Should execute releaseTokens() WHEN lastRound>=targetRound,lastRound<currentRound[0m
    > No events were emitted
  [32m  ✓[0m[90m Should fail releaseTokens() when NOT comply with: lastRound < currentRound[0m[31m (134ms)[0m
  [31m  8) Should execute releaseTokens() WHEN currentRound<targetRound,lastRound<targetRound,lastRound<currentRound[0m

    Events emitted during test:
    ---------------------------

    OwnershipTransferred(previousOwner: <indexed>, newOwner: <indexed>)
    MinterAdded(account: <indexed>)
    Transfer(from: <indexed>, to: <indexed>, value: 116)

    ---------------------------
  [32m  ✓[0m[90m Should fail releaseTokens() when NOT comply with: lastRound < currentRound[0m[31m (126ms)[0m
  [31m  9) Should execute releaseTokens() WHEN currentRound>=targetRound,lastRound<targetRound,lastRound<currentRound[0m

    Events emitted during test:
    ---------------------------

    OwnershipTransferred(previousOwner: <indexed>, newOwner: <indexed>)
    MinterAdded(account: <indexed>)
    Transfer(from: <indexed>, to: <indexed>, value: 61)

    ---------------------------
  [32m  ✓[0m[90m Should fail releaseTokens() when NOT comply with: lastRound < currentRound[0m[31m (120ms)[0m
  [32m  ✓[0m[90m Should execute partialSum(uint256)[0m
  [32m  ✓[0m[90m Should execute allocateRewards(uint256) WHEN msg.sender==_owner,_rewards<=rewardFund[0m[31m (110ms)[0m
  [32m  ✓[0m[90m Should fail allocateRewards(uint256) when NOT comply with: msg.sender == _owner[0m[31m (108ms)[0m
  [32m  ✓[0m[90m Should fail allocateRewards(uint256) when NOT comply with: _rewards <= rewardFund[0m[31m (112ms)[0m
  [32m  ✓[0m[90m Should execute allocateAirdrops(uint256) WHEN msg.sender==_owner,_rewards<=airdropFund[0m[31m (105ms)[0m
  [32m  ✓[0m[90m Should fail allocateAirdrops(uint256) when NOT comply with: msg.sender == _owner[0m[31m (121ms)[0m
  [32m  ✓[0m[90m Should fail allocateAirdrops(uint256) when NOT comply with: _rewards <= airdropFund[0m[31m (118ms)[0m
  [31m  10) Should execute claimTokens(uint256,bytes) WHEN allocatedRewards>=_amount,_owner==recOwner[0m

    Events emitted during test:
    ---------------------------

    OwnershipTransferred(previousOwner: <indexed>, newOwner: <indexed>)
    MinterAdded(account: <indexed>)
    Transfer(from: <indexed>, to: <indexed>, value: 117)

    ---------------------------
  [32m  ✓[0m[90m Should fail claimTokens(uint256,bytes) when NOT comply with: allocatedRewards >= _amount[0m[31m (157ms)[0m
  [32m  ✓[0m[90m Should execute nonceOf(address)[0m
  [32m  ✓[0m[90m Should execute roundNum() WHEN roundLength>0[0m[31m (98ms)[0m
  [32m  ✓[0m[90m Should fail roundNum() when NOT comply with: roundLength > 0[0m[31m (104ms)[0m
  [31m  11) Should execute roundsSincleLast()[0m
    > No events were emitted


[92m [0m[32m 38 passing[0m[90m (47s)[0m
[31m  11 failing[0m

[0m  1) Contract: contractProxyPower
       Should fail testln(uint256,uint256) when NOT comply with: _numerator <= MAX_NUM:
[0m[31m     AssertionError: Did not fail[0m[90m
      at fails (/home/fabianorodrigo/.nvm/versions/node/v10.15.3/lib/node_modules/truffle-assertions/index.js:161:9)
      at process._tickCallback (internal/process/next_tick.js:68:7)
[0m
[0m  2) Contract: RelevantTokenMock
       Should execute setLastRound(uint256,uint256,uint256) WHEN msg.sender==_owner,_roundNum<currentRound:
[0m[31m     Error: Returned error: VM Exception while processing transaction: revert -- Reason given: Last release must be before current round.[0m[90m
      at Object.ErrorResponse (/home/fabianorodrigo/Projetos/bitbucket/solidity-test/workdir/token/node_modules/truffle/build/webpack:/~/web3-eth/~/web3-core-helpers/src/errors.js:29:1)
      at /home/fabianorodrigo/Projetos/bitbucket/solidity-test/workdir/token/node_modules/truffle/build/webpack:/~/web3-eth/~/web3-core-requestmanager/src/index.js:140:1
      at /home/fabianorodrigo/Projetos/bitbucket/solidity-test/workdir/token/node_modules/truffle/build/webpack:/packages/truffle-provider/wrapper.js:112:1
      at XMLHttpRequest.request.onreadystatechange (/home/fabianorodrigo/Projetos/bitbucket/solidity-test/workdir/token/node_modules/truffle/build/webpack:/~/web3/~/web3-providers-http/src/index.js:96:1)
      at XMLHttpRequestEventTarget.dispatchEvent (/home/fabianorodrigo/Projetos/bitbucket/solidity-test/workdir/token/node_modules/truffle/build/webpack:/~/xhr2-cookies/dist/xml-http-request-event-target.js:34:1)
      at XMLHttpRequest._setReadyState (/home/fabianorodrigo/Projetos/bitbucket/solidity-test/workdir/token/node_modules/truffle/build/webpack:/~/xhr2-cookies/dist/xml-http-request.js:208:1)
      at XMLHttpRequest._onHttpResponseEnd (/home/fabianorodrigo/Projetos/bitbucket/solidity-test/workdir/token/node_modules/truffle/build/webpack:/~/xhr2-cookies/dist/xml-http-request.js:318:1)
      at IncomingMessage.<anonymous> (/home/fabianorodrigo/Projetos/bitbucket/solidity-test/workdir/token/node_modules/truffle/build/webpack:/~/xhr2-cookies/dist/xml-http-request.js:289:47)
      at endReadableNT (_stream_readable.js:1125:12)
      at process._tickCallback (internal/process/next_tick.js:63:19)
[0m
[0m  3) Contract: contractProxyRelevantToken
       Should execute testpreMintTokens(uint256):
[0m[31m     Error: Returned error: VM Exception while processing transaction: revert[0m[90m
      at Object.ErrorResponse (/home/fabianorodrigo/Projetos/bitbucket/solidity-test/workdir/token/node_modules/truffle/build/webpack:/~/web3-eth/~/web3-core-helpers/src/errors.js:29:1)
      at /home/fabianorodrigo/Projetos/bitbucket/solidity-test/workdir/token/node_modules/truffle/build/webpack:/~/web3-eth/~/web3-core-requestmanager/src/index.js:140:1
      at /home/fabianorodrigo/Projetos/bitbucket/solidity-test/workdir/token/node_modules/truffle/build/webpack:/packages/truffle-provider/wrapper.js:112:1
      at XMLHttpRequest.request.onreadystatechange (/home/fabianorodrigo/Projetos/bitbucket/solidity-test/workdir/token/node_modules/truffle/build/webpack:/~/web3/~/web3-providers-http/src/index.js:96:1)
      at XMLHttpRequestEventTarget.dispatchEvent (/home/fabianorodrigo/Projetos/bitbucket/solidity-test/workdir/token/node_modules/truffle/build/webpack:/~/xhr2-cookies/dist/xml-http-request-event-target.js:34:1)
      at XMLHttpRequest._setReadyState (/home/fabianorodrigo/Projetos/bitbucket/solidity-test/workdir/token/node_modules/truffle/build/webpack:/~/xhr2-cookies/dist/xml-http-request.js:208:1)
      at XMLHttpRequest._onHttpResponseEnd (/home/fabianorodrigo/Projetos/bitbucket/solidity-test/workdir/token/node_modules/truffle/build/webpack:/~/xhr2-cookies/dist/xml-http-request.js:318:1)
      at IncomingMessage.<anonymous> (/home/fabianorodrigo/Projetos/bitbucket/solidity-test/workdir/token/node_modules/truffle/build/webpack:/~/xhr2-cookies/dist/xml-http-request.js:289:47)
      at endReadableNT (_stream_readable.js:1125:12)
      at process._tickCallback (internal/process/next_tick.js:63:19)
[0m
[0m  4) Contract: contractProxyRelevantToken
       Should execute testnewTokensForDecayPhase(uint256) WHEN lastRound!=0:
[0m[31m     Error: Returned error: VM Exception while processing transaction: revert[0m[90m
      at Object.ErrorResponse (/home/fabianorodrigo/Projetos/bitbucket/solidity-test/workdir/token/node_modules/truffle/build/webpack:/~/web3-eth/~/web3-core-helpers/src/errors.js:29:1)
      at /home/fabianorodrigo/Projetos/bitbucket/solidity-test/workdir/token/node_modules/truffle/build/webpack:/~/web3-eth/~/web3-core-requestmanager/src/index.js:140:1
      at /home/fabianorodrigo/Projetos/bitbucket/solidity-test/workdir/token/node_modules/truffle/build/webpack:/packages/truffle-provider/wrapper.js:112:1
      at XMLHttpRequest.request.onreadystatechange (/home/fabianorodrigo/Projetos/bitbucket/solidity-test/workdir/token/node_modules/truffle/build/webpack:/~/web3/~/web3-providers-http/src/index.js:96:1)
      at XMLHttpRequestEventTarget.dispatchEvent (/home/fabianorodrigo/Projetos/bitbucket/solidity-test/workdir/token/node_modules/truffle/build/webpack:/~/xhr2-cookies/dist/xml-http-request-event-target.js:34:1)
      at XMLHttpRequest._setReadyState (/home/fabianorodrigo/Projetos/bitbucket/solidity-test/workdir/token/node_modules/truffle/build/webpack:/~/xhr2-cookies/dist/xml-http-request.js:208:1)
      at XMLHttpRequest._onHttpResponseEnd (/home/fabianorodrigo/Projetos/bitbucket/solidity-test/workdir/token/node_modules/truffle/build/webpack:/~/xhr2-cookies/dist/xml-http-request.js:318:1)
      at IncomingMessage.<anonymous> (/home/fabianorodrigo/Projetos/bitbucket/solidity-test/workdir/token/node_modules/truffle/build/webpack:/~/xhr2-cookies/dist/xml-http-request.js:289:47)
      at endReadableNT (_stream_readable.js:1125:12)
      at process._tickCallback (internal/process/next_tick.js:63:19)
[0m
[0m  5) Contract: contractProxyRelevantToken
       Should execute testnewTokensForDecayPhase(uint256) WHEN _roundsPassed>=100000,lastRound!=0:
[0m[31m     Error: Returned error: VM Exception while processing transaction: revert[0m[90m
      at Object.ErrorResponse (/home/fabianorodrigo/Projetos/bitbucket/solidity-test/workdir/token/node_modules/truffle/build/webpack:/~/web3-eth/~/web3-core-helpers/src/errors.js:29:1)
      at /home/fabianorodrigo/Projetos/bitbucket/solidity-test/workdir/token/node_modules/truffle/build/webpack:/~/web3-eth/~/web3-core-requestmanager/src/index.js:140:1
      at /home/fabianorodrigo/Projetos/bitbucket/solidity-test/workdir/token/node_modules/truffle/build/webpack:/packages/truffle-provider/wrapper.js:112:1
      at XMLHttpRequest.request.onreadystatechange (/home/fabianorodrigo/Projetos/bitbucket/solidity-test/workdir/token/node_modules/truffle/build/webpack:/~/web3/~/web3-providers-http/src/index.js:96:1)
      at XMLHttpRequestEventTarget.dispatchEvent (/home/fabianorodrigo/Projetos/bitbucket/solidity-test/workdir/token/node_modules/truffle/build/webpack:/~/xhr2-cookies/dist/xml-http-request-event-target.js:34:1)
      at XMLHttpRequest._setReadyState (/home/fabianorodrigo/Projetos/bitbucket/solidity-test/workdir/token/node_modules/truffle/build/webpack:/~/xhr2-cookies/dist/xml-http-request.js:208:1)
      at XMLHttpRequest._onHttpResponseEnd (/home/fabianorodrigo/Projetos/bitbucket/solidity-test/workdir/token/node_modules/truffle/build/webpack:/~/xhr2-cookies/dist/xml-http-request.js:318:1)
      at IncomingMessage.<anonymous> (/home/fabianorodrigo/Projetos/bitbucket/solidity-test/workdir/token/node_modules/truffle/build/webpack:/~/xhr2-cookies/dist/xml-http-request.js:289:47)
      at endReadableNT (_stream_readable.js:1125:12)
      at process._tickCallback (internal/process/next_tick.js:63:19)
[0m
[0m  6) Contract: contractProxyRelevantToken
       Should execute testtoDevFund():
[0m[31m     Error: Returned error: VM Exception while processing transaction: revert[0m[90m
      at Object.ErrorResponse (/home/fabianorodrigo/Projetos/bitbucket/solidity-test/workdir/token/node_modules/truffle/build/webpack:/~/web3-eth/~/web3-core-helpers/src/errors.js:29:1)
      at /home/fabianorodrigo/Projetos/bitbucket/solidity-test/workdir/token/node_modules/truffle/build/webpack:/~/web3-eth/~/web3-core-requestmanager/src/index.js:140:1
      at /home/fabianorodrigo/Projetos/bitbucket/solidity-test/workdir/token/node_modules/truffle/build/webpack:/packages/truffle-provider/wrapper.js:112:1
      at XMLHttpRequest.request.onreadystatechange (/home/fabianorodrigo/Projetos/bitbucket/solidity-test/workdir/token/node_modules/truffle/build/webpack:/~/web3/~/web3-providers-http/src/index.js:96:1)
      at XMLHttpRequestEventTarget.dispatchEvent (/home/fabianorodrigo/Projetos/bitbucket/solidity-test/workdir/token/node_modules/truffle/build/webpack:/~/xhr2-cookies/dist/xml-http-request-event-target.js:34:1)
      at XMLHttpRequest._setReadyState (/home/fabianorodrigo/Projetos/bitbucket/solidity-test/workdir/token/node_modules/truffle/build/webpack:/~/xhr2-cookies/dist/xml-http-request.js:208:1)
      at XMLHttpRequest._onHttpResponseEnd (/home/fabianorodrigo/Projetos/bitbucket/solidity-test/workdir/token/node_modules/truffle/build/webpack:/~/xhr2-cookies/dist/xml-http-request.js:318:1)
      at IncomingMessage.<anonymous> (/home/fabianorodrigo/Projetos/bitbucket/solidity-test/workdir/token/node_modules/truffle/build/webpack:/~/xhr2-cookies/dist/xml-http-request.js:289:47)
      at endReadableNT (_stream_readable.js:1125:12)
      at process._tickCallback (internal/process/next_tick.js:63:19)
[0m
[0m  7) Contract: RelevantToken
       Should execute releaseTokens() WHEN lastRound>=targetRound,lastRound<currentRound:
[0m[31m     Error: Returned error: VM Exception while processing transaction: revert[0m[90m
      at Object.ErrorResponse (/home/fabianorodrigo/Projetos/bitbucket/solidity-test/workdir/token/node_modules/truffle/build/webpack:/~/web3-eth/~/web3-core-helpers/src/errors.js:29:1)
      at /home/fabianorodrigo/Projetos/bitbucket/solidity-test/workdir/token/node_modules/truffle/build/webpack:/~/web3-eth/~/web3-core-requestmanager/src/index.js:140:1
      at /home/fabianorodrigo/Projetos/bitbucket/solidity-test/workdir/token/node_modules/truffle/build/webpack:/packages/truffle-provider/wrapper.js:112:1
      at XMLHttpRequest.request.onreadystatechange (/home/fabianorodrigo/Projetos/bitbucket/solidity-test/workdir/token/node_modules/truffle/build/webpack:/~/web3/~/web3-providers-http/src/index.js:96:1)
      at XMLHttpRequestEventTarget.dispatchEvent (/home/fabianorodrigo/Projetos/bitbucket/solidity-test/workdir/token/node_modules/truffle/build/webpack:/~/xhr2-cookies/dist/xml-http-request-event-target.js:34:1)
      at XMLHttpRequest._setReadyState (/home/fabianorodrigo/Projetos/bitbucket/solidity-test/workdir/token/node_modules/truffle/build/webpack:/~/xhr2-cookies/dist/xml-http-request.js:208:1)
      at XMLHttpRequest._onHttpResponseEnd (/home/fabianorodrigo/Projetos/bitbucket/solidity-test/workdir/token/node_modules/truffle/build/webpack:/~/xhr2-cookies/dist/xml-http-request.js:318:1)
      at IncomingMessage.<anonymous> (/home/fabianorodrigo/Projetos/bitbucket/solidity-test/workdir/token/node_modules/truffle/build/webpack:/~/xhr2-cookies/dist/xml-http-request.js:289:47)
      at endReadableNT (_stream_readable.js:1125:12)
      at process._tickCallback (internal/process/next_tick.js:63:19)
[0m
[0m  8) Contract: RelevantToken
       Should execute releaseTokens() WHEN currentRound<targetRound,lastRound<targetRound,lastRound<currentRound:
[0m[31m     Error: Returned error: VM Exception while processing transaction: revert -- Reason given: No new rewards available.[0m[90m
      at Object.ErrorResponse (/home/fabianorodrigo/Projetos/bitbucket/solidity-test/workdir/token/node_modules/truffle/build/webpack:/~/web3-eth/~/web3-core-helpers/src/errors.js:29:1)
      at /home/fabianorodrigo/Projetos/bitbucket/solidity-test/workdir/token/node_modules/truffle/build/webpack:/~/web3-eth/~/web3-core-requestmanager/src/index.js:140:1
      at /home/fabianorodrigo/Projetos/bitbucket/solidity-test/workdir/token/node_modules/truffle/build/webpack:/packages/truffle-provider/wrapper.js:112:1
      at XMLHttpRequest.request.onreadystatechange (/home/fabianorodrigo/Projetos/bitbucket/solidity-test/workdir/token/node_modules/truffle/build/webpack:/~/web3/~/web3-providers-http/src/index.js:96:1)
      at XMLHttpRequestEventTarget.dispatchEvent (/home/fabianorodrigo/Projetos/bitbucket/solidity-test/workdir/token/node_modules/truffle/build/webpack:/~/xhr2-cookies/dist/xml-http-request-event-target.js:34:1)
      at XMLHttpRequest._setReadyState (/home/fabianorodrigo/Projetos/bitbucket/solidity-test/workdir/token/node_modules/truffle/build/webpack:/~/xhr2-cookies/dist/xml-http-request.js:208:1)
      at XMLHttpRequest._onHttpResponseEnd (/home/fabianorodrigo/Projetos/bitbucket/solidity-test/workdir/token/node_modules/truffle/build/webpack:/~/xhr2-cookies/dist/xml-http-request.js:318:1)
      at IncomingMessage.<anonymous> (/home/fabianorodrigo/Projetos/bitbucket/solidity-test/workdir/token/node_modules/truffle/build/webpack:/~/xhr2-cookies/dist/xml-http-request.js:289:47)
      at endReadableNT (_stream_readable.js:1125:12)
      at process._tickCallback (internal/process/next_tick.js:63:19)
[0m
[0m  9) Contract: RelevantToken
       Should execute releaseTokens() WHEN currentRound>=targetRound,lastRound<targetRound,lastRound<currentRound:
[0m[31m     Error: Returned error: VM Exception while processing transaction: revert -- Reason given: No new rewards available.[0m[90m
      at Object.ErrorResponse (/home/fabianorodrigo/Projetos/bitbucket/solidity-test/workdir/token/node_modules/truffle/build/webpack:/~/web3-eth/~/web3-core-helpers/src/errors.js:29:1)
      at /home/fabianorodrigo/Projetos/bitbucket/solidity-test/workdir/token/node_modules/truffle/build/webpack:/~/web3-eth/~/web3-core-requestmanager/src/index.js:140:1
      at /home/fabianorodrigo/Projetos/bitbucket/solidity-test/workdir/token/node_modules/truffle/build/webpack:/packages/truffle-provider/wrapper.js:112:1
      at XMLHttpRequest.request.onreadystatechange (/home/fabianorodrigo/Projetos/bitbucket/solidity-test/workdir/token/node_modules/truffle/build/webpack:/~/web3/~/web3-providers-http/src/index.js:96:1)
      at XMLHttpRequestEventTarget.dispatchEvent (/home/fabianorodrigo/Projetos/bitbucket/solidity-test/workdir/token/node_modules/truffle/build/webpack:/~/xhr2-cookies/dist/xml-http-request-event-target.js:34:1)
      at XMLHttpRequest._setReadyState (/home/fabianorodrigo/Projetos/bitbucket/solidity-test/workdir/token/node_modules/truffle/build/webpack:/~/xhr2-cookies/dist/xml-http-request.js:208:1)
      at XMLHttpRequest._onHttpResponseEnd (/home/fabianorodrigo/Projetos/bitbucket/solidity-test/workdir/token/node_modules/truffle/build/webpack:/~/xhr2-cookies/dist/xml-http-request.js:318:1)
      at IncomingMessage.<anonymous> (/home/fabianorodrigo/Projetos/bitbucket/solidity-test/workdir/token/node_modules/truffle/build/webpack:/~/xhr2-cookies/dist/xml-http-request.js:289:47)
      at endReadableNT (_stream_readable.js:1125:12)
      at process._tickCallback (internal/process/next_tick.js:63:19)
[0m
[0m  10) Contract: RelevantToken
       Should execute claimTokens(uint256,bytes) WHEN allocatedRewards>=_amount,_owner==recOwner:
[0m[31m     Error: Returned error: VM Exception while processing transaction: revert -- Reason given: Claim not authorized.[0m[90m
      at Object.ErrorResponse (/home/fabianorodrigo/Projetos/bitbucket/solidity-test/workdir/token/node_modules/truffle/build/webpack:/~/web3-eth/~/web3-core-helpers/src/errors.js:29:1)
      at /home/fabianorodrigo/Projetos/bitbucket/solidity-test/workdir/token/node_modules/truffle/build/webpack:/~/web3-eth/~/web3-core-requestmanager/src/index.js:140:1
      at /home/fabianorodrigo/Projetos/bitbucket/solidity-test/workdir/token/node_modules/truffle/build/webpack:/packages/truffle-provider/wrapper.js:112:1
      at XMLHttpRequest.request.onreadystatechange (/home/fabianorodrigo/Projetos/bitbucket/solidity-test/workdir/token/node_modules/truffle/build/webpack:/~/web3/~/web3-providers-http/src/index.js:96:1)
      at XMLHttpRequestEventTarget.dispatchEvent (/home/fabianorodrigo/Projetos/bitbucket/solidity-test/workdir/token/node_modules/truffle/build/webpack:/~/xhr2-cookies/dist/xml-http-request-event-target.js:34:1)
      at XMLHttpRequest._setReadyState (/home/fabianorodrigo/Projetos/bitbucket/solidity-test/workdir/token/node_modules/truffle/build/webpack:/~/xhr2-cookies/dist/xml-http-request.js:208:1)
      at XMLHttpRequest._onHttpResponseEnd (/home/fabianorodrigo/Projetos/bitbucket/solidity-test/workdir/token/node_modules/truffle/build/webpack:/~/xhr2-cookies/dist/xml-http-request.js:318:1)
      at IncomingMessage.<anonymous> (/home/fabianorodrigo/Projetos/bitbucket/solidity-test/workdir/token/node_modules/truffle/build/webpack:/~/xhr2-cookies/dist/xml-http-request.js:289:47)
      at endReadableNT (_stream_readable.js:1125:12)
      at process._tickCallback (internal/process/next_tick.js:63:19)
[0m
[0m  11) Contract: RelevantToken
       Should execute roundsSincleLast():
[0m[31m     Error: Returned error: VM Exception while processing transaction: revert[0m[90m
      at Object.ErrorResponse (/home/fabianorodrigo/Projetos/bitbucket/solidity-test/workdir/token/node_modules/truffle/build/webpack:/~/web3-eth-contract/~/web3-core-helpers/src/errors.js:29:1)
      at /home/fabianorodrigo/Projetos/bitbucket/solidity-test/workdir/token/node_modules/truffle/build/webpack:/~/web3-eth-contract/~/web3-core-requestmanager/src/index.js:140:1
      at /home/fabianorodrigo/Projetos/bitbucket/solidity-test/workdir/token/node_modules/truffle/build/webpack:/packages/truffle-provider/wrapper.js:112:1
      at XMLHttpRequest.request.onreadystatechange (/home/fabianorodrigo/Projetos/bitbucket/solidity-test/workdir/token/node_modules/truffle/build/webpack:/~/web3/~/web3-providers-http/src/index.js:96:1)
      at XMLHttpRequestEventTarget.dispatchEvent (/home/fabianorodrigo/Projetos/bitbucket/solidity-test/workdir/token/node_modules/truffle/build/webpack:/~/xhr2-cookies/dist/xml-http-request-event-target.js:34:1)
      at XMLHttpRequest._setReadyState (/home/fabianorodrigo/Projetos/bitbucket/solidity-test/workdir/token/node_modules/truffle/build/webpack:/~/xhr2-cookies/dist/xml-http-request.js:208:1)
      at XMLHttpRequest._onHttpResponseEnd (/home/fabianorodrigo/Projetos/bitbucket/solidity-test/workdir/token/node_modules/truffle/build/webpack:/~/xhr2-cookies/dist/xml-http-request.js:318:1)
      at IncomingMessage.<anonymous> (/home/fabianorodrigo/Projetos/bitbucket/solidity-test/workdir/token/node_modules/truffle/build/webpack:/~/xhr2-cookies/dist/xml-http-request.js:289:47)
      at endReadableNT (_stream_readable.js:1125:12)
      at process._tickCallback (internal/process/next_tick.js:63:19)
[0m


------------------------|----------|----------|----------|----------|----------------|
File                    |  % Stmts | % Branch |  % Funcs |  % Lines |Uncovered Lines |
------------------------|----------|----------|----------|----------|----------------|
 contracts/             |    89.46 |    54.76 |      100 |    89.67 |                |
  MathUtils.sol         |      100 |      100 |      100 |      100 |                |
  Power.sol             |    96.08 |       60 |      100 |    96.08 |... 275,277,278 |
  RelevantToken.sol     |    73.26 |       50 |      100 |       75 |... 274,275,276 |
 contracts/proxy4tests/ |      100 |      100 |      100 |      100 |                |
  MathUtils.sol         |      100 |      100 |      100 |      100 |                |
  Power.sol             |      100 |      100 |      100 |      100 |                |
  RelevantToken.sol     |      100 |      100 |      100 |      100 |                |
------------------------|----------|----------|----------|----------|----------------|
All files               |       90 |    54.76 |      100 |    90.19 |                |
------------------------|----------|----------|----------|----------|----------------|

Istanbul coverage reports generated
Cleaning up...
Shutting down testrpc-sc (pid 168931)
Some truffle tests failed while running coverage
