npx solidity-coverage
qua 11 nov 2020 17:00:50 -03
Truffle v5.0.27 (core: 5.0.27)
Solidity - 0.4.25 (solc-js)
Node v10.15.3
Web3.js v1.0.0-beta.37
Generating coverage environment
Running: truffle compile --network coverage 
(this can take a few seconds)...

Compiling your contracts...
===========================
> Compiling ./contracts/BancorFormula.sol
> Compiling ./contracts/BondingCurveToken.sol
> Compiling ./contracts/ERC20BondingToken.sol
> Compiling ./contracts/EthBondingToken.sol
> Compiling ./contracts/Migrations.sol
> Compiling ./contracts/TestERC20BondingToken.sol
> Compiling ./contracts/TestEthBondingToken.sol
> Compiling ./contracts/TestToken.sol
> Compiling ./contracts/math/Power.sol
> Compiling ./contracts/proxy4tests/ERC20BondingToken.sol
> Compiling ./contracts/proxy4tests/EthBondingToken.sol
> Compiling ./contracts/proxy4tests/Power.sol
> Compiling openzeppelin-eth/contracts/access/Roles.sol
> Compiling openzeppelin-eth/contracts/access/roles/MinterRole.sol
> Compiling openzeppelin-eth/contracts/access/roles/PauserRole.sol
> Compiling openzeppelin-eth/contracts/lifecycle/Pausable.sol
> Compiling openzeppelin-eth/contracts/math/SafeMath.sol
> Compiling openzeppelin-eth/contracts/token/ERC20/ERC20.sol
> Compiling openzeppelin-eth/contracts/token/ERC20/ERC20Detailed.sol
> Compiling openzeppelin-eth/contracts/token/ERC20/ERC20Mintable.sol
> Compiling openzeppelin-eth/contracts/token/ERC20/ERC20Pausable.sol
> Compiling openzeppelin-eth/contracts/token/ERC20/IERC20.sol
> Compiling openzeppelin-eth/contracts/token/ERC20/StandaloneERC20.sol
> Compiling zos-lib/contracts/Initializable.sol

    > compilation warnings encountered:

/home/fabianorodrigo/Projetos/bitbucket/solidity-test/workdir/curve-bonded-tokens/coverageEnv/contracts/proxy4tests/ERC20BondingToken.sol:1:1: Warning: Source file does not specify required compiler version!Consider adding "pragma solidity ^0.4.25;"
import "../ERC20BondingToken.sol";
^ (Relevant source part starts here and spans across multiple lines).
,/home/fabianorodrigo/Projetos/bitbucket/solidity-test/workdir/curve-bonded-tokens/coverageEnv/contracts/proxy4tests/EthBondingToken.sol:1:1: Warning: Source file does not specify required compiler version!Consider adding "pragma solidity ^0.4.25;"
import "../EthBondingToken.sol";
^ (Relevant source part starts here and spans across multiple lines).
,/home/fabianorodrigo/Projetos/bitbucket/solidity-test/workdir/curve-bonded-tokens/coverageEnv/contracts/proxy4tests/Power.sol:1:1: Warning: Source file does not specify required compiler version!Consider adding "pragma solidity ^0.4.25;"
import "../math/Power.sol";
^ (Relevant source part starts here and spans across multiple lines).

> Artifacts written to /home/fabianorodrigo/Projetos/bitbucket/solidity-test/workdir/curve-bonded-tokens/coverageEnv/build/contracts
> Compiled successfully using:
   - solc: 0.4.25+commit.59dbf8f1.Emscripten.clang

Instrumenting  ./coverageEnv/contracts/BancorFormula.sol
Instrumenting  ./coverageEnv/contracts/BondingCurveToken.sol
Instrumenting  ./coverageEnv/contracts/ERC20BondingToken.sol
Instrumenting  ./coverageEnv/contracts/EthBondingToken.sol
Instrumenting  ./coverageEnv/contracts/math/Power.sol
Skipping instrumentation of  ./coverageEnv/contracts/Migrations.sol
Instrumenting  ./coverageEnv/contracts/proxy4tests/ERC20BondingToken.sol
Instrumenting  ./coverageEnv/contracts/proxy4tests/EthBondingToken.sol
Instrumenting  ./coverageEnv/contracts/proxy4tests/Power.sol
Instrumenting  ./coverageEnv/contracts/TestERC20BondingToken.sol
Instrumenting  ./coverageEnv/contracts/TestEthBondingToken.sol
Instrumenting  ./coverageEnv/contracts/TestToken.sol
Running: truffle compile --network coverage 
(this can take a few seconds)...

Compiling your contracts...
===========================
> Compiling ./contracts/BancorFormula.sol
> Compiling ./contracts/BondingCurveToken.sol
> Compiling ./contracts/ERC20BondingToken.sol
> Compiling ./contracts/EthBondingToken.sol
> Compiling ./contracts/Migrations.sol
> Compiling ./contracts/TestERC20BondingToken.sol
> Compiling ./contracts/TestEthBondingToken.sol
> Compiling ./contracts/TestToken.sol
> Compiling ./contracts/math/Power.sol
> Compiling ./contracts/proxy4tests/ERC20BondingToken.sol
> Compiling ./contracts/proxy4tests/EthBondingToken.sol
> Compiling ./contracts/proxy4tests/Power.sol
> Compiling openzeppelin-eth/contracts/access/Roles.sol
> Compiling openzeppelin-eth/contracts/access/roles/MinterRole.sol
> Compiling openzeppelin-eth/contracts/access/roles/PauserRole.sol
> Compiling openzeppelin-eth/contracts/lifecycle/Pausable.sol
> Compiling openzeppelin-eth/contracts/math/SafeMath.sol
> Compiling openzeppelin-eth/contracts/token/ERC20/ERC20.sol
> Compiling openzeppelin-eth/contracts/token/ERC20/ERC20Detailed.sol
> Compiling openzeppelin-eth/contracts/token/ERC20/ERC20Mintable.sol
> Compiling openzeppelin-eth/contracts/token/ERC20/ERC20Pausable.sol
> Compiling openzeppelin-eth/contracts/token/ERC20/IERC20.sol
> Compiling openzeppelin-eth/contracts/token/ERC20/StandaloneERC20.sol
> Compiling zos-lib/contracts/Initializable.sol

    > compilation warnings encountered:

/home/fabianorodrigo/Projetos/bitbucket/solidity-test/workdir/curve-bonded-tokens/coverageEnv/contracts/proxy4tests/ERC20BondingToken.sol:1:1: Warning: Source file does not specify required compiler version!Consider adding "pragma solidity ^0.4.25;"
import "../ERC20BondingToken.sol";
^ (Relevant source part starts here and spans across multiple lines).
,/home/fabianorodrigo/Projetos/bitbucket/solidity-test/workdir/curve-bonded-tokens/coverageEnv/contracts/proxy4tests/EthBondingToken.sol:1:1: Warning: Source file does not specify required compiler version!Consider adding "pragma solidity ^0.4.25;"
import "../EthBondingToken.sol";
^ (Relevant source part starts here and spans across multiple lines).
,/home/fabianorodrigo/Projetos/bitbucket/solidity-test/workdir/curve-bonded-tokens/coverageEnv/contracts/proxy4tests/Power.sol:1:1: Warning: Source file does not specify required compiler version!Consider adding "pragma solidity ^0.4.25;"
import "../math/Power.sol";
^ (Relevant source part starts here and spans across multiple lines).

> Artifacts written to /home/fabianorodrigo/Projetos/bitbucket/solidity-test/workdir/curve-bonded-tokens/coverageEnv/build/contracts
> Compiled successfully using:
   - solc: 0.4.25+commit.59dbf8f1.Emscripten.clang

Launched testrpc on port 8555
Running: truffle test --network coverage 
(this can take a few seconds)...
Using network 'coverage'.


Compiling your contracts...
===========================
> Everything is up to date, there is nothing to compile.


[0m[0m
[0m  Contract: BancorFormula[0m
  [32m  ✓[0m[90m Should execute calculatePurchaseReturn(uint256,uint256,uint32,uint256) WHEN _depositAmount==0,_supply>0,_connectorBalance>0,_connectorWeight>0,_connectorWeight<=MAX_WEIGHT[0m
  [32m  ✓[0m[90m Should fail calculatePurchaseReturn(uint256,uint256,uint32,uint256) when NOT comply with: _supply > 0[0m
  [32m  ✓[0m[90m Should fail calculatePurchaseReturn(uint256,uint256,uint32,uint256) when NOT comply with: _connectorBalance > 0[0m
  [32m  ✓[0m[90m Should fail calculatePurchaseReturn(uint256,uint256,uint32,uint256) when NOT comply with: _connectorWeight > 0[0m
  [32m  ✓[0m[90m Should fail calculatePurchaseReturn(uint256,uint256,uint32,uint256) when NOT comply with: _connectorWeight <= MAX_WEIGHT[0m
  [32m  ✓[0m[90m Should execute calculatePurchaseReturn(uint256,uint256,uint32,uint256) WHEN _depositAmount!=0,_supply>0,_connectorBalance>0,_connectorWeight>0,_connectorWeight<=MAX_WEIGHT[0m[31m (340ms)[0m
  [32m  ✓[0m[90m Should fail calculatePurchaseReturn(uint256,uint256,uint32,uint256) when NOT comply with: _supply > 0[0m
  [32m  ✓[0m[90m Should fail calculatePurchaseReturn(uint256,uint256,uint32,uint256) when NOT comply with: _connectorBalance > 0[0m
  [32m  ✓[0m[90m Should fail calculatePurchaseReturn(uint256,uint256,uint32,uint256) when NOT comply with: _connectorWeight > 0[0m
  [32m  ✓[0m[90m Should fail calculatePurchaseReturn(uint256,uint256,uint32,uint256) when NOT comply with: _connectorWeight <= MAX_WEIGHT[0m
  [32m  ✓[0m[90m Should execute calculatePurchaseReturn(uint256,uint256,uint32,uint256) WHEN _connectorWeight==MAX_WEIGHT,_supply>0,_connectorBalance>0,_connectorWeight>0,_connectorWeight<=MAX_WEIGHT,_connectorBalance>0[0m[31m (122ms)[0m
  [32m  ✓[0m[90m Should fail calculatePurchaseReturn(uint256,uint256,uint32,uint256) when NOT comply with: _supply > 0[0m
  [32m  ✓[0m[90m Should fail calculatePurchaseReturn(uint256,uint256,uint32,uint256) when NOT comply with: _connectorBalance > 0[0m
  [32m  ✓[0m[90m Should fail calculatePurchaseReturn(uint256,uint256,uint32,uint256) when NOT comply with: _connectorWeight > 0[0m
  [32m  ✓[0m[90m Should fail calculatePurchaseReturn(uint256,uint256,uint32,uint256) when NOT comply with: _connectorWeight <= MAX_WEIGHT[0m
  [32m  ✓[0m[90m Should fail calculatePurchaseReturn(uint256,uint256,uint32,uint256) when NOT comply with: _connectorBalance > 0[0m
  [32m  ✓[0m[90m Should execute calculatePurchaseReturn(uint256,uint256,uint32,uint256) WHEN _connectorWeight!=MAX_WEIGHT,_depositAmount!=0,_supply>0,_connectorBalance>0,_connectorWeight>0,_connectorWeight<=MAX_WEIGHT[0m[33m (74ms)[0m
  [32m  ✓[0m[90m Should fail calculatePurchaseReturn(uint256,uint256,uint32,uint256) when NOT comply with: _supply > 0[0m
  [32m  ✓[0m[90m Should fail calculatePurchaseReturn(uint256,uint256,uint32,uint256) when NOT comply with: _connectorBalance > 0[0m
  [32m  ✓[0m[90m Should fail calculatePurchaseReturn(uint256,uint256,uint32,uint256) when NOT comply with: _connectorWeight > 0[0m
  [32m  ✓[0m[90m Should fail calculatePurchaseReturn(uint256,uint256,uint32,uint256) when NOT comply with: _connectorWeight <= MAX_WEIGHT[0m
  [32m  ✓[0m[90m Should execute calculateSaleReturn(uint256,uint256,uint32,uint256) WHEN _sellAmount==0,_supply>0,_connectorBalance>0,_connectorWeight>0,_connectorWeight<=MAX_WEIGHT,_sellAmount<=_supply,result>0[0m
  [32m  ✓[0m[90m Should fail calculateSaleReturn(uint256,uint256,uint32,uint256) when NOT comply with: _supply > 0[0m
  [32m  ✓[0m[90m Should fail calculateSaleReturn(uint256,uint256,uint32,uint256) when NOT comply with: _connectorBalance > 0[0m
  [32m  ✓[0m[90m Should fail calculateSaleReturn(uint256,uint256,uint32,uint256) when NOT comply with: _connectorWeight > 0[0m
  [32m  ✓[0m[90m Should fail calculateSaleReturn(uint256,uint256,uint32,uint256) when NOT comply with: _connectorWeight <= MAX_WEIGHT[0m
  [32m  ✓[0m[90m Should fail calculateSaleReturn(uint256,uint256,uint32,uint256) when NOT comply with: _sellAmount <= _supply[0m
  [31m  1) Should execute calculateSaleReturn(uint256,uint256,uint32,uint256) WHEN _sellAmount!=0,_supply>0,_connectorBalance>0,_connectorWeight>0,_connectorWeight<=MAX_WEIGHT,_sellAmount<=_supply,result>0[0m
    > No events were emitted
  [32m  ✓[0m[90m Should fail calculateSaleReturn(uint256,uint256,uint32,uint256) when NOT comply with: _supply > 0[0m
  [32m  ✓[0m[90m Should fail calculateSaleReturn(uint256,uint256,uint32,uint256) when NOT comply with: _connectorBalance > 0[0m
  [32m  ✓[0m[90m Should fail calculateSaleReturn(uint256,uint256,uint32,uint256) when NOT comply with: _connectorWeight > 0[0m
  [32m  ✓[0m[90m Should fail calculateSaleReturn(uint256,uint256,uint32,uint256) when NOT comply with: _connectorWeight <= MAX_WEIGHT[0m
  [32m  ✓[0m[90m Should fail calculateSaleReturn(uint256,uint256,uint32,uint256) when NOT comply with: _sellAmount <= _supply[0m
  [32m  ✓[0m[90m Should execute calculateSaleReturn(uint256,uint256,uint32,uint256) WHEN _sellAmount==_supply,_supply>0,_connectorBalance>0,_connectorWeight>0,_connectorWeight<=MAX_WEIGHT,_sellAmount<=_supply,result>0[0m
  [32m  ✓[0m[90m Should fail calculateSaleReturn(uint256,uint256,uint32,uint256) when NOT comply with: _supply > 0[0m
  [32m  ✓[0m[90m Should fail calculateSaleReturn(uint256,uint256,uint32,uint256) when NOT comply with: _connectorBalance > 0[0m
  [32m  ✓[0m[90m Should fail calculateSaleReturn(uint256,uint256,uint32,uint256) when NOT comply with: _connectorWeight > 0[0m
  [32m  ✓[0m[90m Should fail calculateSaleReturn(uint256,uint256,uint32,uint256) when NOT comply with: _connectorWeight <= MAX_WEIGHT[0m
  [32m  ✓[0m[90m Should fail calculateSaleReturn(uint256,uint256,uint32,uint256) when NOT comply with: _sellAmount <= _supply[0m
  [31m  2) Should execute calculateSaleReturn(uint256,uint256,uint32,uint256) WHEN _sellAmount!=_supply,_sellAmount!=0,_supply>0,_connectorBalance>0,_connectorWeight>0,_connectorWeight<=MAX_WEIGHT,_sellAmount<=_supply,result>0[0m
    > No events were emitted
  [32m  ✓[0m[90m Should fail calculateSaleReturn(uint256,uint256,uint32,uint256) when NOT comply with: _supply > 0[0m
  [32m  ✓[0m[90m Should fail calculateSaleReturn(uint256,uint256,uint32,uint256) when NOT comply with: _connectorBalance > 0[0m
  [32m  ✓[0m[90m Should fail calculateSaleReturn(uint256,uint256,uint32,uint256) when NOT comply with: _connectorWeight > 0[0m
  [32m  ✓[0m[90m Should fail calculateSaleReturn(uint256,uint256,uint32,uint256) when NOT comply with: _connectorWeight <= MAX_WEIGHT[0m
  [32m  ✓[0m[90m Should fail calculateSaleReturn(uint256,uint256,uint32,uint256) when NOT comply with: _sellAmount <= _supply[0m
  [32m  ✓[0m[90m Should execute calculateSaleReturn(uint256,uint256,uint32,uint256) WHEN _connectorWeight==MAX_WEIGHT,_supply>0,_connectorBalance>0,_connectorWeight>0,_connectorWeight<=MAX_WEIGHT,_sellAmount<=_supply,_supply>0,result>0[0m
  [32m  ✓[0m[90m Should fail calculateSaleReturn(uint256,uint256,uint32,uint256) when NOT comply with: _supply > 0[0m
  [32m  ✓[0m[90m Should fail calculateSaleReturn(uint256,uint256,uint32,uint256) when NOT comply with: _connectorBalance > 0[0m
  [32m  ✓[0m[90m Should fail calculateSaleReturn(uint256,uint256,uint32,uint256) when NOT comply with: _connectorWeight > 0[0m
  [32m  ✓[0m[90m Should fail calculateSaleReturn(uint256,uint256,uint32,uint256) when NOT comply with: _connectorWeight <= MAX_WEIGHT[0m
  [32m  ✓[0m[90m Should fail calculateSaleReturn(uint256,uint256,uint32,uint256) when NOT comply with: _sellAmount <= _supply[0m
  [32m  ✓[0m[90m Should fail calculateSaleReturn(uint256,uint256,uint32,uint256) when NOT comply with: _supply > 0[0m
  [31m  3) Should execute calculateSaleReturn(uint256,uint256,uint32,uint256) WHEN _connectorWeight!=MAX_WEIGHT,_sellAmount!=0,_sellAmount!=_supply,_supply>0,_connectorBalance>0,_connectorWeight>0,_connectorWeight<=MAX_WEIGHT,_sellAmount<=_supply,result>0[0m
    > No events were emitted
  [32m  ✓[0m[90m Should fail calculateSaleReturn(uint256,uint256,uint32,uint256) when NOT comply with: _supply > 0[0m
  [32m  ✓[0m[90m Should fail calculateSaleReturn(uint256,uint256,uint32,uint256) when NOT comply with: _connectorBalance > 0[0m
  [32m  ✓[0m[90m Should fail calculateSaleReturn(uint256,uint256,uint32,uint256) when NOT comply with: _connectorWeight > 0[0m
  [32m  ✓[0m[90m Should fail calculateSaleReturn(uint256,uint256,uint32,uint256) when NOT comply with: _connectorWeight <= MAX_WEIGHT[0m
  [32m  ✓[0m[90m Should fail calculateSaleReturn(uint256,uint256,uint32,uint256) when NOT comply with: _sellAmount <= _supply[0m

[0m  Contract: contractProxyERC20BondingToken[0m
  [31m  4) Should execute test_curvedMint(uint256) WHEN msg.gasprice<=gasPrice,amount>0,msg.sender!=0[0m
    > No events were emitted
  [32m  ✓[0m[90m Should fail test_curvedMint(uint256) when NOT comply with: msg.gasprice <= gasPrice[0m[33m (52ms)[0m
  [32m  ✓[0m[90m Should fail test_curvedMint(uint256) when NOT comply with: amount > 0[0m[33m (51ms)[0m
  [31m  5) Should fail test_curvedMint(uint256) when NOT comply with: msg.sender != 0[0m
    > No events were emitted
  [31m  6) Should execute test_curvedBurn(uint256)[0m
    > No events were emitted

[0m  Contract: ERC20BondingToken[0m
  [31m  7) Should execute initialize(ERC20,uint256,uint256,uint32,uint256) WHEN initialized!=true[0m
    > No events were emitted
  [31m  8) Should execute poolBalance()[0m
    > No events were emitted
  [31m  9) Should execute calculateCurvedMintReturn(uint256)[0m
    > No events were emitted
  [31m  10) Should execute calculateCurvedBurnReturn(uint256)[0m
    > No events were emitted

[0m  Contract: contractProxyEthBondingToken[0m
  [31m  11) Should execute test_curvedMint() WHEN msg.value>0,msg.gasprice<=gasPrice,msg.value>0,msg.sender!=0[0m
    > No events were emitted
  [32m  ✓[0m[90m Should fail test_curvedMint() when NOT comply with: msg.value > 0[0m[33m (49ms)[0m
  [32m  ✓[0m[90m Should fail test_curvedMint() when NOT comply with: msg.gasprice <= gasPrice[0m[33m (54ms)[0m
  [32m  ✓[0m[90m Should fail test_curvedMint() when NOT comply with: msg.value > 0[0m[33m (49ms)[0m
  [31m  12) Should fail test_curvedMint() when NOT comply with: msg.sender != 0[0m
    > No events were emitted
  [31m  13) Should execute test_curvedBurn(uint256)[0m
    > No events were emitted

[0m  Contract: EthBondingToken[0m
  [32m  ✓[0m[90m Should execute initialize(uint256,uint32,uint256) WHEN initialized!=true[0m[33m (51ms)[0m
  [32m  ✓[0m[90m Should execute poolBalance()[0m
  [31m  14) Should execute calculateCurvedMintReturn(uint256)[0m
    > No events were emitted
  [31m  15) Should execute calculateCurvedBurnReturn(uint256)[0m
    > No events were emitted

[0m  Contract: contractProxyPower[0m
  [32m  ✓[0m[90m Should execute testpower(uint256,uint256,uint32,uint32) WHEN _baseN<MAX_NUM,_baseN>=_baseD[0m[31m (100ms)[0m
  [31m  16) Should fail testpower(uint256,uint256,uint32,uint32) when NOT comply with: _baseN < MAX_NUM[0m
    > No events were emitted
  [32m  ✓[0m[90m Should fail testpower(uint256,uint256,uint32,uint32) when NOT comply with: _baseN >= _baseD[0m
  [32m  ✓[0m[90m Should execute testgeneralLog(uint256) WHEN LN2_DENOMINATOR>0[0m
  [32m  ✓[0m[90m Should execute testfloorLog2(uint256)[0m
  [32m  ✓[0m[90m Should execute testfindPositionInMaxExpArray(uint256) WHEN maxExpArray>=_x[0m[33m (42ms)[0m
  [32m  ✓[0m[90m Should execute testfindPositionInMaxExpArray(uint256) WHEN maxExpArray<_x[0m[33m (43ms)[0m
  [32m  ✓[0m[90m Should execute testfindPositionInMaxExpArray(uint256) WHEN maxExpArray>=_x[0m[33m (45ms)[0m
  [32m  ✓[0m[90m Should execute testfindPositionInMaxExpArray(uint256) WHEN maxExpArray<_x,maxExpArray<_x[0m[33m (45ms)[0m
  [32m  ✓[0m[90m Should execute testgeneralExp(uint256,uint8)[0m[33m (47ms)[0m
  [32m  ✓[0m[90m Should execute testoptimalLog(uint256) WHEN x>=0xd3094c70f034de4b96ff7d5b6f99fcd8[0m[33m (41ms)[0m
  [32m  ✓[0m[90m Should execute testoptimalLog(uint256) WHEN x<0xd3094c70f034de4b96ff7d5b6f99fcd8[0m[33m (40ms)[0m
  [32m  ✓[0m[90m Should execute testoptimalLog(uint256) WHEN x>=0xa45af1e1f40c333b3de1db4dd55f29a7[0m[33m (42ms)[0m
  [32m  ✓[0m[90m Should execute testoptimalLog(uint256) WHEN x<0xa45af1e1f40c333b3de1db4dd55f29a7[0m[33m (44ms)[0m
  [32m  ✓[0m[90m Should execute testoptimalLog(uint256) WHEN x>=0x910b022db7ae67ce76b441c27035c6a1[0m[33m (40ms)[0m
  [32m  ✓[0m[90m Should execute testoptimalLog(uint256) WHEN x<0x910b022db7ae67ce76b441c27035c6a1[0m[33m (44ms)[0m
  [32m  ✓[0m[90m Should execute testoptimalLog(uint256) WHEN x>=0x88415abbe9a76bead8d00cf112e4d4a8[0m[33m (40ms)[0m
  [32m  ✓[0m[90m Should execute testoptimalLog(uint256) WHEN x<0x88415abbe9a76bead8d00cf112e4d4a8[0m[33m (42ms)[0m
  [32m  ✓[0m[90m Should execute testoptimalLog(uint256) WHEN x>=0x84102b00893f64c705e841d5d4064bd3[0m[33m (40ms)[0m
  [32m  ✓[0m[90m Should execute testoptimalLog(uint256) WHEN x<0x84102b00893f64c705e841d5d4064bd3[0m[33m (40ms)[0m
  [32m  ✓[0m[90m Should execute testoptimalLog(uint256) WHEN x>=0x8204055aaef1c8bd5c3259f4822735a2[0m[33m (40ms)[0m
  [32m  ✓[0m[90m Should execute testoptimalLog(uint256) WHEN x<0x8204055aaef1c8bd5c3259f4822735a2[0m[33m (39ms)[0m
  [32m  ✓[0m[90m Should execute testoptimalLog(uint256) WHEN x>=0x810100ab00222d861931c15e39b44e99[0m[33m (41ms)[0m
  [32m  ✓[0m[90m Should execute testoptimalLog(uint256) WHEN x<0x810100ab00222d861931c15e39b44e99[0m[33m (40ms)[0m
  [32m  ✓[0m[90m Should execute testoptimalLog(uint256) WHEN x>=0x808040155aabbbe9451521693554f733[0m[33m (41ms)[0m
  [32m  ✓[0m[90m Should execute testoptimalLog(uint256) WHEN x<0x808040155aabbbe9451521693554f733[0m[33m (40ms)[0m
  [32m  ✓[0m[90m Should execute testoptimalExp(uint256)[0m[33m (48ms)[0m

[0m  Contract: TestERC20BondingToken[0m
  [31m  17) Should execute initialize(ERC20,uint256,uint256,uint32,uint256) WHEN initialized!=true[0m
    > No events were emitted
  [31m  18) Should execute mint(uint256) WHEN msg.gasprice<=gasPrice,amount>0,msg.sender!=0[0m
    > No events were emitted
  [32m  ✓[0m[90m Should fail mint(uint256) when NOT comply with: msg.gasprice <= gasPrice[0m[33m (44ms)[0m
  [32m  ✓[0m[90m Should fail mint(uint256) when NOT comply with: amount > 0[0m[33m (43ms)[0m
  [31m  19) Should fail mint(uint256) when NOT comply with: msg.sender != 0[0m
    > No events were emitted
  [31m  20) Should execute burn(uint256)[0m
    > No events were emitted

[0m  Contract: TestEthBondingToken[0m
  [32m  ✓[0m[90m Should execute initialize(uint256,uint32,uint256) WHEN initialized!=true[0m[33m (54ms)[0m
  [31m  21) Should execute fallback() WHEN msg.value>0,msg.gasprice<=gasPrice,msg.value>0,msg.sender!=0[0m
    > No events were emitted
  [32m  ✓[0m[90m Should fail fallback() when NOT comply with: msg.value > 0[0m[33m (43ms)[0m
  [31m  22) Should fail fallback() when NOT comply with: msg.gasprice <= gasPrice[0m
    > No events were emitted
  [32m  ✓[0m[90m Should fail fallback() when NOT comply with: msg.value > 0[0m[33m (42ms)[0m
  [31m  23) Should fail fallback() when NOT comply with: msg.sender != 0[0m
    > No events were emitted
  [31m  24) Should execute mint() WHEN msg.value>0,msg.gasprice<=gasPrice,msg.value>0,msg.sender!=0[0m
    > No events were emitted
  [32m  ✓[0m[90m Should fail mint() when NOT comply with: msg.value > 0[0m[33m (41ms)[0m
  [31m  25) Should fail mint() when NOT comply with: msg.gasprice <= gasPrice[0m
    > No events were emitted
  [32m  ✓[0m[90m Should fail mint() when NOT comply with: msg.value > 0[0m[33m (45ms)[0m
  [31m  26) Should fail mint() when NOT comply with: msg.sender != 0[0m
    > No events were emitted
  [31m  27) Should execute burn(uint256)[0m
    > No events were emitted


[92m [0m[32m 95 passing[0m[90m (5m)[0m
[31m  27 failing[0m

[0m  1) Contract: BancorFormula
       Should execute calculateSaleReturn(uint256,uint256,uint32,uint256) WHEN _sellAmount!=0,_supply>0,_connectorBalance>0,_connectorWeight>0,_connectorWeight<=MAX_WEIGHT,_sellAmount<=_supply,result>0:
[0m[31m     Error: Returned error: VM Exception while processing transaction: invalid opcode[0m[90m
      at Object.ErrorResponse (/home/fabianorodrigo/.nvm/versions/node/v10.15.3/pnpm-global/4/node_modules/.pnpm/truffle@5.0.27/node_modules/truffle/build/webpack:/~/web3-core-requestmanager/~/web3-core-helpers/src/errors.js:29:1)
      at /home/fabianorodrigo/.nvm/versions/node/v10.15.3/pnpm-global/4/node_modules/.pnpm/truffle@5.0.27/node_modules/truffle/build/webpack:/~/web3-core-requestmanager/src/index.js:140:1
      at /home/fabianorodrigo/.nvm/versions/node/v10.15.3/pnpm-global/4/node_modules/.pnpm/truffle@5.0.27/node_modules/truffle/build/webpack:/packages/truffle-provider/wrapper.js:112:1
      at XMLHttpRequest.request.onreadystatechange (/home/fabianorodrigo/.nvm/versions/node/v10.15.3/pnpm-global/4/node_modules/.pnpm/truffle@5.0.27/node_modules/truffle/build/webpack:/~/web3-providers-http/src/index.js:96:1)
      at XMLHttpRequestEventTarget.dispatchEvent (/home/fabianorodrigo/.nvm/versions/node/v10.15.3/pnpm-global/4/node_modules/.pnpm/truffle@5.0.27/node_modules/truffle/build/webpack:/~/xhr2-cookies/dist/xml-http-request-event-target.js:34:1)
      at XMLHttpRequest._setReadyState (/home/fabianorodrigo/.nvm/versions/node/v10.15.3/pnpm-global/4/node_modules/.pnpm/truffle@5.0.27/node_modules/truffle/build/webpack:/~/xhr2-cookies/dist/xml-http-request.js:208:1)
      at XMLHttpRequest._onHttpResponseEnd (/home/fabianorodrigo/.nvm/versions/node/v10.15.3/pnpm-global/4/node_modules/.pnpm/truffle@5.0.27/node_modules/truffle/build/webpack:/~/xhr2-cookies/dist/xml-http-request.js:318:1)
      at IncomingMessage.<anonymous> (/home/fabianorodrigo/.nvm/versions/node/v10.15.3/pnpm-global/4/node_modules/.pnpm/truffle@5.0.27/node_modules/truffle/build/webpack:/~/xhr2-cookies/dist/xml-http-request.js:289:47)
      at endReadableNT (_stream_readable.js:1125:12)
      at process._tickCallback (internal/process/next_tick.js:63:19)
[0m
[0m  2) Contract: BancorFormula
       Should execute calculateSaleReturn(uint256,uint256,uint32,uint256) WHEN _sellAmount!=_supply,_sellAmount!=0,_supply>0,_connectorBalance>0,_connectorWeight>0,_connectorWeight<=MAX_WEIGHT,_sellAmount<=_supply,result>0:
[0m[31m     Error: Returned error: VM Exception while processing transaction: invalid opcode[0m[90m
      at Object.ErrorResponse (/home/fabianorodrigo/.nvm/versions/node/v10.15.3/pnpm-global/4/node_modules/.pnpm/truffle@5.0.27/node_modules/truffle/build/webpack:/~/web3-core-requestmanager/~/web3-core-helpers/src/errors.js:29:1)
      at /home/fabianorodrigo/.nvm/versions/node/v10.15.3/pnpm-global/4/node_modules/.pnpm/truffle@5.0.27/node_modules/truffle/build/webpack:/~/web3-core-requestmanager/src/index.js:140:1
      at /home/fabianorodrigo/.nvm/versions/node/v10.15.3/pnpm-global/4/node_modules/.pnpm/truffle@5.0.27/node_modules/truffle/build/webpack:/packages/truffle-provider/wrapper.js:112:1
      at XMLHttpRequest.request.onreadystatechange (/home/fabianorodrigo/.nvm/versions/node/v10.15.3/pnpm-global/4/node_modules/.pnpm/truffle@5.0.27/node_modules/truffle/build/webpack:/~/web3-providers-http/src/index.js:96:1)
      at XMLHttpRequestEventTarget.dispatchEvent (/home/fabianorodrigo/.nvm/versions/node/v10.15.3/pnpm-global/4/node_modules/.pnpm/truffle@5.0.27/node_modules/truffle/build/webpack:/~/xhr2-cookies/dist/xml-http-request-event-target.js:34:1)
      at XMLHttpRequest._setReadyState (/home/fabianorodrigo/.nvm/versions/node/v10.15.3/pnpm-global/4/node_modules/.pnpm/truffle@5.0.27/node_modules/truffle/build/webpack:/~/xhr2-cookies/dist/xml-http-request.js:208:1)
      at XMLHttpRequest._onHttpResponseEnd (/home/fabianorodrigo/.nvm/versions/node/v10.15.3/pnpm-global/4/node_modules/.pnpm/truffle@5.0.27/node_modules/truffle/build/webpack:/~/xhr2-cookies/dist/xml-http-request.js:318:1)
      at IncomingMessage.<anonymous> (/home/fabianorodrigo/.nvm/versions/node/v10.15.3/pnpm-global/4/node_modules/.pnpm/truffle@5.0.27/node_modules/truffle/build/webpack:/~/xhr2-cookies/dist/xml-http-request.js:289:47)
      at endReadableNT (_stream_readable.js:1125:12)
      at process._tickCallback (internal/process/next_tick.js:63:19)
[0m
[0m  3) Contract: BancorFormula
       Should execute calculateSaleReturn(uint256,uint256,uint32,uint256) WHEN _connectorWeight!=MAX_WEIGHT,_sellAmount!=0,_sellAmount!=_supply,_supply>0,_connectorBalance>0,_connectorWeight>0,_connectorWeight<=MAX_WEIGHT,_sellAmount<=_supply,result>0:
[0m[31m     Error: Returned error: VM Exception while processing transaction: invalid opcode[0m[90m
      at Object.ErrorResponse (/home/fabianorodrigo/.nvm/versions/node/v10.15.3/pnpm-global/4/node_modules/.pnpm/truffle@5.0.27/node_modules/truffle/build/webpack:/~/web3-core-requestmanager/~/web3-core-helpers/src/errors.js:29:1)
      at /home/fabianorodrigo/.nvm/versions/node/v10.15.3/pnpm-global/4/node_modules/.pnpm/truffle@5.0.27/node_modules/truffle/build/webpack:/~/web3-core-requestmanager/src/index.js:140:1
      at /home/fabianorodrigo/.nvm/versions/node/v10.15.3/pnpm-global/4/node_modules/.pnpm/truffle@5.0.27/node_modules/truffle/build/webpack:/packages/truffle-provider/wrapper.js:112:1
      at XMLHttpRequest.request.onreadystatechange (/home/fabianorodrigo/.nvm/versions/node/v10.15.3/pnpm-global/4/node_modules/.pnpm/truffle@5.0.27/node_modules/truffle/build/webpack:/~/web3-providers-http/src/index.js:96:1)
      at XMLHttpRequestEventTarget.dispatchEvent (/home/fabianorodrigo/.nvm/versions/node/v10.15.3/pnpm-global/4/node_modules/.pnpm/truffle@5.0.27/node_modules/truffle/build/webpack:/~/xhr2-cookies/dist/xml-http-request-event-target.js:34:1)
      at XMLHttpRequest._setReadyState (/home/fabianorodrigo/.nvm/versions/node/v10.15.3/pnpm-global/4/node_modules/.pnpm/truffle@5.0.27/node_modules/truffle/build/webpack:/~/xhr2-cookies/dist/xml-http-request.js:208:1)
      at XMLHttpRequest._onHttpResponseEnd (/home/fabianorodrigo/.nvm/versions/node/v10.15.3/pnpm-global/4/node_modules/.pnpm/truffle@5.0.27/node_modules/truffle/build/webpack:/~/xhr2-cookies/dist/xml-http-request.js:318:1)
      at IncomingMessage.<anonymous> (/home/fabianorodrigo/.nvm/versions/node/v10.15.3/pnpm-global/4/node_modules/.pnpm/truffle@5.0.27/node_modules/truffle/build/webpack:/~/xhr2-cookies/dist/xml-http-request.js:289:47)
      at endReadableNT (_stream_readable.js:1125:12)
      at process._tickCallback (internal/process/next_tick.js:63:19)
[0m
[0m  4) Contract: contractProxyERC20BondingToken
       Should execute test_curvedMint(uint256) WHEN msg.gasprice<=gasPrice,amount>0,msg.sender!=0:
[0m[31m     Error: Returned error: VM Exception while processing transaction: revert[0m[90m
      at Object.ErrorResponse (/home/fabianorodrigo/.nvm/versions/node/v10.15.3/pnpm-global/4/node_modules/.pnpm/truffle@5.0.27/node_modules/truffle/build/webpack:/~/web3-core-requestmanager/~/web3-core-helpers/src/errors.js:29:1)
      at /home/fabianorodrigo/.nvm/versions/node/v10.15.3/pnpm-global/4/node_modules/.pnpm/truffle@5.0.27/node_modules/truffle/build/webpack:/~/web3-core-requestmanager/src/index.js:140:1
      at /home/fabianorodrigo/.nvm/versions/node/v10.15.3/pnpm-global/4/node_modules/.pnpm/truffle@5.0.27/node_modules/truffle/build/webpack:/packages/truffle-provider/wrapper.js:112:1
      at XMLHttpRequest.request.onreadystatechange (/home/fabianorodrigo/.nvm/versions/node/v10.15.3/pnpm-global/4/node_modules/.pnpm/truffle@5.0.27/node_modules/truffle/build/webpack:/~/web3-providers-http/src/index.js:96:1)
      at XMLHttpRequestEventTarget.dispatchEvent (/home/fabianorodrigo/.nvm/versions/node/v10.15.3/pnpm-global/4/node_modules/.pnpm/truffle@5.0.27/node_modules/truffle/build/webpack:/~/xhr2-cookies/dist/xml-http-request-event-target.js:34:1)
      at XMLHttpRequest._setReadyState (/home/fabianorodrigo/.nvm/versions/node/v10.15.3/pnpm-global/4/node_modules/.pnpm/truffle@5.0.27/node_modules/truffle/build/webpack:/~/xhr2-cookies/dist/xml-http-request.js:208:1)
      at XMLHttpRequest._onHttpResponseEnd (/home/fabianorodrigo/.nvm/versions/node/v10.15.3/pnpm-global/4/node_modules/.pnpm/truffle@5.0.27/node_modules/truffle/build/webpack:/~/xhr2-cookies/dist/xml-http-request.js:318:1)
      at IncomingMessage.<anonymous> (/home/fabianorodrigo/.nvm/versions/node/v10.15.3/pnpm-global/4/node_modules/.pnpm/truffle@5.0.27/node_modules/truffle/build/webpack:/~/xhr2-cookies/dist/xml-http-request.js:289:47)
      at endReadableNT (_stream_readable.js:1125:12)
      at process._tickCallback (internal/process/next_tick.js:63:19)
[0m
[0m  5) Contract: contractProxyERC20BondingToken
       Should fail test_curvedMint(uint256) when NOT comply with: msg.sender != 0:
[0m[31m     AssertionError: Expected to fail with revert, but failed with: Error: Returned error: from not found; is required[0m[90m
      at fails (/home/fabianorodrigo/.nvm/versions/node/v10.15.3/pnpm-global/4/node_modules/.pnpm/truffle-assertions@0.9.2/node_modules/truffle-assertions/index.js:152:13)
      at process._tickCallback (internal/process/next_tick.js:68:7)
[0m
[0m  6) Contract: contractProxyERC20BondingToken
       Should execute test_curvedBurn(uint256):
[0m[31m     Error: Returned error: VM Exception while processing transaction: invalid opcode[0m[90m
      at Object.ErrorResponse (/home/fabianorodrigo/.nvm/versions/node/v10.15.3/pnpm-global/4/node_modules/.pnpm/truffle@5.0.27/node_modules/truffle/build/webpack:/~/web3-core-requestmanager/~/web3-core-helpers/src/errors.js:29:1)
      at /home/fabianorodrigo/.nvm/versions/node/v10.15.3/pnpm-global/4/node_modules/.pnpm/truffle@5.0.27/node_modules/truffle/build/webpack:/~/web3-core-requestmanager/src/index.js:140:1
      at /home/fabianorodrigo/.nvm/versions/node/v10.15.3/pnpm-global/4/node_modules/.pnpm/truffle@5.0.27/node_modules/truffle/build/webpack:/packages/truffle-provider/wrapper.js:112:1
      at XMLHttpRequest.request.onreadystatechange (/home/fabianorodrigo/.nvm/versions/node/v10.15.3/pnpm-global/4/node_modules/.pnpm/truffle@5.0.27/node_modules/truffle/build/webpack:/~/web3-providers-http/src/index.js:96:1)
      at XMLHttpRequestEventTarget.dispatchEvent (/home/fabianorodrigo/.nvm/versions/node/v10.15.3/pnpm-global/4/node_modules/.pnpm/truffle@5.0.27/node_modules/truffle/build/webpack:/~/xhr2-cookies/dist/xml-http-request-event-target.js:34:1)
      at XMLHttpRequest._setReadyState (/home/fabianorodrigo/.nvm/versions/node/v10.15.3/pnpm-global/4/node_modules/.pnpm/truffle@5.0.27/node_modules/truffle/build/webpack:/~/xhr2-cookies/dist/xml-http-request.js:208:1)
      at XMLHttpRequest._onHttpResponseEnd (/home/fabianorodrigo/.nvm/versions/node/v10.15.3/pnpm-global/4/node_modules/.pnpm/truffle@5.0.27/node_modules/truffle/build/webpack:/~/xhr2-cookies/dist/xml-http-request.js:318:1)
      at IncomingMessage.<anonymous> (/home/fabianorodrigo/.nvm/versions/node/v10.15.3/pnpm-global/4/node_modules/.pnpm/truffle@5.0.27/node_modules/truffle/build/webpack:/~/xhr2-cookies/dist/xml-http-request.js:289:47)
      at endReadableNT (_stream_readable.js:1125:12)
      at process._tickCallback (internal/process/next_tick.js:63:19)
[0m
[0m  7) Contract: ERC20BondingToken
       Should execute initialize(ERC20,uint256,uint256,uint32,uint256) WHEN initialized!=true:
[0m[31m     Error: Returned error: VM Exception while processing transaction: revert[0m[90m
      at Object.ErrorResponse (/home/fabianorodrigo/.nvm/versions/node/v10.15.3/pnpm-global/4/node_modules/.pnpm/truffle@5.0.27/node_modules/truffle/build/webpack:/~/web3-core-requestmanager/~/web3-core-helpers/src/errors.js:29:1)
      at /home/fabianorodrigo/.nvm/versions/node/v10.15.3/pnpm-global/4/node_modules/.pnpm/truffle@5.0.27/node_modules/truffle/build/webpack:/~/web3-core-requestmanager/src/index.js:140:1
      at /home/fabianorodrigo/.nvm/versions/node/v10.15.3/pnpm-global/4/node_modules/.pnpm/truffle@5.0.27/node_modules/truffle/build/webpack:/packages/truffle-provider/wrapper.js:112:1
      at XMLHttpRequest.request.onreadystatechange (/home/fabianorodrigo/.nvm/versions/node/v10.15.3/pnpm-global/4/node_modules/.pnpm/truffle@5.0.27/node_modules/truffle/build/webpack:/~/web3-providers-http/src/index.js:96:1)
      at XMLHttpRequestEventTarget.dispatchEvent (/home/fabianorodrigo/.nvm/versions/node/v10.15.3/pnpm-global/4/node_modules/.pnpm/truffle@5.0.27/node_modules/truffle/build/webpack:/~/xhr2-cookies/dist/xml-http-request-event-target.js:34:1)
      at XMLHttpRequest._setReadyState (/home/fabianorodrigo/.nvm/versions/node/v10.15.3/pnpm-global/4/node_modules/.pnpm/truffle@5.0.27/node_modules/truffle/build/webpack:/~/xhr2-cookies/dist/xml-http-request.js:208:1)
      at XMLHttpRequest._onHttpResponseEnd (/home/fabianorodrigo/.nvm/versions/node/v10.15.3/pnpm-global/4/node_modules/.pnpm/truffle@5.0.27/node_modules/truffle/build/webpack:/~/xhr2-cookies/dist/xml-http-request.js:318:1)
      at IncomingMessage.<anonymous> (/home/fabianorodrigo/.nvm/versions/node/v10.15.3/pnpm-global/4/node_modules/.pnpm/truffle@5.0.27/node_modules/truffle/build/webpack:/~/xhr2-cookies/dist/xml-http-request.js:289:47)
      at endReadableNT (_stream_readable.js:1125:12)
      at process._tickCallback (internal/process/next_tick.js:63:19)
[0m
[0m  8) Contract: ERC20BondingToken
       Should execute poolBalance():
[0m[31m     Error: Returned error: VM Exception while processing transaction: revert[0m[90m
      at Object.ErrorResponse (/home/fabianorodrigo/.nvm/versions/node/v10.15.3/pnpm-global/4/node_modules/.pnpm/truffle@5.0.27/node_modules/truffle/build/webpack:/~/web3-core-requestmanager/~/web3-core-helpers/src/errors.js:29:1)
      at /home/fabianorodrigo/.nvm/versions/node/v10.15.3/pnpm-global/4/node_modules/.pnpm/truffle@5.0.27/node_modules/truffle/build/webpack:/~/web3-core-requestmanager/src/index.js:140:1
      at /home/fabianorodrigo/.nvm/versions/node/v10.15.3/pnpm-global/4/node_modules/.pnpm/truffle@5.0.27/node_modules/truffle/build/webpack:/packages/truffle-provider/wrapper.js:112:1
      at XMLHttpRequest.request.onreadystatechange (/home/fabianorodrigo/.nvm/versions/node/v10.15.3/pnpm-global/4/node_modules/.pnpm/truffle@5.0.27/node_modules/truffle/build/webpack:/~/web3-providers-http/src/index.js:96:1)
      at XMLHttpRequestEventTarget.dispatchEvent (/home/fabianorodrigo/.nvm/versions/node/v10.15.3/pnpm-global/4/node_modules/.pnpm/truffle@5.0.27/node_modules/truffle/build/webpack:/~/xhr2-cookies/dist/xml-http-request-event-target.js:34:1)
      at XMLHttpRequest._setReadyState (/home/fabianorodrigo/.nvm/versions/node/v10.15.3/pnpm-global/4/node_modules/.pnpm/truffle@5.0.27/node_modules/truffle/build/webpack:/~/xhr2-cookies/dist/xml-http-request.js:208:1)
      at XMLHttpRequest._onHttpResponseEnd (/home/fabianorodrigo/.nvm/versions/node/v10.15.3/pnpm-global/4/node_modules/.pnpm/truffle@5.0.27/node_modules/truffle/build/webpack:/~/xhr2-cookies/dist/xml-http-request.js:318:1)
      at IncomingMessage.<anonymous> (/home/fabianorodrigo/.nvm/versions/node/v10.15.3/pnpm-global/4/node_modules/.pnpm/truffle@5.0.27/node_modules/truffle/build/webpack:/~/xhr2-cookies/dist/xml-http-request.js:289:47)
      at endReadableNT (_stream_readable.js:1125:12)
      at process._tickCallback (internal/process/next_tick.js:63:19)
[0m
[0m  9) Contract: ERC20BondingToken
       Should execute calculateCurvedMintReturn(uint256):
[0m[31m     Error: Returned error: VM Exception while processing transaction: revert[0m[90m
      at Object.ErrorResponse (/home/fabianorodrigo/.nvm/versions/node/v10.15.3/pnpm-global/4/node_modules/.pnpm/truffle@5.0.27/node_modules/truffle/build/webpack:/~/web3-core-requestmanager/~/web3-core-helpers/src/errors.js:29:1)
      at /home/fabianorodrigo/.nvm/versions/node/v10.15.3/pnpm-global/4/node_modules/.pnpm/truffle@5.0.27/node_modules/truffle/build/webpack:/~/web3-core-requestmanager/src/index.js:140:1
      at /home/fabianorodrigo/.nvm/versions/node/v10.15.3/pnpm-global/4/node_modules/.pnpm/truffle@5.0.27/node_modules/truffle/build/webpack:/packages/truffle-provider/wrapper.js:112:1
      at XMLHttpRequest.request.onreadystatechange (/home/fabianorodrigo/.nvm/versions/node/v10.15.3/pnpm-global/4/node_modules/.pnpm/truffle@5.0.27/node_modules/truffle/build/webpack:/~/web3-providers-http/src/index.js:96:1)
      at XMLHttpRequestEventTarget.dispatchEvent (/home/fabianorodrigo/.nvm/versions/node/v10.15.3/pnpm-global/4/node_modules/.pnpm/truffle@5.0.27/node_modules/truffle/build/webpack:/~/xhr2-cookies/dist/xml-http-request-event-target.js:34:1)
      at XMLHttpRequest._setReadyState (/home/fabianorodrigo/.nvm/versions/node/v10.15.3/pnpm-global/4/node_modules/.pnpm/truffle@5.0.27/node_modules/truffle/build/webpack:/~/xhr2-cookies/dist/xml-http-request.js:208:1)
      at XMLHttpRequest._onHttpResponseEnd (/home/fabianorodrigo/.nvm/versions/node/v10.15.3/pnpm-global/4/node_modules/.pnpm/truffle@5.0.27/node_modules/truffle/build/webpack:/~/xhr2-cookies/dist/xml-http-request.js:318:1)
      at IncomingMessage.<anonymous> (/home/fabianorodrigo/.nvm/versions/node/v10.15.3/pnpm-global/4/node_modules/.pnpm/truffle@5.0.27/node_modules/truffle/build/webpack:/~/xhr2-cookies/dist/xml-http-request.js:289:47)
      at endReadableNT (_stream_readable.js:1125:12)
      at process._tickCallback (internal/process/next_tick.js:63:19)
[0m
[0m  10) Contract: ERC20BondingToken
       Should execute calculateCurvedBurnReturn(uint256):
[0m[31m     Error: Returned error: VM Exception while processing transaction: revert[0m[90m
      at Object.ErrorResponse (/home/fabianorodrigo/.nvm/versions/node/v10.15.3/pnpm-global/4/node_modules/.pnpm/truffle@5.0.27/node_modules/truffle/build/webpack:/~/web3-core-requestmanager/~/web3-core-helpers/src/errors.js:29:1)
      at /home/fabianorodrigo/.nvm/versions/node/v10.15.3/pnpm-global/4/node_modules/.pnpm/truffle@5.0.27/node_modules/truffle/build/webpack:/~/web3-core-requestmanager/src/index.js:140:1
      at /home/fabianorodrigo/.nvm/versions/node/v10.15.3/pnpm-global/4/node_modules/.pnpm/truffle@5.0.27/node_modules/truffle/build/webpack:/packages/truffle-provider/wrapper.js:112:1
      at XMLHttpRequest.request.onreadystatechange (/home/fabianorodrigo/.nvm/versions/node/v10.15.3/pnpm-global/4/node_modules/.pnpm/truffle@5.0.27/node_modules/truffle/build/webpack:/~/web3-providers-http/src/index.js:96:1)
      at XMLHttpRequestEventTarget.dispatchEvent (/home/fabianorodrigo/.nvm/versions/node/v10.15.3/pnpm-global/4/node_modules/.pnpm/truffle@5.0.27/node_modules/truffle/build/webpack:/~/xhr2-cookies/dist/xml-http-request-event-target.js:34:1)
      at XMLHttpRequest._setReadyState (/home/fabianorodrigo/.nvm/versions/node/v10.15.3/pnpm-global/4/node_modules/.pnpm/truffle@5.0.27/node_modules/truffle/build/webpack:/~/xhr2-cookies/dist/xml-http-request.js:208:1)
      at XMLHttpRequest._onHttpResponseEnd (/home/fabianorodrigo/.nvm/versions/node/v10.15.3/pnpm-global/4/node_modules/.pnpm/truffle@5.0.27/node_modules/truffle/build/webpack:/~/xhr2-cookies/dist/xml-http-request.js:318:1)
      at IncomingMessage.<anonymous> (/home/fabianorodrigo/.nvm/versions/node/v10.15.3/pnpm-global/4/node_modules/.pnpm/truffle@5.0.27/node_modules/truffle/build/webpack:/~/xhr2-cookies/dist/xml-http-request.js:289:47)
      at endReadableNT (_stream_readable.js:1125:12)
      at process._tickCallback (internal/process/next_tick.js:63:19)
[0m
[0m  11) Contract: contractProxyEthBondingToken
       Should execute test_curvedMint() WHEN msg.value>0,msg.gasprice<=gasPrice,msg.value>0,msg.sender!=0:
[0m[31m     Error: Returned error: VM Exception while processing transaction: revert[0m[90m
      at Object.ErrorResponse (/home/fabianorodrigo/.nvm/versions/node/v10.15.3/pnpm-global/4/node_modules/.pnpm/truffle@5.0.27/node_modules/truffle/build/webpack:/~/web3-core-requestmanager/~/web3-core-helpers/src/errors.js:29:1)
      at /home/fabianorodrigo/.nvm/versions/node/v10.15.3/pnpm-global/4/node_modules/.pnpm/truffle@5.0.27/node_modules/truffle/build/webpack:/~/web3-core-requestmanager/src/index.js:140:1
      at /home/fabianorodrigo/.nvm/versions/node/v10.15.3/pnpm-global/4/node_modules/.pnpm/truffle@5.0.27/node_modules/truffle/build/webpack:/packages/truffle-provider/wrapper.js:112:1
      at XMLHttpRequest.request.onreadystatechange (/home/fabianorodrigo/.nvm/versions/node/v10.15.3/pnpm-global/4/node_modules/.pnpm/truffle@5.0.27/node_modules/truffle/build/webpack:/~/web3-providers-http/src/index.js:96:1)
      at XMLHttpRequestEventTarget.dispatchEvent (/home/fabianorodrigo/.nvm/versions/node/v10.15.3/pnpm-global/4/node_modules/.pnpm/truffle@5.0.27/node_modules/truffle/build/webpack:/~/xhr2-cookies/dist/xml-http-request-event-target.js:34:1)
      at XMLHttpRequest._setReadyState (/home/fabianorodrigo/.nvm/versions/node/v10.15.3/pnpm-global/4/node_modules/.pnpm/truffle@5.0.27/node_modules/truffle/build/webpack:/~/xhr2-cookies/dist/xml-http-request.js:208:1)
      at XMLHttpRequest._onHttpResponseEnd (/home/fabianorodrigo/.nvm/versions/node/v10.15.3/pnpm-global/4/node_modules/.pnpm/truffle@5.0.27/node_modules/truffle/build/webpack:/~/xhr2-cookies/dist/xml-http-request.js:318:1)
      at IncomingMessage.<anonymous> (/home/fabianorodrigo/.nvm/versions/node/v10.15.3/pnpm-global/4/node_modules/.pnpm/truffle@5.0.27/node_modules/truffle/build/webpack:/~/xhr2-cookies/dist/xml-http-request.js:289:47)
      at endReadableNT (_stream_readable.js:1125:12)
      at process._tickCallback (internal/process/next_tick.js:63:19)
[0m
[0m  12) Contract: contractProxyEthBondingToken
       Should fail test_curvedMint() when NOT comply with: msg.sender != 0:
[0m[31m     AssertionError: Expected to fail with revert, but failed with: Error: Returned error: from not found; is required[0m[90m
      at fails (/home/fabianorodrigo/.nvm/versions/node/v10.15.3/pnpm-global/4/node_modules/.pnpm/truffle-assertions@0.9.2/node_modules/truffle-assertions/index.js:152:13)
      at process._tickCallback (internal/process/next_tick.js:68:7)
[0m
[0m  13) Contract: contractProxyEthBondingToken
       Should execute test_curvedBurn(uint256):
[0m[31m     Error: Returned error: VM Exception while processing transaction: invalid opcode[0m[90m
      at Object.ErrorResponse (/home/fabianorodrigo/.nvm/versions/node/v10.15.3/pnpm-global/4/node_modules/.pnpm/truffle@5.0.27/node_modules/truffle/build/webpack:/~/web3-core-requestmanager/~/web3-core-helpers/src/errors.js:29:1)
      at /home/fabianorodrigo/.nvm/versions/node/v10.15.3/pnpm-global/4/node_modules/.pnpm/truffle@5.0.27/node_modules/truffle/build/webpack:/~/web3-core-requestmanager/src/index.js:140:1
      at /home/fabianorodrigo/.nvm/versions/node/v10.15.3/pnpm-global/4/node_modules/.pnpm/truffle@5.0.27/node_modules/truffle/build/webpack:/packages/truffle-provider/wrapper.js:112:1
      at XMLHttpRequest.request.onreadystatechange (/home/fabianorodrigo/.nvm/versions/node/v10.15.3/pnpm-global/4/node_modules/.pnpm/truffle@5.0.27/node_modules/truffle/build/webpack:/~/web3-providers-http/src/index.js:96:1)
      at XMLHttpRequestEventTarget.dispatchEvent (/home/fabianorodrigo/.nvm/versions/node/v10.15.3/pnpm-global/4/node_modules/.pnpm/truffle@5.0.27/node_modules/truffle/build/webpack:/~/xhr2-cookies/dist/xml-http-request-event-target.js:34:1)
      at XMLHttpRequest._setReadyState (/home/fabianorodrigo/.nvm/versions/node/v10.15.3/pnpm-global/4/node_modules/.pnpm/truffle@5.0.27/node_modules/truffle/build/webpack:/~/xhr2-cookies/dist/xml-http-request.js:208:1)
      at XMLHttpRequest._onHttpResponseEnd (/home/fabianorodrigo/.nvm/versions/node/v10.15.3/pnpm-global/4/node_modules/.pnpm/truffle@5.0.27/node_modules/truffle/build/webpack:/~/xhr2-cookies/dist/xml-http-request.js:318:1)
      at IncomingMessage.<anonymous> (/home/fabianorodrigo/.nvm/versions/node/v10.15.3/pnpm-global/4/node_modules/.pnpm/truffle@5.0.27/node_modules/truffle/build/webpack:/~/xhr2-cookies/dist/xml-http-request.js:289:47)
      at endReadableNT (_stream_readable.js:1125:12)
      at process._tickCallback (internal/process/next_tick.js:63:19)
[0m
[0m  14) Contract: EthBondingToken
       Should execute calculateCurvedMintReturn(uint256):
[0m[31m     Error: Returned error: VM Exception while processing transaction: revert BancorFormula: Supply not > 0.[0m[90m
      at Object.ErrorResponse (/home/fabianorodrigo/.nvm/versions/node/v10.15.3/pnpm-global/4/node_modules/.pnpm/truffle@5.0.27/node_modules/truffle/build/webpack:/~/web3-core-requestmanager/~/web3-core-helpers/src/errors.js:29:1)
      at /home/fabianorodrigo/.nvm/versions/node/v10.15.3/pnpm-global/4/node_modules/.pnpm/truffle@5.0.27/node_modules/truffle/build/webpack:/~/web3-core-requestmanager/src/index.js:140:1
      at /home/fabianorodrigo/.nvm/versions/node/v10.15.3/pnpm-global/4/node_modules/.pnpm/truffle@5.0.27/node_modules/truffle/build/webpack:/packages/truffle-provider/wrapper.js:112:1
      at XMLHttpRequest.request.onreadystatechange (/home/fabianorodrigo/.nvm/versions/node/v10.15.3/pnpm-global/4/node_modules/.pnpm/truffle@5.0.27/node_modules/truffle/build/webpack:/~/web3-providers-http/src/index.js:96:1)
      at XMLHttpRequestEventTarget.dispatchEvent (/home/fabianorodrigo/.nvm/versions/node/v10.15.3/pnpm-global/4/node_modules/.pnpm/truffle@5.0.27/node_modules/truffle/build/webpack:/~/xhr2-cookies/dist/xml-http-request-event-target.js:34:1)
      at XMLHttpRequest._setReadyState (/home/fabianorodrigo/.nvm/versions/node/v10.15.3/pnpm-global/4/node_modules/.pnpm/truffle@5.0.27/node_modules/truffle/build/webpack:/~/xhr2-cookies/dist/xml-http-request.js:208:1)
      at XMLHttpRequest._onHttpResponseEnd (/home/fabianorodrigo/.nvm/versions/node/v10.15.3/pnpm-global/4/node_modules/.pnpm/truffle@5.0.27/node_modules/truffle/build/webpack:/~/xhr2-cookies/dist/xml-http-request.js:318:1)
      at IncomingMessage.<anonymous> (/home/fabianorodrigo/.nvm/versions/node/v10.15.3/pnpm-global/4/node_modules/.pnpm/truffle@5.0.27/node_modules/truffle/build/webpack:/~/xhr2-cookies/dist/xml-http-request.js:289:47)
      at endReadableNT (_stream_readable.js:1125:12)
      at process._tickCallback (internal/process/next_tick.js:63:19)
[0m
[0m  15) Contract: EthBondingToken
       Should execute calculateCurvedBurnReturn(uint256):
[0m[31m     Error: Returned error: VM Exception while processing transaction: revert BancorFormula: Supply not > 0.[0m[90m
      at Object.ErrorResponse (/home/fabianorodrigo/.nvm/versions/node/v10.15.3/pnpm-global/4/node_modules/.pnpm/truffle@5.0.27/node_modules/truffle/build/webpack:/~/web3-core-requestmanager/~/web3-core-helpers/src/errors.js:29:1)
      at /home/fabianorodrigo/.nvm/versions/node/v10.15.3/pnpm-global/4/node_modules/.pnpm/truffle@5.0.27/node_modules/truffle/build/webpack:/~/web3-core-requestmanager/src/index.js:140:1
      at /home/fabianorodrigo/.nvm/versions/node/v10.15.3/pnpm-global/4/node_modules/.pnpm/truffle@5.0.27/node_modules/truffle/build/webpack:/packages/truffle-provider/wrapper.js:112:1
      at XMLHttpRequest.request.onreadystatechange (/home/fabianorodrigo/.nvm/versions/node/v10.15.3/pnpm-global/4/node_modules/.pnpm/truffle@5.0.27/node_modules/truffle/build/webpack:/~/web3-providers-http/src/index.js:96:1)
      at XMLHttpRequestEventTarget.dispatchEvent (/home/fabianorodrigo/.nvm/versions/node/v10.15.3/pnpm-global/4/node_modules/.pnpm/truffle@5.0.27/node_modules/truffle/build/webpack:/~/xhr2-cookies/dist/xml-http-request-event-target.js:34:1)
      at XMLHttpRequest._setReadyState (/home/fabianorodrigo/.nvm/versions/node/v10.15.3/pnpm-global/4/node_modules/.pnpm/truffle@5.0.27/node_modules/truffle/build/webpack:/~/xhr2-cookies/dist/xml-http-request.js:208:1)
      at XMLHttpRequest._onHttpResponseEnd (/home/fabianorodrigo/.nvm/versions/node/v10.15.3/pnpm-global/4/node_modules/.pnpm/truffle@5.0.27/node_modules/truffle/build/webpack:/~/xhr2-cookies/dist/xml-http-request.js:318:1)
      at IncomingMessage.<anonymous> (/home/fabianorodrigo/.nvm/versions/node/v10.15.3/pnpm-global/4/node_modules/.pnpm/truffle@5.0.27/node_modules/truffle/build/webpack:/~/xhr2-cookies/dist/xml-http-request.js:289:47)
      at endReadableNT (_stream_readable.js:1125:12)
      at process._tickCallback (internal/process/next_tick.js:63:19)
[0m
[0m  16) Contract: contractProxyPower
       Should fail testpower(uint256,uint256,uint32,uint32) when NOT comply with: _baseN < MAX_NUM:
[0m[31m     AssertionError: Expected to fail with revert, but failed with: Error: Returned error: VM Exception while processing transaction: invalid opcode[0m[90m
      at fails (/home/fabianorodrigo/.nvm/versions/node/v10.15.3/pnpm-global/4/node_modules/.pnpm/truffle-assertions@0.9.2/node_modules/truffle-assertions/index.js:152:13)
[0m
[0m  17) Contract: TestERC20BondingToken
       Should execute initialize(ERC20,uint256,uint256,uint32,uint256) WHEN initialized!=true:
[0m[31m     Error: Returned error: VM Exception while processing transaction: revert[0m[90m
      at Object.ErrorResponse (/home/fabianorodrigo/.nvm/versions/node/v10.15.3/pnpm-global/4/node_modules/.pnpm/truffle@5.0.27/node_modules/truffle/build/webpack:/~/web3-core-requestmanager/~/web3-core-helpers/src/errors.js:29:1)
      at /home/fabianorodrigo/.nvm/versions/node/v10.15.3/pnpm-global/4/node_modules/.pnpm/truffle@5.0.27/node_modules/truffle/build/webpack:/~/web3-core-requestmanager/src/index.js:140:1
      at /home/fabianorodrigo/.nvm/versions/node/v10.15.3/pnpm-global/4/node_modules/.pnpm/truffle@5.0.27/node_modules/truffle/build/webpack:/packages/truffle-provider/wrapper.js:112:1
      at XMLHttpRequest.request.onreadystatechange (/home/fabianorodrigo/.nvm/versions/node/v10.15.3/pnpm-global/4/node_modules/.pnpm/truffle@5.0.27/node_modules/truffle/build/webpack:/~/web3-providers-http/src/index.js:96:1)
      at XMLHttpRequestEventTarget.dispatchEvent (/home/fabianorodrigo/.nvm/versions/node/v10.15.3/pnpm-global/4/node_modules/.pnpm/truffle@5.0.27/node_modules/truffle/build/webpack:/~/xhr2-cookies/dist/xml-http-request-event-target.js:34:1)
      at XMLHttpRequest._setReadyState (/home/fabianorodrigo/.nvm/versions/node/v10.15.3/pnpm-global/4/node_modules/.pnpm/truffle@5.0.27/node_modules/truffle/build/webpack:/~/xhr2-cookies/dist/xml-http-request.js:208:1)
      at XMLHttpRequest._onHttpResponseEnd (/home/fabianorodrigo/.nvm/versions/node/v10.15.3/pnpm-global/4/node_modules/.pnpm/truffle@5.0.27/node_modules/truffle/build/webpack:/~/xhr2-cookies/dist/xml-http-request.js:318:1)
      at IncomingMessage.<anonymous> (/home/fabianorodrigo/.nvm/versions/node/v10.15.3/pnpm-global/4/node_modules/.pnpm/truffle@5.0.27/node_modules/truffle/build/webpack:/~/xhr2-cookies/dist/xml-http-request.js:289:47)
      at endReadableNT (_stream_readable.js:1125:12)
      at process._tickCallback (internal/process/next_tick.js:63:19)
[0m
[0m  18) Contract: TestERC20BondingToken
       Should execute mint(uint256) WHEN msg.gasprice<=gasPrice,amount>0,msg.sender!=0:
[0m[31m     Error: Returned error: VM Exception while processing transaction: revert[0m[90m
      at Object.ErrorResponse (/home/fabianorodrigo/.nvm/versions/node/v10.15.3/pnpm-global/4/node_modules/.pnpm/truffle@5.0.27/node_modules/truffle/build/webpack:/~/web3-core-requestmanager/~/web3-core-helpers/src/errors.js:29:1)
      at /home/fabianorodrigo/.nvm/versions/node/v10.15.3/pnpm-global/4/node_modules/.pnpm/truffle@5.0.27/node_modules/truffle/build/webpack:/~/web3-core-requestmanager/src/index.js:140:1
      at /home/fabianorodrigo/.nvm/versions/node/v10.15.3/pnpm-global/4/node_modules/.pnpm/truffle@5.0.27/node_modules/truffle/build/webpack:/packages/truffle-provider/wrapper.js:112:1
      at XMLHttpRequest.request.onreadystatechange (/home/fabianorodrigo/.nvm/versions/node/v10.15.3/pnpm-global/4/node_modules/.pnpm/truffle@5.0.27/node_modules/truffle/build/webpack:/~/web3-providers-http/src/index.js:96:1)
      at XMLHttpRequestEventTarget.dispatchEvent (/home/fabianorodrigo/.nvm/versions/node/v10.15.3/pnpm-global/4/node_modules/.pnpm/truffle@5.0.27/node_modules/truffle/build/webpack:/~/xhr2-cookies/dist/xml-http-request-event-target.js:34:1)
      at XMLHttpRequest._setReadyState (/home/fabianorodrigo/.nvm/versions/node/v10.15.3/pnpm-global/4/node_modules/.pnpm/truffle@5.0.27/node_modules/truffle/build/webpack:/~/xhr2-cookies/dist/xml-http-request.js:208:1)
      at XMLHttpRequest._onHttpResponseEnd (/home/fabianorodrigo/.nvm/versions/node/v10.15.3/pnpm-global/4/node_modules/.pnpm/truffle@5.0.27/node_modules/truffle/build/webpack:/~/xhr2-cookies/dist/xml-http-request.js:318:1)
      at IncomingMessage.<anonymous> (/home/fabianorodrigo/.nvm/versions/node/v10.15.3/pnpm-global/4/node_modules/.pnpm/truffle@5.0.27/node_modules/truffle/build/webpack:/~/xhr2-cookies/dist/xml-http-request.js:289:47)
      at endReadableNT (_stream_readable.js:1125:12)
      at process._tickCallback (internal/process/next_tick.js:63:19)
[0m
[0m  19) Contract: TestERC20BondingToken
       Should fail mint(uint256) when NOT comply with: msg.sender != 0:
[0m[31m     AssertionError: Expected to fail with revert, but failed with: Error: Returned error: from not found; is required[0m[90m
      at fails (/home/fabianorodrigo/.nvm/versions/node/v10.15.3/pnpm-global/4/node_modules/.pnpm/truffle-assertions@0.9.2/node_modules/truffle-assertions/index.js:152:13)
      at process._tickCallback (internal/process/next_tick.js:68:7)
[0m
[0m  20) Contract: TestERC20BondingToken
       Should execute burn(uint256):
[0m[31m     Error: Returned error: VM Exception while processing transaction: invalid opcode[0m[90m
      at Object.ErrorResponse (/home/fabianorodrigo/.nvm/versions/node/v10.15.3/pnpm-global/4/node_modules/.pnpm/truffle@5.0.27/node_modules/truffle/build/webpack:/~/web3-core-requestmanager/~/web3-core-helpers/src/errors.js:29:1)
      at /home/fabianorodrigo/.nvm/versions/node/v10.15.3/pnpm-global/4/node_modules/.pnpm/truffle@5.0.27/node_modules/truffle/build/webpack:/~/web3-core-requestmanager/src/index.js:140:1
      at /home/fabianorodrigo/.nvm/versions/node/v10.15.3/pnpm-global/4/node_modules/.pnpm/truffle@5.0.27/node_modules/truffle/build/webpack:/packages/truffle-provider/wrapper.js:112:1
      at XMLHttpRequest.request.onreadystatechange (/home/fabianorodrigo/.nvm/versions/node/v10.15.3/pnpm-global/4/node_modules/.pnpm/truffle@5.0.27/node_modules/truffle/build/webpack:/~/web3-providers-http/src/index.js:96:1)
      at XMLHttpRequestEventTarget.dispatchEvent (/home/fabianorodrigo/.nvm/versions/node/v10.15.3/pnpm-global/4/node_modules/.pnpm/truffle@5.0.27/node_modules/truffle/build/webpack:/~/xhr2-cookies/dist/xml-http-request-event-target.js:34:1)
      at XMLHttpRequest._setReadyState (/home/fabianorodrigo/.nvm/versions/node/v10.15.3/pnpm-global/4/node_modules/.pnpm/truffle@5.0.27/node_modules/truffle/build/webpack:/~/xhr2-cookies/dist/xml-http-request.js:208:1)
      at XMLHttpRequest._onHttpResponseEnd (/home/fabianorodrigo/.nvm/versions/node/v10.15.3/pnpm-global/4/node_modules/.pnpm/truffle@5.0.27/node_modules/truffle/build/webpack:/~/xhr2-cookies/dist/xml-http-request.js:318:1)
      at IncomingMessage.<anonymous> (/home/fabianorodrigo/.nvm/versions/node/v10.15.3/pnpm-global/4/node_modules/.pnpm/truffle@5.0.27/node_modules/truffle/build/webpack:/~/xhr2-cookies/dist/xml-http-request.js:289:47)
      at endReadableNT (_stream_readable.js:1125:12)
      at process._tickCallback (internal/process/next_tick.js:63:19)
[0m
[0m  21) Contract: TestEthBondingToken
       Should execute fallback() WHEN msg.value>0,msg.gasprice<=gasPrice,msg.value>0,msg.sender!=0:
[0m[31m     Error: Returned error: VM Exception while processing transaction: invalid opcode[0m[90m
      at Object.ErrorResponse (/home/fabianorodrigo/.nvm/versions/node/v10.15.3/pnpm-global/4/node_modules/.pnpm/truffle@5.0.27/node_modules/truffle/build/webpack:/~/web3-core-requestmanager/~/web3-core-helpers/src/errors.js:29:1)
      at /home/fabianorodrigo/.nvm/versions/node/v10.15.3/pnpm-global/4/node_modules/.pnpm/truffle@5.0.27/node_modules/truffle/build/webpack:/~/web3-core-requestmanager/src/index.js:140:1
      at /home/fabianorodrigo/.nvm/versions/node/v10.15.3/pnpm-global/4/node_modules/.pnpm/truffle@5.0.27/node_modules/truffle/build/webpack:/packages/truffle-provider/wrapper.js:112:1
      at XMLHttpRequest.request.onreadystatechange (/home/fabianorodrigo/.nvm/versions/node/v10.15.3/pnpm-global/4/node_modules/.pnpm/truffle@5.0.27/node_modules/truffle/build/webpack:/~/web3-providers-http/src/index.js:96:1)
      at XMLHttpRequestEventTarget.dispatchEvent (/home/fabianorodrigo/.nvm/versions/node/v10.15.3/pnpm-global/4/node_modules/.pnpm/truffle@5.0.27/node_modules/truffle/build/webpack:/~/xhr2-cookies/dist/xml-http-request-event-target.js:34:1)
      at XMLHttpRequest._setReadyState (/home/fabianorodrigo/.nvm/versions/node/v10.15.3/pnpm-global/4/node_modules/.pnpm/truffle@5.0.27/node_modules/truffle/build/webpack:/~/xhr2-cookies/dist/xml-http-request.js:208:1)
      at XMLHttpRequest._onHttpResponseEnd (/home/fabianorodrigo/.nvm/versions/node/v10.15.3/pnpm-global/4/node_modules/.pnpm/truffle@5.0.27/node_modules/truffle/build/webpack:/~/xhr2-cookies/dist/xml-http-request.js:318:1)
      at IncomingMessage.<anonymous> (/home/fabianorodrigo/.nvm/versions/node/v10.15.3/pnpm-global/4/node_modules/.pnpm/truffle@5.0.27/node_modules/truffle/build/webpack:/~/xhr2-cookies/dist/xml-http-request.js:289:47)
      at endReadableNT (_stream_readable.js:1125:12)
      at process._tickCallback (internal/process/next_tick.js:63:19)
[0m
[0m  22) Contract: TestEthBondingToken
       Should fail fallback() when NOT comply with: msg.gasprice <= gasPrice:
[0m[31m     AssertionError: Expected to fail with revert, but failed with: Error: Returned error: VM Exception while processing transaction: invalid opcode[0m[90m
      at fails (/home/fabianorodrigo/.nvm/versions/node/v10.15.3/pnpm-global/4/node_modules/.pnpm/truffle-assertions@0.9.2/node_modules/truffle-assertions/index.js:152:13)
      at process._tickCallback (internal/process/next_tick.js:68:7)
[0m
[0m  23) Contract: TestEthBondingToken
       Should fail fallback() when NOT comply with: msg.sender != 0:
[0m[31m     AssertionError: Expected to fail with revert, but failed with: Error: Returned error: from not found; is required[0m[90m
      at fails (/home/fabianorodrigo/.nvm/versions/node/v10.15.3/pnpm-global/4/node_modules/.pnpm/truffle-assertions@0.9.2/node_modules/truffle-assertions/index.js:152:13)
      at process._tickCallback (internal/process/next_tick.js:68:7)
[0m
[0m  24) Contract: TestEthBondingToken
       Should execute mint() WHEN msg.value>0,msg.gasprice<=gasPrice,msg.value>0,msg.sender!=0:
[0m[31m     Error: Returned error: VM Exception while processing transaction: invalid opcode[0m[90m
      at Object.ErrorResponse (/home/fabianorodrigo/.nvm/versions/node/v10.15.3/pnpm-global/4/node_modules/.pnpm/truffle@5.0.27/node_modules/truffle/build/webpack:/~/web3-core-requestmanager/~/web3-core-helpers/src/errors.js:29:1)
      at /home/fabianorodrigo/.nvm/versions/node/v10.15.3/pnpm-global/4/node_modules/.pnpm/truffle@5.0.27/node_modules/truffle/build/webpack:/~/web3-core-requestmanager/src/index.js:140:1
      at /home/fabianorodrigo/.nvm/versions/node/v10.15.3/pnpm-global/4/node_modules/.pnpm/truffle@5.0.27/node_modules/truffle/build/webpack:/packages/truffle-provider/wrapper.js:112:1
      at XMLHttpRequest.request.onreadystatechange (/home/fabianorodrigo/.nvm/versions/node/v10.15.3/pnpm-global/4/node_modules/.pnpm/truffle@5.0.27/node_modules/truffle/build/webpack:/~/web3-providers-http/src/index.js:96:1)
      at XMLHttpRequestEventTarget.dispatchEvent (/home/fabianorodrigo/.nvm/versions/node/v10.15.3/pnpm-global/4/node_modules/.pnpm/truffle@5.0.27/node_modules/truffle/build/webpack:/~/xhr2-cookies/dist/xml-http-request-event-target.js:34:1)
      at XMLHttpRequest._setReadyState (/home/fabianorodrigo/.nvm/versions/node/v10.15.3/pnpm-global/4/node_modules/.pnpm/truffle@5.0.27/node_modules/truffle/build/webpack:/~/xhr2-cookies/dist/xml-http-request.js:208:1)
      at XMLHttpRequest._onHttpResponseEnd (/home/fabianorodrigo/.nvm/versions/node/v10.15.3/pnpm-global/4/node_modules/.pnpm/truffle@5.0.27/node_modules/truffle/build/webpack:/~/xhr2-cookies/dist/xml-http-request.js:318:1)
      at IncomingMessage.<anonymous> (/home/fabianorodrigo/.nvm/versions/node/v10.15.3/pnpm-global/4/node_modules/.pnpm/truffle@5.0.27/node_modules/truffle/build/webpack:/~/xhr2-cookies/dist/xml-http-request.js:289:47)
      at endReadableNT (_stream_readable.js:1125:12)
      at process._tickCallback (internal/process/next_tick.js:63:19)
[0m
[0m  25) Contract: TestEthBondingToken
       Should fail mint() when NOT comply with: msg.gasprice <= gasPrice:
[0m[31m     AssertionError: Expected to fail with revert, but failed with: Error: Returned error: VM Exception while processing transaction: invalid opcode[0m[90m
      at fails (/home/fabianorodrigo/.nvm/versions/node/v10.15.3/pnpm-global/4/node_modules/.pnpm/truffle-assertions@0.9.2/node_modules/truffle-assertions/index.js:152:13)
      at process._tickCallback (internal/process/next_tick.js:68:7)
[0m
[0m  26) Contract: TestEthBondingToken
       Should fail mint() when NOT comply with: msg.sender != 0:
[0m[31m     AssertionError: Expected to fail with revert, but failed with: Error: Returned error: from not found; is required[0m[90m
      at fails (/home/fabianorodrigo/.nvm/versions/node/v10.15.3/pnpm-global/4/node_modules/.pnpm/truffle-assertions@0.9.2/node_modules/truffle-assertions/index.js:152:13)
      at process._tickCallback (internal/process/next_tick.js:68:7)
[0m
[0m  27) Contract: TestEthBondingToken
       Should execute burn(uint256):
[0m[31m     Error: Returned error: VM Exception while processing transaction: invalid opcode[0m[90m
      at Object.ErrorResponse (/home/fabianorodrigo/.nvm/versions/node/v10.15.3/pnpm-global/4/node_modules/.pnpm/truffle@5.0.27/node_modules/truffle/build/webpack:/~/web3-core-requestmanager/~/web3-core-helpers/src/errors.js:29:1)
      at /home/fabianorodrigo/.nvm/versions/node/v10.15.3/pnpm-global/4/node_modules/.pnpm/truffle@5.0.27/node_modules/truffle/build/webpack:/~/web3-core-requestmanager/src/index.js:140:1
      at /home/fabianorodrigo/.nvm/versions/node/v10.15.3/pnpm-global/4/node_modules/.pnpm/truffle@5.0.27/node_modules/truffle/build/webpack:/packages/truffle-provider/wrapper.js:112:1
      at XMLHttpRequest.request.onreadystatechange (/home/fabianorodrigo/.nvm/versions/node/v10.15.3/pnpm-global/4/node_modules/.pnpm/truffle@5.0.27/node_modules/truffle/build/webpack:/~/web3-providers-http/src/index.js:96:1)
      at XMLHttpRequestEventTarget.dispatchEvent (/home/fabianorodrigo/.nvm/versions/node/v10.15.3/pnpm-global/4/node_modules/.pnpm/truffle@5.0.27/node_modules/truffle/build/webpack:/~/xhr2-cookies/dist/xml-http-request-event-target.js:34:1)
      at XMLHttpRequest._setReadyState (/home/fabianorodrigo/.nvm/versions/node/v10.15.3/pnpm-global/4/node_modules/.pnpm/truffle@5.0.27/node_modules/truffle/build/webpack:/~/xhr2-cookies/dist/xml-http-request.js:208:1)
      at XMLHttpRequest._onHttpResponseEnd (/home/fabianorodrigo/.nvm/versions/node/v10.15.3/pnpm-global/4/node_modules/.pnpm/truffle@5.0.27/node_modules/truffle/build/webpack:/~/xhr2-cookies/dist/xml-http-request.js:318:1)
      at IncomingMessage.<anonymous> (/home/fabianorodrigo/.nvm/versions/node/v10.15.3/pnpm-global/4/node_modules/.pnpm/truffle@5.0.27/node_modules/truffle/build/webpack:/~/xhr2-cookies/dist/xml-http-request.js:289:47)
      at endReadableNT (_stream_readable.js:1125:12)
      at process._tickCallback (internal/process/next_tick.js:63:19)
[0m


----------------------------|----------|----------|----------|----------|----------------|
File                        |  % Stmts | % Branch |  % Funcs |  % Lines |Uncovered Lines |
----------------------------|----------|----------|----------|----------|----------------|
 contracts/                 |    72.37 |    78.57 |    82.14 |    69.62 |                |
  BancorFormula.sol         |    90.63 |      100 |      100 |    90.63 |    310,311,312 |
  BondingCurveToken.sol     |       40 |     12.5 |    54.55 |    34.78 |... 104,108,109 |
  ERC20BondingToken.sol     |     62.5 |       50 |      100 |     62.5 |       20,30,40 |
  EthBondingToken.sol       |    66.67 |      100 |      100 |    66.67 |       24,34,35 |
  TestERC20BondingToken.sol |      100 |      100 |      100 |      100 |                |
  TestEthBondingToken.sol   |      100 |      100 |      100 |      100 |                |
  TestToken.sol             |      100 |      100 |      100 |      100 |                |
 contracts/math/            |    97.47 |    85.71 |      100 |    98.31 |                |
  Power.sol                 |    97.47 |    85.71 |      100 |    98.31 |    418,499,502 |
 contracts/proxy4tests/     |      100 |      100 |      100 |      100 |                |
  ERC20BondingToken.sol     |      100 |      100 |      100 |      100 |                |
  EthBondingToken.sol       |      100 |      100 |      100 |      100 |                |
  Power.sol                 |      100 |      100 |      100 |      100 |                |
----------------------------|----------|----------|----------|----------|----------------|
All files                   |     92.8 |    82.65 |    89.58 |    89.89 |                |
----------------------------|----------|----------|----------|----------|----------------|

Istanbul coverage reports generated
Cleaning up...
Shutting down testrpc-sc (pid 416106)
Some truffle tests failed while running coverage
