npx solidity-coverage
qui 12 nov 2020 05:35:10 -03
Truffle v5.0.27 (core: 5.0.27)
Solidity - 0.4.25 (solc-js)
Node v10.15.3
Web3.js v1.0.0-beta.37
Generating coverage environment
Running: truffle compile --network coverage 
(this can take a few seconds)...

Compiling your contracts...
===========================
> Compiling ./contracts/EcTools.sol
> Compiling ./contracts/ExternalContract.sol
> Compiling ./contracts/MetaTxProxy.sol
> Compiling ./contracts/Migrations.sol
> Compiling ./contracts/proxy4tests/EcTools.sol

    > compilation warnings encountered:

/home/fabianorodrigo/Projetos/bitbucket/solidity-test/workdir/MetaTransactions/coverageEnv/contracts/proxy4tests/EcTools.sol:1:1: Warning: Source file does not specify required compiler version!Consider adding "pragma solidity ^0.4.25;"
import "../EcTools.sol";
^ (Relevant source part starts here and spans across multiple lines).
,/home/fabianorodrigo/Projetos/bitbucket/solidity-test/workdir/MetaTransactions/coverageEnv/contracts/MetaTxProxy.sol:51:5: Warning: No visibility specified. Defaulting to "public". 
    function verifySignature(address target, uint256 value, bytes data, uint256 reward, bytes signature){
    ^ (Relevant source part starts here and spans across multiple lines).
,/home/fabianorodrigo/Projetos/bitbucket/solidity-test/workdir/MetaTransactions/coverageEnv/contracts/EcTools.sol:40:3: Warning: Function state mutability can be restricted to pure
  function toEthereumSignedMessage(bytes32 _msg) public view returns (bytes32) {
  ^ (Relevant source part starts here and spans across multiple lines).
,/home/fabianorodrigo/Projetos/bitbucket/solidity-test/workdir/MetaTransactions/coverageEnv/contracts/MetaTxProxy.sol:51:5: Warning: Function state mutability can be restricted to view
    function verifySignature(address target, uint256 value, bytes data, uint256 reward, bytes signature){
    ^ (Relevant source part starts here and spans across multiple lines).
,/home/fabianorodrigo/Projetos/bitbucket/solidity-test/workdir/MetaTransactions/coverageEnv/contracts/MetaTxProxy.sol:61:9: Warning: Function declared as view, but this expression (potentially) modifies the state and thus requires non-payable (the default) or payable.
        _transactionHashNonce[txHashWithoutNonce]++;
        ^---------------------------------------^

> Artifacts written to /home/fabianorodrigo/Projetos/bitbucket/solidity-test/workdir/MetaTransactions/coverageEnv/build/contracts
> Compiled successfully using:
   - solc: 0.4.25+commit.59dbf8f1.Emscripten.clang

Instrumenting  ./coverageEnv/contracts/EcTools.sol
Instrumenting  ./coverageEnv/contracts/ExternalContract.sol
Instrumenting  ./coverageEnv/contracts/MetaTxProxy.sol
Skipping instrumentation of  ./coverageEnv/contracts/Migrations.sol
Instrumenting  ./coverageEnv/contracts/proxy4tests/EcTools.sol
Running: truffle compile --network coverage 
(this can take a few seconds)...

Compiling your contracts...
===========================
> Compiling ./contracts/EcTools.sol
> Compiling ./contracts/ExternalContract.sol
> Compiling ./contracts/MetaTxProxy.sol
> Compiling ./contracts/Migrations.sol
> Compiling ./contracts/proxy4tests/EcTools.sol

    > compilation warnings encountered:

/home/fabianorodrigo/Projetos/bitbucket/solidity-test/workdir/MetaTransactions/coverageEnv/contracts/proxy4tests/EcTools.sol:1:1: Warning: Source file does not specify required compiler version!Consider adding "pragma solidity ^0.4.25;"
import "../EcTools.sol";
^ (Relevant source part starts here and spans across multiple lines).
,/home/fabianorodrigo/Projetos/bitbucket/solidity-test/workdir/MetaTransactions/coverageEnv/contracts/MetaTxProxy.sol:91:5: Warning: No visibility specified. Defaulting to "public". 
    function verifySignature(address target, uint256 value, bytes data, uint256 reward, bytes signature){emit __FunctionCoverageMetaTxProxy('/home/fabianorodrigo/Projetos/bitbucket/solidity-test/workdir/MetaTransactions/contracts/MetaTxProxy.sol',9);
    ^ (Relevant source part starts here and spans across multiple lines).

> Artifacts written to /home/fabianorodrigo/Projetos/bitbucket/solidity-test/workdir/MetaTransactions/coverageEnv/build/contracts
> Compiled successfully using:
   - solc: 0.4.25+commit.59dbf8f1.Emscripten.clang

Launched testrpc on port 8555
Running: truffle test --network coverage 
(this can take a few seconds)...
Using network 'coverage'.


Compiling your contracts...
===========================
> Everything is up to date, there is nothing to compile.


[0m[0m
[0m  Contract: contractProxyEcTools[0m
  [32m  ✓[0m[90m Should execute testrecover(bytes32,bytes) WHEN signedMessage.length!=65[0m[33m (70ms)[0m
  [32m  ✓[0m[90m Should execute testrecover(bytes32,bytes) WHEN signedMessage.length==65[0m[33m (57ms)[0m
  [32m  ✓[0m[90m Should execute testtoEthereumSignedMessage(bytes32)[0m
  [32m  ✓[0m[90m Should execute testprefixedRecover(bytes32,bytes)[0m[33m (44ms)[0m

[0m  Contract: ExternalContract[0m
  [32m  ✓[0m[90m Should execute updateValue(uint256)[0m[33m (44ms)[0m

[0m  Contract: MetaTxProxy[0m
  [32m  ✓[0m[90m Should execute fallback()[0m[33m (50ms)[0m
  [32m  ✓[0m[90m Should execute getTransactionHashNonce(bytes32)[0m
  [32m  ✓[0m[90m Should execute getTransactionHash(address,uint256,bytes,uint256)[0m[33m (55ms)[0m
  [32m  ✓[0m[90m Should execute getSigner(bytes32,bytes)[0m[33m (43ms)[0m
  [31m  1) Should execute executeTransaction(address,uint256,bytes,uint256,uint256,bytes)[0m
    > No events were emitted
  [31m  2) Should execute verifySignature(address,uint256,bytes,uint256,bytes) WHEN signer==_signer[0m
    > No events were emitted


[92m [0m[32m 9 passing[0m[90m (4s)[0m
[31m  2 failing[0m

[0m  1) Contract: MetaTxProxy
       Should execute executeTransaction(address,uint256,bytes,uint256,uint256,bytes):
[0m[31m     Error: Returned error: VM Exception while processing transaction: revert Invalid signer -- Reason given: Invalid signer.[0m[90m
      at Object.ErrorResponse (/home/fabianorodrigo/.nvm/versions/node/v10.15.3/pnpm-global/4/node_modules/.pnpm/truffle@5.0.27/node_modules/truffle/build/webpack:/~/web3-core-requestmanager/~/web3-core-helpers/src/errors.js:29:1)
      at /home/fabianorodrigo/.nvm/versions/node/v10.15.3/pnpm-global/4/node_modules/.pnpm/truffle@5.0.27/node_modules/truffle/build/webpack:/~/web3-core-requestmanager/src/index.js:140:1
      at /home/fabianorodrigo/.nvm/versions/node/v10.15.3/pnpm-global/4/node_modules/.pnpm/truffle@5.0.27/node_modules/truffle/build/webpack:/packages/truffle-provider/wrapper.js:112:1
      at XMLHttpRequest.request.onreadystatechange (/home/fabianorodrigo/.nvm/versions/node/v10.15.3/pnpm-global/4/node_modules/.pnpm/truffle@5.0.27/node_modules/truffle/build/webpack:/~/web3-providers-http/src/index.js:96:1)
      at XMLHttpRequestEventTarget.dispatchEvent (/home/fabianorodrigo/.nvm/versions/node/v10.15.3/pnpm-global/4/node_modules/.pnpm/truffle@5.0.27/node_modules/truffle/build/webpack:/~/xhr2-cookies/dist/xml-http-request-event-target.js:34:1)
      at XMLHttpRequest._setReadyState (/home/fabianorodrigo/.nvm/versions/node/v10.15.3/pnpm-global/4/node_modules/.pnpm/truffle@5.0.27/node_modules/truffle/build/webpack:/~/xhr2-cookies/dist/xml-http-request.js:208:1)
      at XMLHttpRequest._onHttpResponseEnd (/home/fabianorodrigo/.nvm/versions/node/v10.15.3/pnpm-global/4/node_modules/.pnpm/truffle@5.0.27/node_modules/truffle/build/webpack:/~/xhr2-cookies/dist/xml-http-request.js:318:1)
      at IncomingMessage.<anonymous> (/home/fabianorodrigo/.nvm/versions/node/v10.15.3/pnpm-global/4/node_modules/.pnpm/truffle@5.0.27/node_modules/truffle/build/webpack:/~/xhr2-cookies/dist/xml-http-request.js:289:47)
      at endReadableNT (_stream_readable.js:1125:12)
      at process._tickCallback (internal/process/next_tick.js:63:19)
[0m
[0m  2) Contract: MetaTxProxy
       Should execute verifySignature(address,uint256,bytes,uint256,bytes) WHEN signer==_signer:
[0m[31m     Error: Returned error: VM Exception while processing transaction: revert Invalid signer -- Reason given: Invalid signer.[0m[90m
      at Object.ErrorResponse (/home/fabianorodrigo/.nvm/versions/node/v10.15.3/pnpm-global/4/node_modules/.pnpm/truffle@5.0.27/node_modules/truffle/build/webpack:/~/web3-core-requestmanager/~/web3-core-helpers/src/errors.js:29:1)
      at /home/fabianorodrigo/.nvm/versions/node/v10.15.3/pnpm-global/4/node_modules/.pnpm/truffle@5.0.27/node_modules/truffle/build/webpack:/~/web3-core-requestmanager/src/index.js:140:1
      at /home/fabianorodrigo/.nvm/versions/node/v10.15.3/pnpm-global/4/node_modules/.pnpm/truffle@5.0.27/node_modules/truffle/build/webpack:/packages/truffle-provider/wrapper.js:112:1
      at XMLHttpRequest.request.onreadystatechange (/home/fabianorodrigo/.nvm/versions/node/v10.15.3/pnpm-global/4/node_modules/.pnpm/truffle@5.0.27/node_modules/truffle/build/webpack:/~/web3-providers-http/src/index.js:96:1)
      at XMLHttpRequestEventTarget.dispatchEvent (/home/fabianorodrigo/.nvm/versions/node/v10.15.3/pnpm-global/4/node_modules/.pnpm/truffle@5.0.27/node_modules/truffle/build/webpack:/~/xhr2-cookies/dist/xml-http-request-event-target.js:34:1)
      at XMLHttpRequest._setReadyState (/home/fabianorodrigo/.nvm/versions/node/v10.15.3/pnpm-global/4/node_modules/.pnpm/truffle@5.0.27/node_modules/truffle/build/webpack:/~/xhr2-cookies/dist/xml-http-request.js:208:1)
      at XMLHttpRequest._onHttpResponseEnd (/home/fabianorodrigo/.nvm/versions/node/v10.15.3/pnpm-global/4/node_modules/.pnpm/truffle@5.0.27/node_modules/truffle/build/webpack:/~/xhr2-cookies/dist/xml-http-request.js:318:1)
      at IncomingMessage.<anonymous> (/home/fabianorodrigo/.nvm/versions/node/v10.15.3/pnpm-global/4/node_modules/.pnpm/truffle@5.0.27/node_modules/truffle/build/webpack:/~/xhr2-cookies/dist/xml-http-request.js:289:47)
      at endReadableNT (_stream_readable.js:1125:12)
      at process._tickCallback (internal/process/next_tick.js:63:19)
[0m


------------------------|----------|----------|----------|----------|----------------|
File                    |  % Stmts | % Branch |  % Funcs |  % Lines |Uncovered Lines |
------------------------|----------|----------|----------|----------|----------------|
 contracts/             |    75.76 |    41.67 |    92.86 |    74.29 |                |
  EcTools.sol           |    85.71 |    66.67 |      100 |    86.67 |          29,36 |
  ExternalContract.sol  |      100 |      100 |      100 |      100 |                |
  MetaTxProxy.sol       |    66.67 |    16.67 |       90 |    63.16 |... 58,59,60,61 |
 contracts/proxy4tests/ |      100 |      100 |      100 |      100 |                |
  EcTools.sol           |      100 |      100 |      100 |      100 |                |
------------------------|----------|----------|----------|----------|----------------|
All files               |    77.78 |    41.67 |    94.12 |    76.32 |                |
------------------------|----------|----------|----------|----------|----------------|

Istanbul coverage reports generated
Cleaning up...
Shutting down testrpc-sc (pid 526678)
Some truffle tests failed while running coverage
