npx solidity-coverage
seg 09 nov 2020 23:34:36 -03
Truffle v5.0.27 (core: 5.0.27)
Solidity - 0.4.24 (solc-js)
Node v10.15.3
Web3.js v1.0.0-beta.37
Generating coverage environment
Running: truffle compile --network coverage 
(this can take a few seconds)...

Compiling your contracts...
===========================
> Compiling ./contracts/BondingCurve.sol
> Compiling ./contracts/Migrations.sol
> Compiling ./contracts/PriorityQueue.sol
> Compiling ./contracts/Token.sol
> Compiling ./contracts/proxy4tests/BondingCurve.sol
> Compiling ./contracts/proxy4tests/SafeMath.sol
> Compiling ./contracts/zeppelin/BasicToken.sol
> Compiling ./contracts/zeppelin/EIP20.sol
> Compiling ./contracts/zeppelin/EIP20Interface.sol
> Compiling ./contracts/zeppelin/ERC20.sol
> Compiling ./contracts/zeppelin/ERC20Basic.sol
> Compiling ./contracts/zeppelin/Ownable.sol
> Compiling ./contracts/zeppelin/SafeMath.sol
> Compiling ./contracts/zeppelin/StandardToken.sol

    > compilation warnings encountered:

/home/fabianorodrigo/Projetos/bitbucket/solidity-test/workdir/equilibrium-bonding-curve/coverageEnv/contracts/proxy4tests/BondingCurve.sol:1:1: Warning: Source file does not specify required compiler version!Consider adding "pragma solidity ^0.4.24;"
import "../BondingCurve.sol";
^ (Relevant source part starts here and spans across multiple lines).
,/home/fabianorodrigo/Projetos/bitbucket/solidity-test/workdir/equilibrium-bonding-curve/coverageEnv/contracts/proxy4tests/SafeMath.sol:1:1: Warning: Source file does not specify required compiler version!Consider adding "pragma solidity ^0.4.24;"
import "../zeppelin/SafeMath.sol";
^ (Relevant source part starts here and spans across multiple lines).

> Artifacts written to /home/fabianorodrigo/Projetos/bitbucket/solidity-test/workdir/equilibrium-bonding-curve/coverageEnv/build/contracts
> Compiled successfully using:
   - solc: 0.4.24+commit.e67f0147.Emscripten.clang

Instrumenting  ./coverageEnv/contracts/BondingCurve.sol
Skipping instrumentation of  ./coverageEnv/contracts/Migrations.sol
Instrumenting  ./coverageEnv/contracts/PriorityQueue.sol
Instrumenting  ./coverageEnv/contracts/proxy4tests/BondingCurve.sol
Instrumenting  ./coverageEnv/contracts/proxy4tests/SafeMath.sol
Instrumenting  ./coverageEnv/contracts/Token.sol
Instrumenting  ./coverageEnv/contracts/zeppelin/BasicToken.sol
Instrumenting  ./coverageEnv/contracts/zeppelin/EIP20.sol
Instrumenting  ./coverageEnv/contracts/zeppelin/EIP20Interface.sol
Instrumenting  ./coverageEnv/contracts/zeppelin/ERC20.sol
Instrumenting  ./coverageEnv/contracts/zeppelin/ERC20Basic.sol
Instrumenting  ./coverageEnv/contracts/zeppelin/Ownable.sol
Instrumenting  ./coverageEnv/contracts/zeppelin/SafeMath.sol
Instrumenting  ./coverageEnv/contracts/zeppelin/StandardToken.sol
Running: truffle compile --network coverage 
(this can take a few seconds)...

Compiling your contracts...
===========================
> Compiling ./contracts/BondingCurve.sol
> Compiling ./contracts/Migrations.sol
> Compiling ./contracts/PriorityQueue.sol
> Compiling ./contracts/Token.sol
> Compiling ./contracts/proxy4tests/BondingCurve.sol
> Compiling ./contracts/proxy4tests/SafeMath.sol
> Compiling ./contracts/zeppelin/BasicToken.sol
> Compiling ./contracts/zeppelin/EIP20.sol
> Compiling ./contracts/zeppelin/EIP20Interface.sol
> Compiling ./contracts/zeppelin/ERC20.sol
> Compiling ./contracts/zeppelin/ERC20Basic.sol
> Compiling ./contracts/zeppelin/Ownable.sol
> Compiling ./contracts/zeppelin/SafeMath.sol
> Compiling ./contracts/zeppelin/StandardToken.sol

    > compilation warnings encountered:

/home/fabianorodrigo/Projetos/bitbucket/solidity-test/workdir/equilibrium-bonding-curve/coverageEnv/contracts/proxy4tests/BondingCurve.sol:1:1: Warning: Source file does not specify required compiler version!Consider adding "pragma solidity ^0.4.24;"
import "../BondingCurve.sol";
^ (Relevant source part starts here and spans across multiple lines).
,/home/fabianorodrigo/Projetos/bitbucket/solidity-test/workdir/equilibrium-bonding-curve/coverageEnv/contracts/proxy4tests/SafeMath.sol:1:1: Warning: Source file does not specify required compiler version!Consider adding "pragma solidity ^0.4.24;"
import "../zeppelin/SafeMath.sol";
^ (Relevant source part starts here and spans across multiple lines).
,/home/fabianorodrigo/Projetos/bitbucket/solidity-test/workdir/equilibrium-bonding-curve/coverageEnv/contracts/Token.sol:112:98: Warning: Function declared as view, but this expression (potentially) modifies the state and thus requires non-payable (the default) or payable.
 ... __FunctionCoverageToken('/home/fabianorodrigo/Projetos/bitbucket/solidity-test/workdir/equilibrium-bonding-curve/contracts/Token.sol',6) ... 
     ^--------------------------------------------------------------------------------------------------------------------------------------^
,/home/fabianorodrigo/Projetos/bitbucket/solidity-test/workdir/equilibrium-bonding-curve/coverageEnv/contracts/Token.sol:114:6: Warning: Function declared as view, but this expression (potentially) modifies the state and thus requires non-payable (the default) or payable.
emit __CoverageToken('/home/fabianorodrigo/Projetos/bitbucket/solidity-test/workdir/equilibrium-bonding-curve/contracts/Token.sol',69);
     ^-------------------------------------------------------------------------------------------------------------------------------^
,/home/fabianorodrigo/Projetos/bitbucket/solidity-test/workdir/equilibrium-bonding-curve/coverageEnv/contracts/Token.sol:115:14: Warning: Function declared as view, but this expression (potentially) modifies the state and thus requires non-payable (the default) or payable.
 ... __StatementCoverageToken('/home/fabianorodrigo/Projetos/bitbucket/solidity-test/workdir/equilibrium-bonding-curve/contracts/Token.sol',12) ... 
     ^----------------------------------------------------------------------------------------------------------------------------------------^
,/home/fabianorodrigo/Projetos/bitbucket/solidity-test/workdir/equilibrium-bonding-curve/coverageEnv/contracts/zeppelin/BasicToken.sol:58:88: Warning: Function declared as view, but this expression (potentially) modifies the state and thus requires non-payable (the default) or payable.
 ... __FunctionCoverageBasicToken('/home ... ntracts/zeppelin/BasicToken.sol',2) ... 
     ^-------------------------------------------------------------------------^
,/home/fabianorodrigo/Projetos/bitbucket/solidity-test/workdir/equilibrium-bonding-curve/coverageEnv/contracts/zeppelin/BasicToken.sol:60:6: Warning: Function declared as view, but this expression (potentially) modifies the state and thus requires non-payable (the default) or payable.
 ... __CoverageBasicToken('/home/fabianorodrigo/Projetos/bitbucket/solidity-test/workdir/equilibrium-bonding-curve/contracts/zeppelin/BasicToken.sol',36) ... 
     ^--------------------------------------------------------------------------------------------------------------------------------------------------^
,/home/fabianorodrigo/Projetos/bitbucket/solidity-test/workdir/equilibrium-bonding-curve/coverageEnv/contracts/zeppelin/BasicToken.sol:61:14: Warning: Function declared as view, but this expression (potentially) modifies the state and thus requires non-payable (the default) or payable.
        emit __StatementCoverageBasicToken('/hom ... ntracts/zeppelin/BasicToken.sol',7);
             ^-------------------------------------------------------------------------^
,/home/fabianorodrigo/Projetos/bitbucket/solidity-test/workdir/equilibrium-bonding-curve/coverageEnv/contracts/zeppelin/StandardToken.sol:106:98: Warning: Function declared as view, but this expression (potentially) modifies the state and thus requires non-payable (the default) or payable.
 ... __FunctionCoverageStandardToken('/h ... acts/zeppelin/StandardToken.sol',3) ... 
     ^-------------------------------------------------------------------------^
,/home/fabianorodrigo/Projetos/bitbucket/solidity-test/workdir/equilibrium-bonding-curve/coverageEnv/contracts/zeppelin/StandardToken.sol:108:6: Warning: Function declared as view, but this expression (potentially) modifies the state and thus requires non-payable (the default) or payable.
emit __CoverageStandardToken('/home/fabi ... cts/zeppelin/StandardToken.sol',65);
     ^-------------------------------------------------------------------------^
,/home/fabianorodrigo/Projetos/bitbucket/solidity-test/workdir/equilibrium-bonding-curve/coverageEnv/contracts/zeppelin/StandardToken.sol:109:14: Warning: Function declared as view, but this expression (potentially) modifies the state and thus requires non-payable (the default) or payable.
        emit __StatementCoverageStandardToken('/ ... cts/zeppelin/StandardToken.sol',15);
             ^-------------------------------------------------------------------------^

> Artifacts written to /home/fabianorodrigo/Projetos/bitbucket/solidity-test/workdir/equilibrium-bonding-curve/coverageEnv/build/contracts
> Compiled successfully using:
   - solc: 0.4.24+commit.e67f0147.Emscripten.clang

Launched testrpc on port 8555
Running: truffle test --network coverage 
(this can take a few seconds)...
Using network 'coverage'.


Compiling your contracts...
===========================
> Everything is up to date, there is nothing to compile.


[0m[0m
[0m  Contract: BasicToken[0m
  [31m  1) Should execute transfer(address,uint256) WHEN _to!=0x0000000000000000000000000000000000000000,_value<=balances[0m
    > No events were emitted
  [32m  ✓[0m[90m Should fail transfer(address,uint256) when NOT comply with: _to != 0x0000000000000000000000000000000000000000[0m[33m (48ms)[0m
  [32m  ✓[0m[90m Should execute balanceOf(address)[0m

[0m  Contract: contractProxyBondingCurve[0m
  [31m  2) Should execute testfindNextHolder()[0m
    > No events were emitted

[0m  Contract: BondingCurve[0m
  [31m  3) Should execute buyTokens(uint256,uint256) WHEN supply>0[0m
    > No events were emitted
  [31m  4) Should execute buyTokens(uint256,uint256) WHEN supply<=0[0m
    > No events were emitted
  [31m  5) Should execute buyTokens(uint256,uint256) WHEN supply==0[0m
    > No events were emitted
  [31m  6) Should execute buyTokens(uint256,uint256) WHEN supply!=0[0m
    > No events were emitted
  [31m  7) Should execute sellTokens(uint256)[0m
    > No events were emitted
  [31m  8) Should execute changeTargetPrice(uint256)[0m
    > No events were emitted
  [32m  ✓[0m[90m Should execute queryNextPrice() WHEN supply>0[0m
  [31m  9) Should execute queryNextPrice() WHEN supply==0[0m
    > No events were emitted
  [32m  ✓[0m[90m Should execute queryNextPrice() WHEN supply!=0[0m
  [32m  ✓[0m[90m Should execute getTokenSupply()[0m
  [31m  10) Should execute getTokenBalance()[0m
    > No events were emitted

[0m  Contract: EIP20[0m
  [31m  11) Should execute transfer(address,uint256) WHEN balances>=_value[0m
    > No events were emitted
  [31m  12) Should execute transferFrom(address,address,uint256) WHEN allowance<MAX_UINT256,balances>=_value,allowance>=_value[0m
    > No events were emitted
  [32m  ✓[0m[90m Should execute transferFrom(address,address,uint256) WHEN allowance>=MAX_UINT256,balances>=_value,allowance>=_value[0m[33m (44ms)[0m
  [32m  ✓[0m[90m Should execute balanceOf(address)[0m
  [32m  ✓[0m[90m Should execute approve(address,uint256)[0m[33m (38ms)[0m
  [32m  ✓[0m[90m Should execute allowance(address,address)[0m

[0m  Contract: Ownable[0m
  [32m  ✓[0m[90m Should execute transferOwnership(address) WHEN msg.sender==mOwner,_newOwner!=0x0000000000000000000000000000000000000000[0m[33m (41ms)[0m
  [32m  ✓[0m[90m Should fail transferOwnership(address) when NOT comply with: msg.sender == mOwner[0m[33m (43ms)[0m
  [32m  ✓[0m[90m Should fail transferOwnership(address) when NOT comply with: _newOwner != 0x0000000000000000000000000000000000000000[0m[33m (43ms)[0m

[0m  Contract: PriorityQueue[0m
  [32m  ✓[0m[90m Should execute insertOrder(uint256,uint256)[0m[33m (73ms)[0m
  [31m  13) Should execute getMinOrder()[0m
    > No events were emitted
  [31m  14) Should execute getMin()[0m
    > No events were emitted
  [31m  15) Should execute delMin() WHEN msg.sender==owner[0m
    > No events were emitted
  [32m  ✓[0m[90m Should fail delMin() when NOT comply with: msg.sender == owner[0m[33m (40ms)[0m

[0m  Contract: contractProxySafeMath[0m
  [32m  ✓[0m[90m Should execute testmul(uint256,uint256) WHEN a==0[0m
  [31m  16) Should fail testmul(uint256,uint256) when NOT comply with: a == 0[0m
    > No events were emitted
  [32m  ✓[0m[90m Should execute testdiv(uint256,uint256)[0m
  [32m  ✓[0m[90m Should execute testsub(uint256,uint256) WHEN b<=a[0m
  [31m  17) Should fail testsub(uint256,uint256) when NOT comply with: b <= a[0m
    > No events were emitted
  [32m  ✓[0m[90m Should execute testadd(uint256,uint256)[0m

[0m  Contract: StandardToken[0m
  [32m  ✓[0m[90m Should execute transferFrom(address,address,uint256) WHEN _to!=0x0000000000000000000000000000000000000000,_value<=balances[0m[33m (54ms)[0m
  [32m  ✓[0m[90m Should fail transferFrom(address,address,uint256) when NOT comply with: _to != 0x0000000000000000000000000000000000000000[0m[33m (41ms)[0m
  [32m  ✓[0m[90m Should execute approve(address,uint256)[0m[33m (42ms)[0m
  [32m  ✓[0m[90m Should execute allowance(address,address)[0m
  [32m  ✓[0m[90m Should execute increaseApproval(address,uint)[0m[33m (42ms)[0m
  [32m  ✓[0m[90m Should execute decreaseApproval(address,uint) WHEN _subtractedValue>oldValue[0m[33m (42ms)[0m
  [32m  ✓[0m[90m Should execute decreaseApproval(address,uint) WHEN _subtractedValue<=oldValue[0m[33m (49ms)[0m

[0m  Contract: Token[0m
  [32m  ✓[0m[90m Should execute transfer(address,uint256) WHEN _to!=0x0000000000000000000000000000000000000000[0m[33m (48ms)[0m
  [32m  ✓[0m[90m Should fail transfer(address,uint256) when NOT comply with: _to != 0x0000000000000000000000000000000000000000[0m[33m (38ms)[0m
  [31m  18) Should execute transferFrom(address,address,uint256) WHEN _to!=0x0000000000000000000000000000000000000000[0m
    > No events were emitted
  [32m  ✓[0m[90m Should fail transferFrom(address,address,uint256) when NOT comply with: _to != 0x0000000000000000000000000000000000000000[0m[33m (40ms)[0m
  [32m  ✓[0m[90m Should execute approve(address,uint256)[0m[33m (43ms)[0m
  [32m  ✓[0m[90m Should execute allowance(address,address)[0m


[92m [0m[32m 30 passing[0m[90m (29s)[0m
[31m  18 failing[0m

[0m  1) Contract: BasicToken
       Should execute transfer(address,uint256) WHEN _to!=0x0000000000000000000000000000000000000000,_value<=balances:
[0m[31m     Error: Returned error: VM Exception while processing transaction: revert[0m[90m
      at Object.ErrorResponse (/home/fabianorodrigo/.nvm/versions/node/v10.15.3/pnpm-global/4/node_modules/.pnpm/truffle@5.0.27/node_modules/truffle/build/webpack:/~/web3-core-requestmanager/~/web3-core-helpers/src/errors.js:29:1)
      at /home/fabianorodrigo/.nvm/versions/node/v10.15.3/pnpm-global/4/node_modules/.pnpm/truffle@5.0.27/node_modules/truffle/build/webpack:/~/web3-core-requestmanager/src/index.js:140:1
      at /home/fabianorodrigo/.nvm/versions/node/v10.15.3/pnpm-global/4/node_modules/.pnpm/truffle@5.0.27/node_modules/truffle/build/webpack:/packages/truffle-provider/wrapper.js:112:1
      at XMLHttpRequest.request.onreadystatechange (/home/fabianorodrigo/.nvm/versions/node/v10.15.3/pnpm-global/4/node_modules/.pnpm/truffle@5.0.27/node_modules/truffle/build/webpack:/~/web3-providers-http/src/index.js:96:1)
      at XMLHttpRequestEventTarget.dispatchEvent (/home/fabianorodrigo/.nvm/versions/node/v10.15.3/pnpm-global/4/node_modules/.pnpm/truffle@5.0.27/node_modules/truffle/build/webpack:/~/xhr2-cookies/dist/xml-http-request-event-target.js:34:1)
      at XMLHttpRequest._setReadyState (/home/fabianorodrigo/.nvm/versions/node/v10.15.3/pnpm-global/4/node_modules/.pnpm/truffle@5.0.27/node_modules/truffle/build/webpack:/~/xhr2-cookies/dist/xml-http-request.js:208:1)
      at XMLHttpRequest._onHttpResponseEnd (/home/fabianorodrigo/.nvm/versions/node/v10.15.3/pnpm-global/4/node_modules/.pnpm/truffle@5.0.27/node_modules/truffle/build/webpack:/~/xhr2-cookies/dist/xml-http-request.js:318:1)
      at IncomingMessage.<anonymous> (/home/fabianorodrigo/.nvm/versions/node/v10.15.3/pnpm-global/4/node_modules/.pnpm/truffle@5.0.27/node_modules/truffle/build/webpack:/~/xhr2-cookies/dist/xml-http-request.js:289:47)
      at endReadableNT (_stream_readable.js:1125:12)
      at process._tickCallback (internal/process/next_tick.js:63:19)
[0m
[0m  2) Contract: contractProxyBondingCurve
       Should execute testfindNextHolder():
[0m[31m     Error: Returned error: VM Exception while processing transaction: invalid opcode[0m[90m
      at Object.ErrorResponse (/home/fabianorodrigo/.nvm/versions/node/v10.15.3/pnpm-global/4/node_modules/.pnpm/truffle@5.0.27/node_modules/truffle/build/webpack:/~/web3-core-requestmanager/~/web3-core-helpers/src/errors.js:29:1)
      at /home/fabianorodrigo/.nvm/versions/node/v10.15.3/pnpm-global/4/node_modules/.pnpm/truffle@5.0.27/node_modules/truffle/build/webpack:/~/web3-core-requestmanager/src/index.js:140:1
      at /home/fabianorodrigo/.nvm/versions/node/v10.15.3/pnpm-global/4/node_modules/.pnpm/truffle@5.0.27/node_modules/truffle/build/webpack:/packages/truffle-provider/wrapper.js:112:1
      at XMLHttpRequest.request.onreadystatechange (/home/fabianorodrigo/.nvm/versions/node/v10.15.3/pnpm-global/4/node_modules/.pnpm/truffle@5.0.27/node_modules/truffle/build/webpack:/~/web3-providers-http/src/index.js:96:1)
      at XMLHttpRequestEventTarget.dispatchEvent (/home/fabianorodrigo/.nvm/versions/node/v10.15.3/pnpm-global/4/node_modules/.pnpm/truffle@5.0.27/node_modules/truffle/build/webpack:/~/xhr2-cookies/dist/xml-http-request-event-target.js:34:1)
      at XMLHttpRequest._setReadyState (/home/fabianorodrigo/.nvm/versions/node/v10.15.3/pnpm-global/4/node_modules/.pnpm/truffle@5.0.27/node_modules/truffle/build/webpack:/~/xhr2-cookies/dist/xml-http-request.js:208:1)
      at XMLHttpRequest._onHttpResponseEnd (/home/fabianorodrigo/.nvm/versions/node/v10.15.3/pnpm-global/4/node_modules/.pnpm/truffle@5.0.27/node_modules/truffle/build/webpack:/~/xhr2-cookies/dist/xml-http-request.js:318:1)
      at IncomingMessage.<anonymous> (/home/fabianorodrigo/.nvm/versions/node/v10.15.3/pnpm-global/4/node_modules/.pnpm/truffle@5.0.27/node_modules/truffle/build/webpack:/~/xhr2-cookies/dist/xml-http-request.js:289:47)
      at endReadableNT (_stream_readable.js:1125:12)
      at process._tickCallback (internal/process/next_tick.js:63:19)
[0m
[0m  3) Contract: BondingCurve
       Should execute buyTokens(uint256,uint256) WHEN supply>0:
[0m[31m     Error: Returned error: VM Exception while processing transaction: revert[0m[90m
      at Object.ErrorResponse (/home/fabianorodrigo/.nvm/versions/node/v10.15.3/pnpm-global/4/node_modules/.pnpm/truffle@5.0.27/node_modules/truffle/build/webpack:/~/web3-core-requestmanager/~/web3-core-helpers/src/errors.js:29:1)
      at /home/fabianorodrigo/.nvm/versions/node/v10.15.3/pnpm-global/4/node_modules/.pnpm/truffle@5.0.27/node_modules/truffle/build/webpack:/~/web3-core-requestmanager/src/index.js:140:1
      at /home/fabianorodrigo/.nvm/versions/node/v10.15.3/pnpm-global/4/node_modules/.pnpm/truffle@5.0.27/node_modules/truffle/build/webpack:/packages/truffle-provider/wrapper.js:112:1
      at XMLHttpRequest.request.onreadystatechange (/home/fabianorodrigo/.nvm/versions/node/v10.15.3/pnpm-global/4/node_modules/.pnpm/truffle@5.0.27/node_modules/truffle/build/webpack:/~/web3-providers-http/src/index.js:96:1)
      at XMLHttpRequestEventTarget.dispatchEvent (/home/fabianorodrigo/.nvm/versions/node/v10.15.3/pnpm-global/4/node_modules/.pnpm/truffle@5.0.27/node_modules/truffle/build/webpack:/~/xhr2-cookies/dist/xml-http-request-event-target.js:34:1)
      at XMLHttpRequest._setReadyState (/home/fabianorodrigo/.nvm/versions/node/v10.15.3/pnpm-global/4/node_modules/.pnpm/truffle@5.0.27/node_modules/truffle/build/webpack:/~/xhr2-cookies/dist/xml-http-request.js:208:1)
      at XMLHttpRequest._onHttpResponseEnd (/home/fabianorodrigo/.nvm/versions/node/v10.15.3/pnpm-global/4/node_modules/.pnpm/truffle@5.0.27/node_modules/truffle/build/webpack:/~/xhr2-cookies/dist/xml-http-request.js:318:1)
      at IncomingMessage.<anonymous> (/home/fabianorodrigo/.nvm/versions/node/v10.15.3/pnpm-global/4/node_modules/.pnpm/truffle@5.0.27/node_modules/truffle/build/webpack:/~/xhr2-cookies/dist/xml-http-request.js:289:47)
      at endReadableNT (_stream_readable.js:1125:12)
      at process._tickCallback (internal/process/next_tick.js:63:19)
[0m
[0m  4) Contract: BondingCurve
       Should execute buyTokens(uint256,uint256) WHEN supply<=0:
[0m[31m     Error: Returned error: VM Exception while processing transaction: revert[0m[90m
      at Object.ErrorResponse (/home/fabianorodrigo/.nvm/versions/node/v10.15.3/pnpm-global/4/node_modules/.pnpm/truffle@5.0.27/node_modules/truffle/build/webpack:/~/web3-core-requestmanager/~/web3-core-helpers/src/errors.js:29:1)
      at /home/fabianorodrigo/.nvm/versions/node/v10.15.3/pnpm-global/4/node_modules/.pnpm/truffle@5.0.27/node_modules/truffle/build/webpack:/~/web3-core-requestmanager/src/index.js:140:1
      at /home/fabianorodrigo/.nvm/versions/node/v10.15.3/pnpm-global/4/node_modules/.pnpm/truffle@5.0.27/node_modules/truffle/build/webpack:/packages/truffle-provider/wrapper.js:112:1
      at XMLHttpRequest.request.onreadystatechange (/home/fabianorodrigo/.nvm/versions/node/v10.15.3/pnpm-global/4/node_modules/.pnpm/truffle@5.0.27/node_modules/truffle/build/webpack:/~/web3-providers-http/src/index.js:96:1)
      at XMLHttpRequestEventTarget.dispatchEvent (/home/fabianorodrigo/.nvm/versions/node/v10.15.3/pnpm-global/4/node_modules/.pnpm/truffle@5.0.27/node_modules/truffle/build/webpack:/~/xhr2-cookies/dist/xml-http-request-event-target.js:34:1)
      at XMLHttpRequest._setReadyState (/home/fabianorodrigo/.nvm/versions/node/v10.15.3/pnpm-global/4/node_modules/.pnpm/truffle@5.0.27/node_modules/truffle/build/webpack:/~/xhr2-cookies/dist/xml-http-request.js:208:1)
      at XMLHttpRequest._onHttpResponseEnd (/home/fabianorodrigo/.nvm/versions/node/v10.15.3/pnpm-global/4/node_modules/.pnpm/truffle@5.0.27/node_modules/truffle/build/webpack:/~/xhr2-cookies/dist/xml-http-request.js:318:1)
      at IncomingMessage.<anonymous> (/home/fabianorodrigo/.nvm/versions/node/v10.15.3/pnpm-global/4/node_modules/.pnpm/truffle@5.0.27/node_modules/truffle/build/webpack:/~/xhr2-cookies/dist/xml-http-request.js:289:47)
      at endReadableNT (_stream_readable.js:1125:12)
      at process._tickCallback (internal/process/next_tick.js:63:19)
[0m
[0m  5) Contract: BondingCurve
       Should execute buyTokens(uint256,uint256) WHEN supply==0:
[0m[31m     Error: Returned error: VM Exception while processing transaction: revert[0m[90m
      at Object.ErrorResponse (/home/fabianorodrigo/.nvm/versions/node/v10.15.3/pnpm-global/4/node_modules/.pnpm/truffle@5.0.27/node_modules/truffle/build/webpack:/~/web3-core-requestmanager/~/web3-core-helpers/src/errors.js:29:1)
      at /home/fabianorodrigo/.nvm/versions/node/v10.15.3/pnpm-global/4/node_modules/.pnpm/truffle@5.0.27/node_modules/truffle/build/webpack:/~/web3-core-requestmanager/src/index.js:140:1
      at /home/fabianorodrigo/.nvm/versions/node/v10.15.3/pnpm-global/4/node_modules/.pnpm/truffle@5.0.27/node_modules/truffle/build/webpack:/packages/truffle-provider/wrapper.js:112:1
      at XMLHttpRequest.request.onreadystatechange (/home/fabianorodrigo/.nvm/versions/node/v10.15.3/pnpm-global/4/node_modules/.pnpm/truffle@5.0.27/node_modules/truffle/build/webpack:/~/web3-providers-http/src/index.js:96:1)
      at XMLHttpRequestEventTarget.dispatchEvent (/home/fabianorodrigo/.nvm/versions/node/v10.15.3/pnpm-global/4/node_modules/.pnpm/truffle@5.0.27/node_modules/truffle/build/webpack:/~/xhr2-cookies/dist/xml-http-request-event-target.js:34:1)
      at XMLHttpRequest._setReadyState (/home/fabianorodrigo/.nvm/versions/node/v10.15.3/pnpm-global/4/node_modules/.pnpm/truffle@5.0.27/node_modules/truffle/build/webpack:/~/xhr2-cookies/dist/xml-http-request.js:208:1)
      at XMLHttpRequest._onHttpResponseEnd (/home/fabianorodrigo/.nvm/versions/node/v10.15.3/pnpm-global/4/node_modules/.pnpm/truffle@5.0.27/node_modules/truffle/build/webpack:/~/xhr2-cookies/dist/xml-http-request.js:318:1)
      at IncomingMessage.<anonymous> (/home/fabianorodrigo/.nvm/versions/node/v10.15.3/pnpm-global/4/node_modules/.pnpm/truffle@5.0.27/node_modules/truffle/build/webpack:/~/xhr2-cookies/dist/xml-http-request.js:289:47)
      at endReadableNT (_stream_readable.js:1125:12)
      at process._tickCallback (internal/process/next_tick.js:63:19)
[0m
[0m  6) Contract: BondingCurve
       Should execute buyTokens(uint256,uint256) WHEN supply!=0:
[0m[31m     Error: Returned error: VM Exception while processing transaction: revert[0m[90m
      at Object.ErrorResponse (/home/fabianorodrigo/.nvm/versions/node/v10.15.3/pnpm-global/4/node_modules/.pnpm/truffle@5.0.27/node_modules/truffle/build/webpack:/~/web3-core-requestmanager/~/web3-core-helpers/src/errors.js:29:1)
      at /home/fabianorodrigo/.nvm/versions/node/v10.15.3/pnpm-global/4/node_modules/.pnpm/truffle@5.0.27/node_modules/truffle/build/webpack:/~/web3-core-requestmanager/src/index.js:140:1
      at /home/fabianorodrigo/.nvm/versions/node/v10.15.3/pnpm-global/4/node_modules/.pnpm/truffle@5.0.27/node_modules/truffle/build/webpack:/packages/truffle-provider/wrapper.js:112:1
      at XMLHttpRequest.request.onreadystatechange (/home/fabianorodrigo/.nvm/versions/node/v10.15.3/pnpm-global/4/node_modules/.pnpm/truffle@5.0.27/node_modules/truffle/build/webpack:/~/web3-providers-http/src/index.js:96:1)
      at XMLHttpRequestEventTarget.dispatchEvent (/home/fabianorodrigo/.nvm/versions/node/v10.15.3/pnpm-global/4/node_modules/.pnpm/truffle@5.0.27/node_modules/truffle/build/webpack:/~/xhr2-cookies/dist/xml-http-request-event-target.js:34:1)
      at XMLHttpRequest._setReadyState (/home/fabianorodrigo/.nvm/versions/node/v10.15.3/pnpm-global/4/node_modules/.pnpm/truffle@5.0.27/node_modules/truffle/build/webpack:/~/xhr2-cookies/dist/xml-http-request.js:208:1)
      at XMLHttpRequest._onHttpResponseEnd (/home/fabianorodrigo/.nvm/versions/node/v10.15.3/pnpm-global/4/node_modules/.pnpm/truffle@5.0.27/node_modules/truffle/build/webpack:/~/xhr2-cookies/dist/xml-http-request.js:318:1)
      at IncomingMessage.<anonymous> (/home/fabianorodrigo/.nvm/versions/node/v10.15.3/pnpm-global/4/node_modules/.pnpm/truffle@5.0.27/node_modules/truffle/build/webpack:/~/xhr2-cookies/dist/xml-http-request.js:289:47)
      at endReadableNT (_stream_readable.js:1125:12)
      at process._tickCallback (internal/process/next_tick.js:63:19)
[0m
[0m  7) Contract: BondingCurve
       Should execute sellTokens(uint256):
[0m[31m     Error: Returned error: VM Exception while processing transaction: revert[0m[90m
      at Object.ErrorResponse (/home/fabianorodrigo/.nvm/versions/node/v10.15.3/pnpm-global/4/node_modules/.pnpm/truffle@5.0.27/node_modules/truffle/build/webpack:/~/web3-core-requestmanager/~/web3-core-helpers/src/errors.js:29:1)
      at /home/fabianorodrigo/.nvm/versions/node/v10.15.3/pnpm-global/4/node_modules/.pnpm/truffle@5.0.27/node_modules/truffle/build/webpack:/~/web3-core-requestmanager/src/index.js:140:1
      at /home/fabianorodrigo/.nvm/versions/node/v10.15.3/pnpm-global/4/node_modules/.pnpm/truffle@5.0.27/node_modules/truffle/build/webpack:/packages/truffle-provider/wrapper.js:112:1
      at XMLHttpRequest.request.onreadystatechange (/home/fabianorodrigo/.nvm/versions/node/v10.15.3/pnpm-global/4/node_modules/.pnpm/truffle@5.0.27/node_modules/truffle/build/webpack:/~/web3-providers-http/src/index.js:96:1)
      at XMLHttpRequestEventTarget.dispatchEvent (/home/fabianorodrigo/.nvm/versions/node/v10.15.3/pnpm-global/4/node_modules/.pnpm/truffle@5.0.27/node_modules/truffle/build/webpack:/~/xhr2-cookies/dist/xml-http-request-event-target.js:34:1)
      at XMLHttpRequest._setReadyState (/home/fabianorodrigo/.nvm/versions/node/v10.15.3/pnpm-global/4/node_modules/.pnpm/truffle@5.0.27/node_modules/truffle/build/webpack:/~/xhr2-cookies/dist/xml-http-request.js:208:1)
      at XMLHttpRequest._onHttpResponseEnd (/home/fabianorodrigo/.nvm/versions/node/v10.15.3/pnpm-global/4/node_modules/.pnpm/truffle@5.0.27/node_modules/truffle/build/webpack:/~/xhr2-cookies/dist/xml-http-request.js:318:1)
      at IncomingMessage.<anonymous> (/home/fabianorodrigo/.nvm/versions/node/v10.15.3/pnpm-global/4/node_modules/.pnpm/truffle@5.0.27/node_modules/truffle/build/webpack:/~/xhr2-cookies/dist/xml-http-request.js:289:47)
      at endReadableNT (_stream_readable.js:1125:12)
      at process._tickCallback (internal/process/next_tick.js:63:19)
[0m
[0m  8) Contract: BondingCurve
       Should execute changeTargetPrice(uint256):
[0m[31m     Error: Returned error: VM Exception while processing transaction: revert[0m[90m
      at Object.ErrorResponse (/home/fabianorodrigo/.nvm/versions/node/v10.15.3/pnpm-global/4/node_modules/.pnpm/truffle@5.0.27/node_modules/truffle/build/webpack:/~/web3-core-requestmanager/~/web3-core-helpers/src/errors.js:29:1)
      at /home/fabianorodrigo/.nvm/versions/node/v10.15.3/pnpm-global/4/node_modules/.pnpm/truffle@5.0.27/node_modules/truffle/build/webpack:/~/web3-core-requestmanager/src/index.js:140:1
      at /home/fabianorodrigo/.nvm/versions/node/v10.15.3/pnpm-global/4/node_modules/.pnpm/truffle@5.0.27/node_modules/truffle/build/webpack:/packages/truffle-provider/wrapper.js:112:1
      at XMLHttpRequest.request.onreadystatechange (/home/fabianorodrigo/.nvm/versions/node/v10.15.3/pnpm-global/4/node_modules/.pnpm/truffle@5.0.27/node_modules/truffle/build/webpack:/~/web3-providers-http/src/index.js:96:1)
      at XMLHttpRequestEventTarget.dispatchEvent (/home/fabianorodrigo/.nvm/versions/node/v10.15.3/pnpm-global/4/node_modules/.pnpm/truffle@5.0.27/node_modules/truffle/build/webpack:/~/xhr2-cookies/dist/xml-http-request-event-target.js:34:1)
      at XMLHttpRequest._setReadyState (/home/fabianorodrigo/.nvm/versions/node/v10.15.3/pnpm-global/4/node_modules/.pnpm/truffle@5.0.27/node_modules/truffle/build/webpack:/~/xhr2-cookies/dist/xml-http-request.js:208:1)
      at XMLHttpRequest._onHttpResponseEnd (/home/fabianorodrigo/.nvm/versions/node/v10.15.3/pnpm-global/4/node_modules/.pnpm/truffle@5.0.27/node_modules/truffle/build/webpack:/~/xhr2-cookies/dist/xml-http-request.js:318:1)
      at IncomingMessage.<anonymous> (/home/fabianorodrigo/.nvm/versions/node/v10.15.3/pnpm-global/4/node_modules/.pnpm/truffle@5.0.27/node_modules/truffle/build/webpack:/~/xhr2-cookies/dist/xml-http-request.js:289:47)
      at endReadableNT (_stream_readable.js:1125:12)
      at process._tickCallback (internal/process/next_tick.js:63:19)
[0m
[0m  9) Contract: BondingCurve
       Should execute queryNextPrice() WHEN supply==0:
[0m[31m     Error: Returned error: VM Exception while processing transaction: revert[0m[90m
      at Object.ErrorResponse (/home/fabianorodrigo/.nvm/versions/node/v10.15.3/pnpm-global/4/node_modules/.pnpm/truffle@5.0.27/node_modules/truffle/build/webpack:/~/web3-core-requestmanager/~/web3-core-helpers/src/errors.js:29:1)
      at /home/fabianorodrigo/.nvm/versions/node/v10.15.3/pnpm-global/4/node_modules/.pnpm/truffle@5.0.27/node_modules/truffle/build/webpack:/~/web3-core-requestmanager/src/index.js:140:1
      at /home/fabianorodrigo/.nvm/versions/node/v10.15.3/pnpm-global/4/node_modules/.pnpm/truffle@5.0.27/node_modules/truffle/build/webpack:/packages/truffle-provider/wrapper.js:112:1
      at XMLHttpRequest.request.onreadystatechange (/home/fabianorodrigo/.nvm/versions/node/v10.15.3/pnpm-global/4/node_modules/.pnpm/truffle@5.0.27/node_modules/truffle/build/webpack:/~/web3-providers-http/src/index.js:96:1)
      at XMLHttpRequestEventTarget.dispatchEvent (/home/fabianorodrigo/.nvm/versions/node/v10.15.3/pnpm-global/4/node_modules/.pnpm/truffle@5.0.27/node_modules/truffle/build/webpack:/~/xhr2-cookies/dist/xml-http-request-event-target.js:34:1)
      at XMLHttpRequest._setReadyState (/home/fabianorodrigo/.nvm/versions/node/v10.15.3/pnpm-global/4/node_modules/.pnpm/truffle@5.0.27/node_modules/truffle/build/webpack:/~/xhr2-cookies/dist/xml-http-request.js:208:1)
      at XMLHttpRequest._onHttpResponseEnd (/home/fabianorodrigo/.nvm/versions/node/v10.15.3/pnpm-global/4/node_modules/.pnpm/truffle@5.0.27/node_modules/truffle/build/webpack:/~/xhr2-cookies/dist/xml-http-request.js:318:1)
      at IncomingMessage.<anonymous> (/home/fabianorodrigo/.nvm/versions/node/v10.15.3/pnpm-global/4/node_modules/.pnpm/truffle@5.0.27/node_modules/truffle/build/webpack:/~/xhr2-cookies/dist/xml-http-request.js:289:47)
      at endReadableNT (_stream_readable.js:1125:12)
      at process._tickCallback (internal/process/next_tick.js:63:19)
[0m
[0m  10) Contract: BondingCurve
       Should execute getTokenBalance():
[0m[31m     Error: Returned error: VM Exception while processing transaction: revert[0m[90m
      at Object.ErrorResponse (/home/fabianorodrigo/.nvm/versions/node/v10.15.3/pnpm-global/4/node_modules/.pnpm/truffle@5.0.27/node_modules/truffle/build/webpack:/~/web3-core-requestmanager/~/web3-core-helpers/src/errors.js:29:1)
      at /home/fabianorodrigo/.nvm/versions/node/v10.15.3/pnpm-global/4/node_modules/.pnpm/truffle@5.0.27/node_modules/truffle/build/webpack:/~/web3-core-requestmanager/src/index.js:140:1
      at /home/fabianorodrigo/.nvm/versions/node/v10.15.3/pnpm-global/4/node_modules/.pnpm/truffle@5.0.27/node_modules/truffle/build/webpack:/packages/truffle-provider/wrapper.js:112:1
      at XMLHttpRequest.request.onreadystatechange (/home/fabianorodrigo/.nvm/versions/node/v10.15.3/pnpm-global/4/node_modules/.pnpm/truffle@5.0.27/node_modules/truffle/build/webpack:/~/web3-providers-http/src/index.js:96:1)
      at XMLHttpRequestEventTarget.dispatchEvent (/home/fabianorodrigo/.nvm/versions/node/v10.15.3/pnpm-global/4/node_modules/.pnpm/truffle@5.0.27/node_modules/truffle/build/webpack:/~/xhr2-cookies/dist/xml-http-request-event-target.js:34:1)
      at XMLHttpRequest._setReadyState (/home/fabianorodrigo/.nvm/versions/node/v10.15.3/pnpm-global/4/node_modules/.pnpm/truffle@5.0.27/node_modules/truffle/build/webpack:/~/xhr2-cookies/dist/xml-http-request.js:208:1)
      at XMLHttpRequest._onHttpResponseEnd (/home/fabianorodrigo/.nvm/versions/node/v10.15.3/pnpm-global/4/node_modules/.pnpm/truffle@5.0.27/node_modules/truffle/build/webpack:/~/xhr2-cookies/dist/xml-http-request.js:318:1)
      at IncomingMessage.<anonymous> (/home/fabianorodrigo/.nvm/versions/node/v10.15.3/pnpm-global/4/node_modules/.pnpm/truffle@5.0.27/node_modules/truffle/build/webpack:/~/xhr2-cookies/dist/xml-http-request.js:289:47)
      at endReadableNT (_stream_readable.js:1125:12)
      at process._tickCallback (internal/process/next_tick.js:63:19)
[0m
[0m  11) Contract: EIP20
       Should execute transfer(address,uint256) WHEN balances>=_value:
[0m[31m     Error: Returned error: VM Exception while processing transaction: revert[0m[90m
      at Object.ErrorResponse (/home/fabianorodrigo/.nvm/versions/node/v10.15.3/pnpm-global/4/node_modules/.pnpm/truffle@5.0.27/node_modules/truffle/build/webpack:/~/web3-core-requestmanager/~/web3-core-helpers/src/errors.js:29:1)
      at /home/fabianorodrigo/.nvm/versions/node/v10.15.3/pnpm-global/4/node_modules/.pnpm/truffle@5.0.27/node_modules/truffle/build/webpack:/~/web3-core-requestmanager/src/index.js:140:1
      at /home/fabianorodrigo/.nvm/versions/node/v10.15.3/pnpm-global/4/node_modules/.pnpm/truffle@5.0.27/node_modules/truffle/build/webpack:/packages/truffle-provider/wrapper.js:112:1
      at XMLHttpRequest.request.onreadystatechange (/home/fabianorodrigo/.nvm/versions/node/v10.15.3/pnpm-global/4/node_modules/.pnpm/truffle@5.0.27/node_modules/truffle/build/webpack:/~/web3-providers-http/src/index.js:96:1)
      at XMLHttpRequestEventTarget.dispatchEvent (/home/fabianorodrigo/.nvm/versions/node/v10.15.3/pnpm-global/4/node_modules/.pnpm/truffle@5.0.27/node_modules/truffle/build/webpack:/~/xhr2-cookies/dist/xml-http-request-event-target.js:34:1)
      at XMLHttpRequest._setReadyState (/home/fabianorodrigo/.nvm/versions/node/v10.15.3/pnpm-global/4/node_modules/.pnpm/truffle@5.0.27/node_modules/truffle/build/webpack:/~/xhr2-cookies/dist/xml-http-request.js:208:1)
      at XMLHttpRequest._onHttpResponseEnd (/home/fabianorodrigo/.nvm/versions/node/v10.15.3/pnpm-global/4/node_modules/.pnpm/truffle@5.0.27/node_modules/truffle/build/webpack:/~/xhr2-cookies/dist/xml-http-request.js:318:1)
      at IncomingMessage.<anonymous> (/home/fabianorodrigo/.nvm/versions/node/v10.15.3/pnpm-global/4/node_modules/.pnpm/truffle@5.0.27/node_modules/truffle/build/webpack:/~/xhr2-cookies/dist/xml-http-request.js:289:47)
      at endReadableNT (_stream_readable.js:1125:12)
      at process._tickCallback (internal/process/next_tick.js:63:19)
[0m
[0m  12) Contract: EIP20
       Should execute transferFrom(address,address,uint256) WHEN allowance<MAX_UINT256,balances>=_value,allowance>=_value:
[0m[31m     Error: Returned error: VM Exception while processing transaction: revert[0m[90m
      at Object.ErrorResponse (/home/fabianorodrigo/.nvm/versions/node/v10.15.3/pnpm-global/4/node_modules/.pnpm/truffle@5.0.27/node_modules/truffle/build/webpack:/~/web3-core-requestmanager/~/web3-core-helpers/src/errors.js:29:1)
      at /home/fabianorodrigo/.nvm/versions/node/v10.15.3/pnpm-global/4/node_modules/.pnpm/truffle@5.0.27/node_modules/truffle/build/webpack:/~/web3-core-requestmanager/src/index.js:140:1
      at /home/fabianorodrigo/.nvm/versions/node/v10.15.3/pnpm-global/4/node_modules/.pnpm/truffle@5.0.27/node_modules/truffle/build/webpack:/packages/truffle-provider/wrapper.js:112:1
      at XMLHttpRequest.request.onreadystatechange (/home/fabianorodrigo/.nvm/versions/node/v10.15.3/pnpm-global/4/node_modules/.pnpm/truffle@5.0.27/node_modules/truffle/build/webpack:/~/web3-providers-http/src/index.js:96:1)
      at XMLHttpRequestEventTarget.dispatchEvent (/home/fabianorodrigo/.nvm/versions/node/v10.15.3/pnpm-global/4/node_modules/.pnpm/truffle@5.0.27/node_modules/truffle/build/webpack:/~/xhr2-cookies/dist/xml-http-request-event-target.js:34:1)
      at XMLHttpRequest._setReadyState (/home/fabianorodrigo/.nvm/versions/node/v10.15.3/pnpm-global/4/node_modules/.pnpm/truffle@5.0.27/node_modules/truffle/build/webpack:/~/xhr2-cookies/dist/xml-http-request.js:208:1)
      at XMLHttpRequest._onHttpResponseEnd (/home/fabianorodrigo/.nvm/versions/node/v10.15.3/pnpm-global/4/node_modules/.pnpm/truffle@5.0.27/node_modules/truffle/build/webpack:/~/xhr2-cookies/dist/xml-http-request.js:318:1)
      at IncomingMessage.<anonymous> (/home/fabianorodrigo/.nvm/versions/node/v10.15.3/pnpm-global/4/node_modules/.pnpm/truffle@5.0.27/node_modules/truffle/build/webpack:/~/xhr2-cookies/dist/xml-http-request.js:289:47)
      at endReadableNT (_stream_readable.js:1125:12)
      at process._tickCallback (internal/process/next_tick.js:63:19)
[0m
[0m  13) Contract: PriorityQueue
       Should execute getMinOrder():
[0m[31m     Error: Returned error: VM Exception while processing transaction: invalid opcode[0m[90m
      at Object.ErrorResponse (/home/fabianorodrigo/.nvm/versions/node/v10.15.3/pnpm-global/4/node_modules/.pnpm/truffle@5.0.27/node_modules/truffle/build/webpack:/~/web3-core-requestmanager/~/web3-core-helpers/src/errors.js:29:1)
      at /home/fabianorodrigo/.nvm/versions/node/v10.15.3/pnpm-global/4/node_modules/.pnpm/truffle@5.0.27/node_modules/truffle/build/webpack:/~/web3-core-requestmanager/src/index.js:140:1
      at /home/fabianorodrigo/.nvm/versions/node/v10.15.3/pnpm-global/4/node_modules/.pnpm/truffle@5.0.27/node_modules/truffle/build/webpack:/packages/truffle-provider/wrapper.js:112:1
      at XMLHttpRequest.request.onreadystatechange (/home/fabianorodrigo/.nvm/versions/node/v10.15.3/pnpm-global/4/node_modules/.pnpm/truffle@5.0.27/node_modules/truffle/build/webpack:/~/web3-providers-http/src/index.js:96:1)
      at XMLHttpRequestEventTarget.dispatchEvent (/home/fabianorodrigo/.nvm/versions/node/v10.15.3/pnpm-global/4/node_modules/.pnpm/truffle@5.0.27/node_modules/truffle/build/webpack:/~/xhr2-cookies/dist/xml-http-request-event-target.js:34:1)
      at XMLHttpRequest._setReadyState (/home/fabianorodrigo/.nvm/versions/node/v10.15.3/pnpm-global/4/node_modules/.pnpm/truffle@5.0.27/node_modules/truffle/build/webpack:/~/xhr2-cookies/dist/xml-http-request.js:208:1)
      at XMLHttpRequest._onHttpResponseEnd (/home/fabianorodrigo/.nvm/versions/node/v10.15.3/pnpm-global/4/node_modules/.pnpm/truffle@5.0.27/node_modules/truffle/build/webpack:/~/xhr2-cookies/dist/xml-http-request.js:318:1)
      at IncomingMessage.<anonymous> (/home/fabianorodrigo/.nvm/versions/node/v10.15.3/pnpm-global/4/node_modules/.pnpm/truffle@5.0.27/node_modules/truffle/build/webpack:/~/xhr2-cookies/dist/xml-http-request.js:289:47)
      at endReadableNT (_stream_readable.js:1125:12)
      at process._tickCallback (internal/process/next_tick.js:63:19)
[0m
[0m  14) Contract: PriorityQueue
       Should execute getMin():
[0m[31m     Error: Returned error: VM Exception while processing transaction: invalid opcode[0m[90m
      at Object.ErrorResponse (/home/fabianorodrigo/.nvm/versions/node/v10.15.3/pnpm-global/4/node_modules/.pnpm/truffle@5.0.27/node_modules/truffle/build/webpack:/~/web3-core-requestmanager/~/web3-core-helpers/src/errors.js:29:1)
      at /home/fabianorodrigo/.nvm/versions/node/v10.15.3/pnpm-global/4/node_modules/.pnpm/truffle@5.0.27/node_modules/truffle/build/webpack:/~/web3-core-requestmanager/src/index.js:140:1
      at /home/fabianorodrigo/.nvm/versions/node/v10.15.3/pnpm-global/4/node_modules/.pnpm/truffle@5.0.27/node_modules/truffle/build/webpack:/packages/truffle-provider/wrapper.js:112:1
      at XMLHttpRequest.request.onreadystatechange (/home/fabianorodrigo/.nvm/versions/node/v10.15.3/pnpm-global/4/node_modules/.pnpm/truffle@5.0.27/node_modules/truffle/build/webpack:/~/web3-providers-http/src/index.js:96:1)
      at XMLHttpRequestEventTarget.dispatchEvent (/home/fabianorodrigo/.nvm/versions/node/v10.15.3/pnpm-global/4/node_modules/.pnpm/truffle@5.0.27/node_modules/truffle/build/webpack:/~/xhr2-cookies/dist/xml-http-request-event-target.js:34:1)
      at XMLHttpRequest._setReadyState (/home/fabianorodrigo/.nvm/versions/node/v10.15.3/pnpm-global/4/node_modules/.pnpm/truffle@5.0.27/node_modules/truffle/build/webpack:/~/xhr2-cookies/dist/xml-http-request.js:208:1)
      at XMLHttpRequest._onHttpResponseEnd (/home/fabianorodrigo/.nvm/versions/node/v10.15.3/pnpm-global/4/node_modules/.pnpm/truffle@5.0.27/node_modules/truffle/build/webpack:/~/xhr2-cookies/dist/xml-http-request.js:318:1)
      at IncomingMessage.<anonymous> (/home/fabianorodrigo/.nvm/versions/node/v10.15.3/pnpm-global/4/node_modules/.pnpm/truffle@5.0.27/node_modules/truffle/build/webpack:/~/xhr2-cookies/dist/xml-http-request.js:289:47)
      at endReadableNT (_stream_readable.js:1125:12)
      at process._tickCallback (internal/process/next_tick.js:63:19)
[0m
[0m  15) Contract: PriorityQueue
       Should execute delMin() WHEN msg.sender==owner:
[0m[31m     Error: Returned error: VM Exception while processing transaction: invalid opcode[0m[90m
      at Object.ErrorResponse (/home/fabianorodrigo/.nvm/versions/node/v10.15.3/pnpm-global/4/node_modules/.pnpm/truffle@5.0.27/node_modules/truffle/build/webpack:/~/web3-core-requestmanager/~/web3-core-helpers/src/errors.js:29:1)
      at /home/fabianorodrigo/.nvm/versions/node/v10.15.3/pnpm-global/4/node_modules/.pnpm/truffle@5.0.27/node_modules/truffle/build/webpack:/~/web3-core-requestmanager/src/index.js:140:1
      at /home/fabianorodrigo/.nvm/versions/node/v10.15.3/pnpm-global/4/node_modules/.pnpm/truffle@5.0.27/node_modules/truffle/build/webpack:/packages/truffle-provider/wrapper.js:112:1
      at XMLHttpRequest.request.onreadystatechange (/home/fabianorodrigo/.nvm/versions/node/v10.15.3/pnpm-global/4/node_modules/.pnpm/truffle@5.0.27/node_modules/truffle/build/webpack:/~/web3-providers-http/src/index.js:96:1)
      at XMLHttpRequestEventTarget.dispatchEvent (/home/fabianorodrigo/.nvm/versions/node/v10.15.3/pnpm-global/4/node_modules/.pnpm/truffle@5.0.27/node_modules/truffle/build/webpack:/~/xhr2-cookies/dist/xml-http-request-event-target.js:34:1)
      at XMLHttpRequest._setReadyState (/home/fabianorodrigo/.nvm/versions/node/v10.15.3/pnpm-global/4/node_modules/.pnpm/truffle@5.0.27/node_modules/truffle/build/webpack:/~/xhr2-cookies/dist/xml-http-request.js:208:1)
      at XMLHttpRequest._onHttpResponseEnd (/home/fabianorodrigo/.nvm/versions/node/v10.15.3/pnpm-global/4/node_modules/.pnpm/truffle@5.0.27/node_modules/truffle/build/webpack:/~/xhr2-cookies/dist/xml-http-request.js:318:1)
      at IncomingMessage.<anonymous> (/home/fabianorodrigo/.nvm/versions/node/v10.15.3/pnpm-global/4/node_modules/.pnpm/truffle@5.0.27/node_modules/truffle/build/webpack:/~/xhr2-cookies/dist/xml-http-request.js:289:47)
      at endReadableNT (_stream_readable.js:1125:12)
      at process._tickCallback (internal/process/next_tick.js:63:19)
[0m
[0m  16) Contract: contractProxySafeMath
       Should fail testmul(uint256,uint256) when NOT comply with: a == 0:
[0m[31m     AssertionError: Did not fail[0m[90m
      at fails (/home/fabianorodrigo/.nvm/versions/node/v10.15.3/pnpm-global/4/node_modules/.pnpm/truffle-assertions@0.9.2/node_modules/truffle-assertions/index.js:161:9)
      at process._tickCallback (internal/process/next_tick.js:68:7)
[0m
[0m  17) Contract: contractProxySafeMath
       Should fail testsub(uint256,uint256) when NOT comply with: b <= a:
[0m[31m     AssertionError: Expected to fail with revert, but failed with: Error: Returned error: VM Exception while processing transaction: invalid opcode[0m[90m
      at fails (/home/fabianorodrigo/.nvm/versions/node/v10.15.3/pnpm-global/4/node_modules/.pnpm/truffle-assertions@0.9.2/node_modules/truffle-assertions/index.js:152:13)
[0m
[0m  18) Contract: Token
       Should execute transferFrom(address,address,uint256) WHEN _to!=0x0000000000000000000000000000000000000000:
[0m[31m     Error: Returned error: VM Exception while processing transaction: revert[0m[90m
      at Object.ErrorResponse (/home/fabianorodrigo/.nvm/versions/node/v10.15.3/pnpm-global/4/node_modules/.pnpm/truffle@5.0.27/node_modules/truffle/build/webpack:/~/web3-core-requestmanager/~/web3-core-helpers/src/errors.js:29:1)
      at /home/fabianorodrigo/.nvm/versions/node/v10.15.3/pnpm-global/4/node_modules/.pnpm/truffle@5.0.27/node_modules/truffle/build/webpack:/~/web3-core-requestmanager/src/index.js:140:1
      at /home/fabianorodrigo/.nvm/versions/node/v10.15.3/pnpm-global/4/node_modules/.pnpm/truffle@5.0.27/node_modules/truffle/build/webpack:/packages/truffle-provider/wrapper.js:112:1
      at XMLHttpRequest.request.onreadystatechange (/home/fabianorodrigo/.nvm/versions/node/v10.15.3/pnpm-global/4/node_modules/.pnpm/truffle@5.0.27/node_modules/truffle/build/webpack:/~/web3-providers-http/src/index.js:96:1)
      at XMLHttpRequestEventTarget.dispatchEvent (/home/fabianorodrigo/.nvm/versions/node/v10.15.3/pnpm-global/4/node_modules/.pnpm/truffle@5.0.27/node_modules/truffle/build/webpack:/~/xhr2-cookies/dist/xml-http-request-event-target.js:34:1)
      at XMLHttpRequest._setReadyState (/home/fabianorodrigo/.nvm/versions/node/v10.15.3/pnpm-global/4/node_modules/.pnpm/truffle@5.0.27/node_modules/truffle/build/webpack:/~/xhr2-cookies/dist/xml-http-request.js:208:1)
      at XMLHttpRequest._onHttpResponseEnd (/home/fabianorodrigo/.nvm/versions/node/v10.15.3/pnpm-global/4/node_modules/.pnpm/truffle@5.0.27/node_modules/truffle/build/webpack:/~/xhr2-cookies/dist/xml-http-request.js:318:1)
      at IncomingMessage.<anonymous> (/home/fabianorodrigo/.nvm/versions/node/v10.15.3/pnpm-global/4/node_modules/.pnpm/truffle@5.0.27/node_modules/truffle/build/webpack:/~/xhr2-cookies/dist/xml-http-request.js:289:47)
      at endReadableNT (_stream_readable.js:1125:12)
      at process._tickCallback (internal/process/next_tick.js:63:19)
[0m


------------------------|----------|----------|----------|----------|----------------|
File                    |  % Stmts | % Branch |  % Funcs |  % Lines |Uncovered Lines |
------------------------|----------|----------|----------|----------|----------------|
 contracts/             |    43.69 |    31.25 |       72 |    43.81 |                |
  BondingCurve.sol      |    38.64 |    21.43 |    66.67 |    37.78 |... 138,141,142 |
  PriorityQueue.sol     |     38.3 |       30 |       70 |    40.43 |... 164,165,166 |
  Token.sol             |    83.33 |       60 |    83.33 |    76.92 |       21,22,56 |
 contracts/proxy4tests/ |      100 |      100 |      100 |      100 |                |
  BondingCurve.sol      |      100 |      100 |      100 |      100 |                |
  SafeMath.sol          |      100 |      100 |      100 |      100 |                |
 contracts/zeppelin/    |    94.12 |    82.14 |      100 |     94.2 |                |
  BasicToken.sol        |      100 |      100 |      100 |      100 |                |
  EIP20.sol             |    82.61 |    66.67 |      100 |    82.61 |    39,40,41,42 |
  EIP20Interface.sol    |      100 |      100 |      100 |      100 |                |
  ERC20.sol             |      100 |      100 |      100 |      100 |                |
  ERC20Basic.sol        |      100 |      100 |      100 |      100 |                |
  Ownable.sol           |      100 |      100 |      100 |      100 |                |
  SafeMath.sol          |      100 |    66.67 |      100 |      100 |                |
  StandardToken.sol     |      100 |     87.5 |      100 |      100 |                |
------------------------|----------|----------|----------|----------|----------------|
All files               |    64.77 |       50 |    86.27 |     64.8 |                |
------------------------|----------|----------|----------|----------|----------------|

Istanbul coverage reports generated
Cleaning up...
Shutting down testrpc-sc (pid 22261)
Some truffle tests failed while running coverage
