solidity-coverage
qua 11 nov 2020 12:45:58 -03
Truffle v5.0.27 (core: 5.0.27)
Solidity - 0.4.21 (solc-js)
Node v10.15.3
Web3.js v1.0.0-beta.37
Generating coverage environment
Running: truffle compile --network coverage 
(this can take a few seconds)...

Compiling your contracts...
===========================
> Compiling ./contracts/Migrations.sol
> Compiling ./contracts/SimpleCoin.sol
> Artifacts written to /home/fabianorodrigo/Projetos/bitbucket/solidity-test/workdir/SimpleCoin/coverageEnv/build/contracts
> Compiled successfully using:
   - solc: 0.4.21+commit.dfe3193c.Emscripten.clang

Skipping instrumentation of  ./coverageEnv/contracts/Migrations.sol
Instrumenting  ./coverageEnv/contracts/SimpleCoin.sol
Running: truffle compile --network coverage 
(this can take a few seconds)...

Compiling your contracts...
===========================
> Compiling ./contracts/Migrations.sol
> Compiling ./contracts/SimpleCoin.sol
> Artifacts written to /home/fabianorodrigo/Projetos/bitbucket/solidity-test/workdir/SimpleCoin/coverageEnv/build/contracts
> Compiled successfully using:
   - solc: 0.4.21+commit.dfe3193c.Emscripten.clang

Launched testrpc on port 8555
Running: truffle test --network coverage 
(this can take a few seconds)...
Using network 'coverage'.


Compiling your contracts...
===========================
> Everything is up to date, there is nothing to compile.


[0m[0m
[0m  Contract: SimpleCoin[0m
  [32m  ✓[0m[90m Should execute balanceOf(address)[0m
  [32m  ✓[0m[90m Should execute allowance(address,address)[0m
  [32m  ✓[0m[90m Should execute totalSupply()[0m
  [32m  ✓[0m[90m Should execute transfer(address,uint256) WHEN balances>=_value[0m[33m (63ms)[0m
  [31m  1) Should execute transferFrom(address,address,uint256) WHEN balances>=_value,remaining>=_value[0m

    Events emitted during test:
    ---------------------------

    LogTransfer(_from: <indexed> 0x0000000000000000000000000000000000000000 (address), _to: <indexed> 0xB8b2d38B53EbD333a3eB1DC5501e4E1aDa4b575A (address), _value: 1000000 (uint256))

    ---------------------------
  [32m  ✓[0m[90m Should execute approve(address,uint256)[0m[33m (48ms)[0m
  [32m  ✓[0m[90m Should execute transferOwnership(address) WHEN msg.sender==owner[0m[31m (102ms)[0m
  [32m  ✓[0m[90m Should fail transferOwnership(address) when NOT comply with: msg.sender == owner[0m[33m (55ms)[0m
  [32m  ✓[0m[90m Should execute acceptOwnership() WHEN msg.sender==newOwner[0m[31m (100ms)[0m
  [32m  ✓[0m[90m Should fail acceptOwnership() when NOT comply with: msg.sender == newOwner[0m[31m (96ms)[0m
  [32m  ✓[0m[90m Should execute declineOwnership() WHEN msg.sender==newOwner[0m[31m (89ms)[0m
  [32m  ✓[0m[90m Should fail declineOwnership() when NOT comply with: msg.sender == newOwner[0m[31m (76ms)[0m


[92m [0m[32m 11 passing[0m[90m (3s)[0m
[31m  1 failing[0m

[0m  1) Contract: SimpleCoin
       Should execute transferFrom(address,address,uint256) WHEN balances>=_value,remaining>=_value:
[0m[31m     Error: Returned error: VM Exception while processing transaction: revert[0m[90m
      at Object.ErrorResponse (/home/fabianorodrigo/.nvm/versions/node/v10.15.3/pnpm-global/4/node_modules/.pnpm/truffle@5.0.27/node_modules/truffle/build/webpack:/~/web3-core-requestmanager/~/web3-core-helpers/src/errors.js:29:1)
      at /home/fabianorodrigo/.nvm/versions/node/v10.15.3/pnpm-global/4/node_modules/.pnpm/truffle@5.0.27/node_modules/truffle/build/webpack:/~/web3-core-requestmanager/src/index.js:140:1
      at /home/fabianorodrigo/.nvm/versions/node/v10.15.3/pnpm-global/4/node_modules/.pnpm/truffle@5.0.27/node_modules/truffle/build/webpack:/packages/truffle-provider/wrapper.js:112:1
      at XMLHttpRequest.request.onreadystatechange (/home/fabianorodrigo/.nvm/versions/node/v10.15.3/pnpm-global/4/node_modules/.pnpm/truffle@5.0.27/node_modules/truffle/build/webpack:/~/web3-providers-http/src/index.js:96:1)
      at XMLHttpRequestEventTarget.dispatchEvent (/home/fabianorodrigo/.nvm/versions/node/v10.15.3/pnpm-global/4/node_modules/.pnpm/truffle@5.0.27/node_modules/truffle/build/webpack:/~/xhr2-cookies/dist/xml-http-request-event-target.js:34:1)
      at XMLHttpRequest._setReadyState (/home/fabianorodrigo/.nvm/versions/node/v10.15.3/pnpm-global/4/node_modules/.pnpm/truffle@5.0.27/node_modules/truffle/build/webpack:/~/xhr2-cookies/dist/xml-http-request.js:208:1)
      at XMLHttpRequest._onHttpResponseEnd (/home/fabianorodrigo/.nvm/versions/node/v10.15.3/pnpm-global/4/node_modules/.pnpm/truffle@5.0.27/node_modules/truffle/build/webpack:/~/xhr2-cookies/dist/xml-http-request.js:318:1)
      at IncomingMessage.<anonymous> (/home/fabianorodrigo/.nvm/versions/node/v10.15.3/pnpm-global/4/node_modules/.pnpm/truffle@5.0.27/node_modules/truffle/build/webpack:/~/xhr2-cookies/dist/xml-http-request.js:289:47)
      at endReadableNT (_stream_readable.js:1125:12)
      at process._tickCallback (internal/process/next_tick.js:63:19)
[0m


-----------------|----------|----------|----------|----------|----------------|
File             |  % Stmts | % Branch |  % Funcs |  % Lines |Uncovered Lines |
-----------------|----------|----------|----------|----------|----------------|
 contracts/      |    85.71 |       80 |      100 |    86.11 |                |
  SimpleCoin.sol |    85.71 |       80 |      100 |    86.11 | 70,72,74,76,78 |
-----------------|----------|----------|----------|----------|----------------|
All files        |    85.71 |       80 |      100 |    86.11 |                |
-----------------|----------|----------|----------|----------|----------------|

Istanbul coverage reports generated
Cleaning up...
Shutting down testrpc-sc (pid 373260)
Some truffle tests failed while running coverage
