npx solidity-coverage
qua 11 nov 2020 17:25:40 -03
Truffle v5.0.27 (core: 5.0.27)
Solidity - 0.4.24 (solc-js)
Node v10.15.3
Web3.js v1.0.0-beta.37
Generating coverage environment
Running: truffle compile --network coverage 
(this can take a few seconds)...

Compiling your contracts...
===========================
> Compiling ./contracts/Heap.sol
> Compiling ./contracts/Migrations.sol
> Compiling ./contracts/PlasmaMVP.sol
> Compiling openzeppelin-solidity/contracts/math/SafeMath.sol
> Compiling openzeppelin-solidity/contracts/ownership/Ownable.sol

    > compilation warnings encountered:

/home/fabianorodrigo/Projetos/bitbucket/solidity-test/workdir/mvp/coverageEnv/contracts/PlasmaMVP.sol:31:3: Warning: No visibility specified. Defaulting to "public". 
  constructor() {
  ^ (Relevant source part starts here and spans across multiple lines).

> Artifacts written to /home/fabianorodrigo/Projetos/bitbucket/solidity-test/workdir/mvp/coverageEnv/build/contracts
> Compiled successfully using:
   - solc: 0.4.24+commit.e67f0147.Emscripten.clang

Instrumenting  ./coverageEnv/contracts/Heap.sol
Skipping instrumentation of  ./coverageEnv/contracts/Migrations.sol
Instrumenting  ./coverageEnv/contracts/PlasmaMVP.sol
Running: truffle compile --network coverage 
(this can take a few seconds)...

Compiling your contracts...
===========================
> Compiling ./contracts/Heap.sol
> Compiling ./contracts/Migrations.sol
> Compiling ./contracts/PlasmaMVP.sol
> Compiling openzeppelin-solidity/contracts/math/SafeMath.sol
> Compiling openzeppelin-solidity/contracts/ownership/Ownable.sol

    > compilation warnings encountered:

/home/fabianorodrigo/Projetos/bitbucket/solidity-test/workdir/mvp/coverageEnv/contracts/PlasmaMVP.sol:37:3: Warning: No visibility specified. Defaulting to "public". 
  constructor() {emit __FunctionCoveragePlasmaMVP('/home/fabianorodrigo/Projetos/bitbucket/solidity-test/workdir/mvp/contracts/PlasmaMVP.sol',1);
  ^ (Relevant source part starts here and spans across multiple lines).

> Artifacts written to /home/fabianorodrigo/Projetos/bitbucket/solidity-test/workdir/mvp/coverageEnv/build/contracts
> Compiled successfully using:
   - solc: 0.4.24+commit.e67f0147.Emscripten.clang

Launched testrpc on port 8555
Running: truffle test --network coverage 
(this can take a few seconds)...
Using network 'coverage'.


Compiling your contracts...
===========================
> Everything is up to date, there is nothing to compile.


[0m[0m
[0m  Contract: Heap[0m
  [32m  ✓[0m[90m Should execute insert(uint256) WHEN msg.sender==owner[0m[33m (75ms)[0m
  [32m  ✓[0m[90m Should fail insert(uint256) when NOT comply with: msg.sender == owner[0m[33m (52ms)[0m
  [31m  1) Should execute removeMax() WHEN msg.sender==owner,heap.length>1[0m

    Events emitted during test:
    ---------------------------

    OwnershipTransferred(previousOwner: <indexed> 0x0000000000000000000000000000000000000000 (address), newOwner: <indexed> 0x6aa875855e3F7A3F947b75885386aB85dA224797 (address))

    ---------------------------
  [32m  ✓[0m[90m Should fail removeMax() when NOT comply with: msg.sender == owner[0m[31m (121ms)[0m
  [32m  ✓[0m[90m Should fail removeMax() when NOT comply with: heap.length > 1[0m[33m (57ms)[0m
  [32m  ✓[0m[90m Should execute getHeap()[0m
  [31m  2) Should execute getMax()[0m

    Events emitted during test:
    ---------------------------

    OwnershipTransferred(previousOwner: <indexed> 0x0000000000000000000000000000000000000000 (address), newOwner: <indexed> 0x6aa875855e3F7A3F947b75885386aB85dA224797 (address))

    ---------------------------


[92m [0m[32m 5 passing[0m[90m (3s)[0m
[31m  2 failing[0m

[0m  1) Contract: Heap
       Should execute removeMax() WHEN msg.sender==owner,heap.length>1:
[0m[31m     Error: Returned error: VM Exception while processing transaction: revert[0m[90m
      at Object.ErrorResponse (/home/fabianorodrigo/.nvm/versions/node/v10.15.3/pnpm-global/4/node_modules/.pnpm/truffle@5.0.27/node_modules/truffle/build/webpack:/~/web3-core-requestmanager/~/web3-core-helpers/src/errors.js:29:1)
      at /home/fabianorodrigo/.nvm/versions/node/v10.15.3/pnpm-global/4/node_modules/.pnpm/truffle@5.0.27/node_modules/truffle/build/webpack:/~/web3-core-requestmanager/src/index.js:140:1
      at /home/fabianorodrigo/.nvm/versions/node/v10.15.3/pnpm-global/4/node_modules/.pnpm/truffle@5.0.27/node_modules/truffle/build/webpack:/packages/truffle-provider/wrapper.js:112:1
      at XMLHttpRequest.request.onreadystatechange (/home/fabianorodrigo/.nvm/versions/node/v10.15.3/pnpm-global/4/node_modules/.pnpm/truffle@5.0.27/node_modules/truffle/build/webpack:/~/web3-providers-http/src/index.js:96:1)
      at XMLHttpRequestEventTarget.dispatchEvent (/home/fabianorodrigo/.nvm/versions/node/v10.15.3/pnpm-global/4/node_modules/.pnpm/truffle@5.0.27/node_modules/truffle/build/webpack:/~/xhr2-cookies/dist/xml-http-request-event-target.js:34:1)
      at XMLHttpRequest._setReadyState (/home/fabianorodrigo/.nvm/versions/node/v10.15.3/pnpm-global/4/node_modules/.pnpm/truffle@5.0.27/node_modules/truffle/build/webpack:/~/xhr2-cookies/dist/xml-http-request.js:208:1)
      at XMLHttpRequest._onHttpResponseEnd (/home/fabianorodrigo/.nvm/versions/node/v10.15.3/pnpm-global/4/node_modules/.pnpm/truffle@5.0.27/node_modules/truffle/build/webpack:/~/xhr2-cookies/dist/xml-http-request.js:318:1)
      at IncomingMessage.<anonymous> (/home/fabianorodrigo/.nvm/versions/node/v10.15.3/pnpm-global/4/node_modules/.pnpm/truffle@5.0.27/node_modules/truffle/build/webpack:/~/xhr2-cookies/dist/xml-http-request.js:289:47)
      at endReadableNT (_stream_readable.js:1125:12)
      at process._tickCallback (internal/process/next_tick.js:63:19)
[0m
[0m  2) Contract: Heap
       Should execute getMax():
[0m[31m     Error: Returned error: VM Exception while processing transaction: invalid opcode[0m[90m
      at Object.ErrorResponse (/home/fabianorodrigo/.nvm/versions/node/v10.15.3/pnpm-global/4/node_modules/.pnpm/truffle@5.0.27/node_modules/truffle/build/webpack:/~/web3-core-requestmanager/~/web3-core-helpers/src/errors.js:29:1)
      at /home/fabianorodrigo/.nvm/versions/node/v10.15.3/pnpm-global/4/node_modules/.pnpm/truffle@5.0.27/node_modules/truffle/build/webpack:/~/web3-core-requestmanager/src/index.js:140:1
      at /home/fabianorodrigo/.nvm/versions/node/v10.15.3/pnpm-global/4/node_modules/.pnpm/truffle@5.0.27/node_modules/truffle/build/webpack:/packages/truffle-provider/wrapper.js:112:1
      at XMLHttpRequest.request.onreadystatechange (/home/fabianorodrigo/.nvm/versions/node/v10.15.3/pnpm-global/4/node_modules/.pnpm/truffle@5.0.27/node_modules/truffle/build/webpack:/~/web3-providers-http/src/index.js:96:1)
      at XMLHttpRequestEventTarget.dispatchEvent (/home/fabianorodrigo/.nvm/versions/node/v10.15.3/pnpm-global/4/node_modules/.pnpm/truffle@5.0.27/node_modules/truffle/build/webpack:/~/xhr2-cookies/dist/xml-http-request-event-target.js:34:1)
      at XMLHttpRequest._setReadyState (/home/fabianorodrigo/.nvm/versions/node/v10.15.3/pnpm-global/4/node_modules/.pnpm/truffle@5.0.27/node_modules/truffle/build/webpack:/~/xhr2-cookies/dist/xml-http-request.js:208:1)
      at XMLHttpRequest._onHttpResponseEnd (/home/fabianorodrigo/.nvm/versions/node/v10.15.3/pnpm-global/4/node_modules/.pnpm/truffle@5.0.27/node_modules/truffle/build/webpack:/~/xhr2-cookies/dist/xml-http-request.js:318:1)
      at IncomingMessage.<anonymous> (/home/fabianorodrigo/.nvm/versions/node/v10.15.3/pnpm-global/4/node_modules/.pnpm/truffle@5.0.27/node_modules/truffle/build/webpack:/~/xhr2-cookies/dist/xml-http-request.js:289:47)
      at endReadableNT (_stream_readable.js:1125:12)
      at process._tickCallback (internal/process/next_tick.js:63:19)
[0m


----------------|----------|----------|----------|----------|----------------|
File            |  % Stmts | % Branch |  % Funcs |  % Lines |Uncovered Lines |
----------------|----------|----------|----------|----------|----------------|
 contracts/     |       36 |     37.5 |      100 |    37.04 |                |
  Heap.sol      |       36 |     37.5 |      100 |    37.04 |... 77,81,84,87 |
  PlasmaMVP.sol |      100 |      100 |      100 |      100 |                |
----------------|----------|----------|----------|----------|----------------|
All files       |       36 |     37.5 |      100 |    37.04 |                |
----------------|----------|----------|----------|----------|----------------|

Istanbul coverage reports generated
Cleaning up...
Shutting down testrpc-sc (pid 421802)
Some truffle tests failed while running coverage
